2022-06-23 11:54:46.295 [main][4218] DEBUG io.netty.util.internal.logging.InternalLoggerFactory - Using Log4J2 as the default logging framework
2022-06-23 11:54:46.308 [main][4231] DEBUG io.netty.util.ResourceLeakDetector - -Dio.netty.leakDetection.level: simple
2022-06-23 11:54:46.308 [main][4231] DEBUG io.netty.util.ResourceLeakDetector - -Dio.netty.leakDetection.targetRecords: 4
2022-06-23 11:54:46.314 [main][4237] DEBUG io.netty.util.ResourceLeakDetectorFactory - Loaded default ResourceLeakDetector: io.netty.util.ResourceLeakDetector@3414a8c3
2022-06-23 11:54:46.347 [main][4270] DEBUG io.netty.util.internal.PlatformDependent0 - -Dio.netty.noUnsafe: false
2022-06-23 11:54:46.348 [main][4271] DEBUG io.netty.util.internal.PlatformDependent0 - Java version: 11
2022-06-23 11:54:46.352 [main][4275] DEBUG io.netty.util.internal.PlatformDependent0 - sun.misc.Unsafe.theUnsafe: available
2022-06-23 11:54:46.353 [main][4276] DEBUG io.netty.util.internal.PlatformDependent0 - sun.misc.Unsafe.copyMemory: available
2022-06-23 11:54:46.354 [main][4277] DEBUG io.netty.util.internal.PlatformDependent0 - sun.misc.Unsafe.storeFence: available
2022-06-23 11:54:46.354 [main][4277] DEBUG io.netty.util.internal.PlatformDependent0 - java.nio.Buffer.address: available
2022-06-23 11:54:46.375 [main][4298] DEBUG io.netty.util.internal.PlatformDependent0 - direct buffer constructor: unavailable: Reflective setAccessible(true) disabled
2022-06-23 11:54:46.378 [main][4301] DEBUG io.netty.util.internal.PlatformDependent0 - java.nio.Bits.unaligned: available, true
2022-06-23 11:54:46.380 [main][4303] DEBUG io.netty.util.internal.PlatformDependent0 - jdk.internal.misc.Unsafe.allocateUninitializedArray(int): unavailable: class io.netty.util.internal.PlatformDependent0$7 cannot access class jdk.internal.misc.Unsafe (in module java.base) because module java.base does not export jdk.internal.misc to unnamed module @2657d4dd
2022-06-23 11:54:46.381 [main][4304] DEBUG io.netty.util.internal.PlatformDependent0 - java.nio.DirectByteBuffer.<init>(long, int): unavailable
2022-06-23 11:54:46.382 [main][4305] DEBUG io.netty.util.internal.PlatformDependent - sun.misc.Unsafe: available
2022-06-23 11:54:46.382 [main][4305] DEBUG io.netty.util.internal.PlatformDependent - maxDirectMemory: 2147483648 bytes (maybe)
2022-06-23 11:54:46.382 [main][4305] DEBUG io.netty.util.internal.PlatformDependent - -Dio.netty.tmpdir: /var/folders/03/72hdn4qx7nj7g7kkk2s_2bcr0000gn/T (java.io.tmpdir)
2022-06-23 11:54:46.383 [main][4306] DEBUG io.netty.util.internal.PlatformDependent - -Dio.netty.bitMode: 64 (sun.arch.data.model)
2022-06-23 11:54:46.383 [main][4306] DEBUG io.netty.util.internal.PlatformDependent - Platform: MacOS
2022-06-23 11:54:46.384 [main][4307] DEBUG io.netty.util.internal.PlatformDependent - -Dio.netty.maxDirectMemory: -1 bytes
2022-06-23 11:54:46.384 [main][4307] DEBUG io.netty.util.internal.PlatformDependent - -Dio.netty.uninitializedArrayAllocationThreshold: -1
2022-06-23 11:54:46.385 [main][4308] DEBUG io.netty.util.internal.CleanerJava9 - java.nio.ByteBuffer.cleaner(): available
2022-06-23 11:54:46.385 [main][4308] DEBUG io.netty.util.internal.PlatformDependent - -Dio.netty.noPreferDirect: false
2022-06-23 11:54:46.393 [main][4316] DEBUG io.netty.util.internal.PlatformDependent - org.jctools-core.MpscChunkedArrayQueue: available
2022-06-23 11:54:46.420 [main][4343] DEBUG io.netty.util.internal.InternalThreadLocalMap - -Dio.netty.threadLocalMap.stringBuilder.initialSize: 1024
2022-06-23 11:54:46.420 [main][4343] DEBUG io.netty.util.internal.InternalThreadLocalMap - -Dio.netty.threadLocalMap.stringBuilder.maxSize: 4096
2022-06-23 11:54:46.449 [main][4372] DEBUG io.netty.handler.ssl.JdkSslContext - Default protocols (JDK): [TLSv1.3, TLSv1.2, TLSv1.1, TLSv1] 
2022-06-23 11:54:46.449 [main][4372] DEBUG io.netty.handler.ssl.JdkSslContext - Default cipher suites (JDK): [TLS_ECDHE_ECDSA_WITH_AES_256_GCM_SHA384, TLS_ECDHE_ECDSA_WITH_AES_128_GCM_SHA256, TLS_ECDHE_RSA_WITH_AES_128_GCM_SHA256, TLS_ECDHE_RSA_WITH_AES_256_GCM_SHA384, TLS_ECDHE_RSA_WITH_AES_128_CBC_SHA, TLS_ECDHE_RSA_WITH_AES_256_CBC_SHA, TLS_RSA_WITH_AES_128_GCM_SHA256, TLS_RSA_WITH_AES_128_CBC_SHA, TLS_RSA_WITH_AES_256_CBC_SHA, TLS_AES_128_GCM_SHA256, TLS_AES_256_GCM_SHA384]
2022-06-23 11:54:46.474 [main][4397] DEBUG io.netty.channel.MultithreadEventLoopGroup - -Dio.netty.eventLoopThreads: 8
2022-06-23 11:54:46.482 [main][4405] DEBUG io.netty.channel.nio.NioEventLoop - -Dio.netty.noKeySetOptimization: false
2022-06-23 11:54:46.482 [main][4405] DEBUG io.netty.channel.nio.NioEventLoop - -Dio.netty.selectorAutoRebuildThreshold: 512
2022-06-23 11:54:46.529 [main][4452] DEBUG io.netty.buffer.PooledByteBufAllocator - -Dio.netty.allocator.numHeapArenas: 8
2022-06-23 11:54:46.530 [main][4453] DEBUG io.netty.buffer.PooledByteBufAllocator - -Dio.netty.allocator.numDirectArenas: 8
2022-06-23 11:54:46.530 [main][4453] DEBUG io.netty.buffer.PooledByteBufAllocator - -Dio.netty.allocator.pageSize: 8192
2022-06-23 11:54:46.530 [main][4453] DEBUG io.netty.buffer.PooledByteBufAllocator - -Dio.netty.allocator.maxOrder: 9
2022-06-23 11:54:46.530 [main][4453] DEBUG io.netty.buffer.PooledByteBufAllocator - -Dio.netty.allocator.chunkSize: 4194304
2022-06-23 11:54:46.530 [main][4453] DEBUG io.netty.buffer.PooledByteBufAllocator - -Dio.netty.allocator.smallCacheSize: 256
2022-06-23 11:54:46.530 [main][4453] DEBUG io.netty.buffer.PooledByteBufAllocator - -Dio.netty.allocator.normalCacheSize: 64
2022-06-23 11:54:46.530 [main][4453] DEBUG io.netty.buffer.PooledByteBufAllocator - -Dio.netty.allocator.maxCachedBufferCapacity: 32768
2022-06-23 11:54:46.530 [main][4453] DEBUG io.netty.buffer.PooledByteBufAllocator - -Dio.netty.allocator.cacheTrimInterval: 8192
2022-06-23 11:54:46.530 [main][4453] DEBUG io.netty.buffer.PooledByteBufAllocator - -Dio.netty.allocator.cacheTrimIntervalMillis: 0
2022-06-23 11:54:46.530 [main][4453] DEBUG io.netty.buffer.PooledByteBufAllocator - -Dio.netty.allocator.useCacheForAllThreads: false
2022-06-23 11:54:46.531 [main][4454] DEBUG io.netty.buffer.PooledByteBufAllocator - -Dio.netty.allocator.maxCachedByteBuffersPerChunk: 1023
2022-06-23 11:54:46.542 [main][4465] DEBUG io.netty.buffer.ByteBufUtil - -Dio.netty.allocator.type: pooled
2022-06-23 11:54:46.542 [main][4465] DEBUG io.netty.buffer.ByteBufUtil - -Dio.netty.threadLocalDirectBufferSize: 0
2022-06-23 11:54:46.542 [main][4465] DEBUG io.netty.buffer.ByteBufUtil - -Dio.netty.maxThreadLocalCharBufferSize: 16384
2022-06-23 11:54:46.866 [Forwarding newSession on session null to remote][4789] DEBUG io.netty.channel.DefaultChannelId - -Dio.netty.processId: 3483 (auto-detected)
2022-06-23 11:54:46.869 [Forwarding newSession on session null to remote][4792] DEBUG io.netty.util.NetUtil - -Djava.net.preferIPv4Stack: false
2022-06-23 11:54:46.869 [Forwarding newSession on session null to remote][4792] DEBUG io.netty.util.NetUtil - -Djava.net.preferIPv6Addresses: false
2022-06-23 11:54:46.877 [Forwarding newSession on session null to remote][4800] DEBUG io.netty.util.NetUtilInitializations - Loopback interface: lo0 (lo0, 0:0:0:0:0:0:0:1%lo0)
2022-06-23 11:54:46.879 [Forwarding newSession on session null to remote][4802] DEBUG io.netty.util.NetUtil - Failed to get SOMAXCONN from sysctl and file /proc/sys/net/core/somaxconn. Default: 128
2022-06-23 11:54:46.881 [Forwarding newSession on session null to remote][4804] DEBUG io.netty.channel.DefaultChannelId - -Dio.netty.machineId: f0:18:98:ff:fe:8b:3d:ac (auto-detected)
2022-06-23 11:54:46.937 [AsyncHttpClient-1-2][4860] DEBUG io.netty.buffer.AbstractByteBuf - -Dio.netty.buffer.checkAccessible: true
2022-06-23 11:54:46.937 [AsyncHttpClient-1-2][4860] DEBUG io.netty.buffer.AbstractByteBuf - -Dio.netty.buffer.checkBounds: true
2022-06-23 11:54:46.937 [AsyncHttpClient-1-2][4860] DEBUG io.netty.util.ResourceLeakDetectorFactory - Loaded default ResourceLeakDetector: io.netty.util.ResourceLeakDetector@1c28d731
2022-06-23 11:54:46.964 [AsyncHttpClient-1-2][4887] DEBUG io.netty.util.Recycler - -Dio.netty.recycler.maxCapacityPerThread: 4096
2022-06-23 11:54:46.964 [AsyncHttpClient-1-2][4887] DEBUG io.netty.util.Recycler - -Dio.netty.recycler.ratio: 8
2022-06-23 11:54:46.964 [AsyncHttpClient-1-2][4887] DEBUG io.netty.util.Recycler - -Dio.netty.recycler.chunkSize: 32
2022-06-23 11:54:46.965 [AsyncHttpClient-1-2][4888] DEBUG io.netty.util.Recycler - -Dio.netty.recycler.blocking: false
2022-06-23 11:54:48.760 [AsyncHttpClient-1-2][6683] DEBUG io.netty.handler.codec.compression.Brotli - brotli4j not in the classpath; Brotli support will be unavailable.
2022-06-23 11:54:49.018 [main][6941] DEBUG io.netty.util.internal.ThreadLocalRandom - -Dio.netty.initialSeedUniquifier: 0x8925973f3ebe5ce4
2022-06-23 11:55:05.108 [main][23031] INFO  step_definitions.LoginSteps - User is in the Login Page
2022-06-23 11:55:20.609 [main][38532] INFO  step_definitions.LoginSteps - User has entered invalid credentials
2022-06-23 11:55:20.743 [main][38666] INFO  step_definitions.LoginSteps - User clicked on Login Button
