2022-06-23 12:55:31.691 [main][2958] DEBUG io.netty.util.internal.logging.InternalLoggerFactory - Using Log4J2 as the default logging framework
2022-06-23 12:55:31.700 [main][2967] DEBUG io.netty.util.ResourceLeakDetector - -Dio.netty.leakDetection.level: simple
2022-06-23 12:55:31.700 [main][2967] DEBUG io.netty.util.ResourceLeakDetector - -Dio.netty.leakDetection.targetRecords: 4
2022-06-23 12:55:31.707 [main][2974] DEBUG io.netty.util.ResourceLeakDetectorFactory - Loaded default ResourceLeakDetector: io.netty.util.ResourceLeakDetector@65a48602
2022-06-23 12:55:31.732 [main][2999] DEBUG io.netty.util.internal.PlatformDependent0 - -Dio.netty.noUnsafe: false
2022-06-23 12:55:31.732 [main][2999] DEBUG io.netty.util.internal.PlatformDependent0 - Java version: 11
2022-06-23 12:55:31.734 [main][3001] DEBUG io.netty.util.internal.PlatformDependent0 - sun.misc.Unsafe.theUnsafe: available
2022-06-23 12:55:31.735 [main][3002] DEBUG io.netty.util.internal.PlatformDependent0 - sun.misc.Unsafe.copyMemory: available
2022-06-23 12:55:31.736 [main][3003] DEBUG io.netty.util.internal.PlatformDependent0 - sun.misc.Unsafe.storeFence: available
2022-06-23 12:55:31.736 [main][3003] DEBUG io.netty.util.internal.PlatformDependent0 - java.nio.Buffer.address: available
2022-06-23 12:55:31.737 [main][3004] DEBUG io.netty.util.internal.PlatformDependent0 - direct buffer constructor: unavailable: Reflective setAccessible(true) disabled
2022-06-23 12:55:31.738 [main][3005] DEBUG io.netty.util.internal.PlatformDependent0 - java.nio.Bits.unaligned: available, true
2022-06-23 12:55:31.739 [main][3006] DEBUG io.netty.util.internal.PlatformDependent0 - jdk.internal.misc.Unsafe.allocateUninitializedArray(int): unavailable: class io.netty.util.internal.PlatformDependent0$7 cannot access class jdk.internal.misc.Unsafe (in module java.base) because module java.base does not export jdk.internal.misc to unnamed module @660acfb
2022-06-23 12:55:31.740 [main][3007] DEBUG io.netty.util.internal.PlatformDependent0 - java.nio.DirectByteBuffer.<init>(long, int): unavailable
2022-06-23 12:55:31.740 [main][3007] DEBUG io.netty.util.internal.PlatformDependent - sun.misc.Unsafe: available
2022-06-23 12:55:31.741 [main][3008] DEBUG io.netty.util.internal.PlatformDependent - maxDirectMemory: 2147483648 bytes (maybe)
2022-06-23 12:55:31.741 [main][3008] DEBUG io.netty.util.internal.PlatformDependent - -Dio.netty.tmpdir: /var/folders/03/72hdn4qx7nj7g7kkk2s_2bcr0000gn/T (java.io.tmpdir)
2022-06-23 12:55:31.741 [main][3008] DEBUG io.netty.util.internal.PlatformDependent - -Dio.netty.bitMode: 64 (sun.arch.data.model)
2022-06-23 12:55:31.741 [main][3008] DEBUG io.netty.util.internal.PlatformDependent - Platform: MacOS
2022-06-23 12:55:31.742 [main][3009] DEBUG io.netty.util.internal.PlatformDependent - -Dio.netty.maxDirectMemory: -1 bytes
2022-06-23 12:55:31.743 [main][3010] DEBUG io.netty.util.internal.PlatformDependent - -Dio.netty.uninitializedArrayAllocationThreshold: -1
2022-06-23 12:55:31.743 [main][3010] DEBUG io.netty.util.internal.CleanerJava9 - java.nio.ByteBuffer.cleaner(): available
2022-06-23 12:55:31.744 [main][3011] DEBUG io.netty.util.internal.PlatformDependent - -Dio.netty.noPreferDirect: false
2022-06-23 12:55:31.750 [main][3017] DEBUG io.netty.util.internal.PlatformDependent - org.jctools-core.MpscChunkedArrayQueue: available
2022-06-23 12:55:31.776 [main][3043] DEBUG io.netty.util.internal.InternalThreadLocalMap - -Dio.netty.threadLocalMap.stringBuilder.initialSize: 1024
2022-06-23 12:55:31.776 [main][3043] DEBUG io.netty.util.internal.InternalThreadLocalMap - -Dio.netty.threadLocalMap.stringBuilder.maxSize: 4096
2022-06-23 12:55:31.804 [main][3071] DEBUG io.netty.handler.ssl.JdkSslContext - Default protocols (JDK): [TLSv1.3, TLSv1.2, TLSv1.1, TLSv1] 
2022-06-23 12:55:31.804 [main][3071] DEBUG io.netty.handler.ssl.JdkSslContext - Default cipher suites (JDK): [TLS_ECDHE_ECDSA_WITH_AES_256_GCM_SHA384, TLS_ECDHE_ECDSA_WITH_AES_128_GCM_SHA256, TLS_ECDHE_RSA_WITH_AES_128_GCM_SHA256, TLS_ECDHE_RSA_WITH_AES_256_GCM_SHA384, TLS_ECDHE_RSA_WITH_AES_128_CBC_SHA, TLS_ECDHE_RSA_WITH_AES_256_CBC_SHA, TLS_RSA_WITH_AES_128_GCM_SHA256, TLS_RSA_WITH_AES_128_CBC_SHA, TLS_RSA_WITH_AES_256_CBC_SHA, TLS_AES_128_GCM_SHA256, TLS_AES_256_GCM_SHA384]
2022-06-23 12:55:31.844 [main][3111] DEBUG io.netty.channel.MultithreadEventLoopGroup - -Dio.netty.eventLoopThreads: 8
2022-06-23 12:55:31.854 [main][3121] DEBUG io.netty.channel.nio.NioEventLoop - -Dio.netty.noKeySetOptimization: false
2022-06-23 12:55:31.854 [main][3121] DEBUG io.netty.channel.nio.NioEventLoop - -Dio.netty.selectorAutoRebuildThreshold: 512
2022-06-23 12:55:31.906 [main][3173] DEBUG io.netty.buffer.PooledByteBufAllocator - -Dio.netty.allocator.numHeapArenas: 8
2022-06-23 12:55:31.906 [main][3173] DEBUG io.netty.buffer.PooledByteBufAllocator - -Dio.netty.allocator.numDirectArenas: 8
2022-06-23 12:55:31.906 [main][3173] DEBUG io.netty.buffer.PooledByteBufAllocator - -Dio.netty.allocator.pageSize: 8192
2022-06-23 12:55:31.906 [main][3173] DEBUG io.netty.buffer.PooledByteBufAllocator - -Dio.netty.allocator.maxOrder: 9
2022-06-23 12:55:31.906 [main][3173] DEBUG io.netty.buffer.PooledByteBufAllocator - -Dio.netty.allocator.chunkSize: 4194304
2022-06-23 12:55:31.906 [main][3173] DEBUG io.netty.buffer.PooledByteBufAllocator - -Dio.netty.allocator.smallCacheSize: 256
2022-06-23 12:55:31.906 [main][3173] DEBUG io.netty.buffer.PooledByteBufAllocator - -Dio.netty.allocator.normalCacheSize: 64
2022-06-23 12:55:31.907 [main][3174] DEBUG io.netty.buffer.PooledByteBufAllocator - -Dio.netty.allocator.maxCachedBufferCapacity: 32768
2022-06-23 12:55:31.907 [main][3174] DEBUG io.netty.buffer.PooledByteBufAllocator - -Dio.netty.allocator.cacheTrimInterval: 8192
2022-06-23 12:55:31.907 [main][3174] DEBUG io.netty.buffer.PooledByteBufAllocator - -Dio.netty.allocator.cacheTrimIntervalMillis: 0
2022-06-23 12:55:31.907 [main][3174] DEBUG io.netty.buffer.PooledByteBufAllocator - -Dio.netty.allocator.useCacheForAllThreads: false
2022-06-23 12:55:31.907 [main][3174] DEBUG io.netty.buffer.PooledByteBufAllocator - -Dio.netty.allocator.maxCachedByteBuffersPerChunk: 1023
2022-06-23 12:55:31.922 [main][3189] DEBUG io.netty.buffer.ByteBufUtil - -Dio.netty.allocator.type: pooled
2022-06-23 12:55:31.923 [main][3190] DEBUG io.netty.buffer.ByteBufUtil - -Dio.netty.threadLocalDirectBufferSize: 0
2022-06-23 12:55:31.923 [main][3190] DEBUG io.netty.buffer.ByteBufUtil - -Dio.netty.maxThreadLocalCharBufferSize: 16384
2022-06-23 12:55:32.206 [Forwarding newSession on session null to remote][3473] DEBUG io.netty.channel.DefaultChannelId - -Dio.netty.processId: 4809 (auto-detected)
2022-06-23 12:55:32.209 [Forwarding newSession on session null to remote][3476] DEBUG io.netty.util.NetUtil - -Djava.net.preferIPv4Stack: false
2022-06-23 12:55:32.209 [Forwarding newSession on session null to remote][3476] DEBUG io.netty.util.NetUtil - -Djava.net.preferIPv6Addresses: false
2022-06-23 12:55:32.217 [Forwarding newSession on session null to remote][3484] DEBUG io.netty.util.NetUtilInitializations - Loopback interface: lo0 (lo0, 0:0:0:0:0:0:0:1%lo0)
2022-06-23 12:55:32.218 [Forwarding newSession on session null to remote][3485] DEBUG io.netty.util.NetUtil - Failed to get SOMAXCONN from sysctl and file /proc/sys/net/core/somaxconn. Default: 128
2022-06-23 12:55:32.221 [Forwarding newSession on session null to remote][3488] DEBUG io.netty.channel.DefaultChannelId - -Dio.netty.machineId: f0:18:98:ff:fe:8b:3d:ac (auto-detected)
2022-06-23 12:55:32.288 [AsyncHttpClient-1-2][3555] DEBUG io.netty.buffer.AbstractByteBuf - -Dio.netty.buffer.checkAccessible: true
2022-06-23 12:55:32.288 [AsyncHttpClient-1-2][3555] DEBUG io.netty.buffer.AbstractByteBuf - -Dio.netty.buffer.checkBounds: true
2022-06-23 12:55:32.288 [AsyncHttpClient-1-2][3555] DEBUG io.netty.util.ResourceLeakDetectorFactory - Loaded default ResourceLeakDetector: io.netty.util.ResourceLeakDetector@5e7836fb
2022-06-23 12:55:32.319 [AsyncHttpClient-1-2][3586] DEBUG io.netty.util.Recycler - -Dio.netty.recycler.maxCapacityPerThread: 4096
2022-06-23 12:55:32.319 [AsyncHttpClient-1-2][3586] DEBUG io.netty.util.Recycler - -Dio.netty.recycler.ratio: 8
2022-06-23 12:55:32.319 [AsyncHttpClient-1-2][3586] DEBUG io.netty.util.Recycler - -Dio.netty.recycler.chunkSize: 32
2022-06-23 12:55:32.319 [AsyncHttpClient-1-2][3586] DEBUG io.netty.util.Recycler - -Dio.netty.recycler.blocking: false
2022-06-23 12:55:33.713 [AsyncHttpClient-1-2][4980] DEBUG io.netty.handler.codec.compression.Brotli - brotli4j not in the classpath; Brotli support will be unavailable.
2022-06-23 12:55:33.970 [main][5237] DEBUG io.netty.util.internal.ThreadLocalRandom - -Dio.netty.initialSeedUniquifier: 0x52378400fc351e03
2022-06-23 12:55:49.377 [main][20644] INFO  step_definitions.LinkValidationSteps - User is in the Home Page
2022-06-23 12:55:50.895 [main][22162] INFO  step_definitions.LinkValidationSteps - User clicked the Furniture link
2022-06-23 12:55:51.030 [main][22297] INFO  step_definitions.LinkValidationSteps - User is navigated to Furniture page
2022-06-23 12:56:08.047 [main][39314] INFO  step_definitions.LinkValidationSteps - User is in the Home Page
2022-06-23 12:56:08.759 [main][40026] INFO  step_definitions.LinkValidationSteps - User clicks the Notifications link
2022-06-23 12:56:08.938 [main][40205] INFO  step_definitions.LinkValidationSteps - Notifications sliding window comes up
