2022-06-24 11:01:52.913 [main][3836] DEBUG io.netty.util.internal.logging.InternalLoggerFactory - Using Log4J2 as the default logging framework
2022-06-24 11:01:52.922 [main][3845] DEBUG io.netty.util.ResourceLeakDetector - -Dio.netty.leakDetection.level: simple
2022-06-24 11:01:52.923 [main][3846] DEBUG io.netty.util.ResourceLeakDetector - -Dio.netty.leakDetection.targetRecords: 4
2022-06-24 11:01:52.926 [main][3849] DEBUG io.netty.util.ResourceLeakDetectorFactory - Loaded default ResourceLeakDetector: io.netty.util.ResourceLeakDetector@597f0937
2022-06-24 11:01:52.950 [main][3873] DEBUG io.netty.util.internal.PlatformDependent0 - -Dio.netty.noUnsafe: false
2022-06-24 11:01:52.950 [main][3873] DEBUG io.netty.util.internal.PlatformDependent0 - Java version: 11
2022-06-24 11:01:52.952 [main][3875] DEBUG io.netty.util.internal.PlatformDependent0 - sun.misc.Unsafe.theUnsafe: available
2022-06-24 11:01:52.953 [main][3876] DEBUG io.netty.util.internal.PlatformDependent0 - sun.misc.Unsafe.copyMemory: available
2022-06-24 11:01:52.953 [main][3876] DEBUG io.netty.util.internal.PlatformDependent0 - sun.misc.Unsafe.storeFence: available
2022-06-24 11:01:52.954 [main][3877] DEBUG io.netty.util.internal.PlatformDependent0 - java.nio.Buffer.address: available
2022-06-24 11:01:52.954 [main][3877] DEBUG io.netty.util.internal.PlatformDependent0 - direct buffer constructor: unavailable: Reflective setAccessible(true) disabled
2022-06-24 11:01:52.954 [main][3877] DEBUG io.netty.util.internal.PlatformDependent0 - java.nio.Bits.unaligned: available, true
2022-06-24 11:01:52.956 [main][3879] DEBUG io.netty.util.internal.PlatformDependent0 - jdk.internal.misc.Unsafe.allocateUninitializedArray(int): unavailable: class io.netty.util.internal.PlatformDependent0$7 cannot access class jdk.internal.misc.Unsafe (in module java.base) because module java.base does not export jdk.internal.misc to unnamed module @465232e9
2022-06-24 11:01:52.957 [main][3880] DEBUG io.netty.util.internal.PlatformDependent0 - java.nio.DirectByteBuffer.<init>(long, int): unavailable
2022-06-24 11:01:52.957 [main][3880] DEBUG io.netty.util.internal.PlatformDependent - sun.misc.Unsafe: available
2022-06-24 11:01:52.957 [main][3880] DEBUG io.netty.util.internal.PlatformDependent - maxDirectMemory: 2147483648 bytes (maybe)
2022-06-24 11:01:52.958 [main][3881] DEBUG io.netty.util.internal.PlatformDependent - -Dio.netty.tmpdir: /var/folders/03/72hdn4qx7nj7g7kkk2s_2bcr0000gn/T (java.io.tmpdir)
2022-06-24 11:01:52.958 [main][3881] DEBUG io.netty.util.internal.PlatformDependent - -Dio.netty.bitMode: 64 (sun.arch.data.model)
2022-06-24 11:01:52.958 [main][3881] DEBUG io.netty.util.internal.PlatformDependent - Platform: MacOS
2022-06-24 11:01:52.959 [main][3882] DEBUG io.netty.util.internal.PlatformDependent - -Dio.netty.maxDirectMemory: -1 bytes
2022-06-24 11:01:52.959 [main][3882] DEBUG io.netty.util.internal.PlatformDependent - -Dio.netty.uninitializedArrayAllocationThreshold: -1
2022-06-24 11:01:52.960 [main][3883] DEBUG io.netty.util.internal.CleanerJava9 - java.nio.ByteBuffer.cleaner(): available
2022-06-24 11:01:52.960 [main][3883] DEBUG io.netty.util.internal.PlatformDependent - -Dio.netty.noPreferDirect: false
2022-06-24 11:01:52.969 [main][3892] DEBUG io.netty.util.internal.PlatformDependent - org.jctools-core.MpscChunkedArrayQueue: available
2022-06-24 11:01:52.999 [main][3922] DEBUG io.netty.util.internal.InternalThreadLocalMap - -Dio.netty.threadLocalMap.stringBuilder.initialSize: 1024
2022-06-24 11:01:52.999 [main][3922] DEBUG io.netty.util.internal.InternalThreadLocalMap - -Dio.netty.threadLocalMap.stringBuilder.maxSize: 4096
2022-06-24 11:01:53.022 [main][3945] DEBUG io.netty.handler.ssl.JdkSslContext - Default protocols (JDK): [TLSv1.3, TLSv1.2, TLSv1.1, TLSv1] 
2022-06-24 11:01:53.023 [main][3946] DEBUG io.netty.handler.ssl.JdkSslContext - Default cipher suites (JDK): [TLS_ECDHE_ECDSA_WITH_AES_256_GCM_SHA384, TLS_ECDHE_ECDSA_WITH_AES_128_GCM_SHA256, TLS_ECDHE_RSA_WITH_AES_128_GCM_SHA256, TLS_ECDHE_RSA_WITH_AES_256_GCM_SHA384, TLS_ECDHE_RSA_WITH_AES_128_CBC_SHA, TLS_ECDHE_RSA_WITH_AES_256_CBC_SHA, TLS_RSA_WITH_AES_128_GCM_SHA256, TLS_RSA_WITH_AES_128_CBC_SHA, TLS_RSA_WITH_AES_256_CBC_SHA, TLS_AES_128_GCM_SHA256, TLS_AES_256_GCM_SHA384]
2022-06-24 11:01:53.055 [main][3978] DEBUG io.netty.channel.MultithreadEventLoopGroup - -Dio.netty.eventLoopThreads: 8
2022-06-24 11:01:53.064 [main][3987] DEBUG io.netty.channel.nio.NioEventLoop - -Dio.netty.noKeySetOptimization: false
2022-06-24 11:01:53.064 [main][3987] DEBUG io.netty.channel.nio.NioEventLoop - -Dio.netty.selectorAutoRebuildThreshold: 512
2022-06-24 11:01:53.101 [main][4024] DEBUG io.netty.buffer.PooledByteBufAllocator - -Dio.netty.allocator.numHeapArenas: 8
2022-06-24 11:01:53.101 [main][4024] DEBUG io.netty.buffer.PooledByteBufAllocator - -Dio.netty.allocator.numDirectArenas: 8
2022-06-24 11:01:53.102 [main][4025] DEBUG io.netty.buffer.PooledByteBufAllocator - -Dio.netty.allocator.pageSize: 8192
2022-06-24 11:01:53.102 [main][4025] DEBUG io.netty.buffer.PooledByteBufAllocator - -Dio.netty.allocator.maxOrder: 9
2022-06-24 11:01:53.102 [main][4025] DEBUG io.netty.buffer.PooledByteBufAllocator - -Dio.netty.allocator.chunkSize: 4194304
2022-06-24 11:01:53.102 [main][4025] DEBUG io.netty.buffer.PooledByteBufAllocator - -Dio.netty.allocator.smallCacheSize: 256
2022-06-24 11:01:53.102 [main][4025] DEBUG io.netty.buffer.PooledByteBufAllocator - -Dio.netty.allocator.normalCacheSize: 64
2022-06-24 11:01:53.102 [main][4025] DEBUG io.netty.buffer.PooledByteBufAllocator - -Dio.netty.allocator.maxCachedBufferCapacity: 32768
2022-06-24 11:01:53.102 [main][4025] DEBUG io.netty.buffer.PooledByteBufAllocator - -Dio.netty.allocator.cacheTrimInterval: 8192
2022-06-24 11:01:53.102 [main][4025] DEBUG io.netty.buffer.PooledByteBufAllocator - -Dio.netty.allocator.cacheTrimIntervalMillis: 0
2022-06-24 11:01:53.102 [main][4025] DEBUG io.netty.buffer.PooledByteBufAllocator - -Dio.netty.allocator.useCacheForAllThreads: false
2022-06-24 11:01:53.102 [main][4025] DEBUG io.netty.buffer.PooledByteBufAllocator - -Dio.netty.allocator.maxCachedByteBuffersPerChunk: 1023
2022-06-24 11:01:53.113 [main][4036] DEBUG io.netty.buffer.ByteBufUtil - -Dio.netty.allocator.type: pooled
2022-06-24 11:01:53.113 [main][4036] DEBUG io.netty.buffer.ByteBufUtil - -Dio.netty.threadLocalDirectBufferSize: 0
2022-06-24 11:01:53.113 [main][4036] DEBUG io.netty.buffer.ByteBufUtil - -Dio.netty.maxThreadLocalCharBufferSize: 16384
2022-06-24 11:01:53.445 [Forwarding newSession on session null to remote][4368] DEBUG io.netty.channel.DefaultChannelId - -Dio.netty.processId: 6679 (auto-detected)
2022-06-24 11:01:53.448 [Forwarding newSession on session null to remote][4371] DEBUG io.netty.util.NetUtil - -Djava.net.preferIPv4Stack: false
2022-06-24 11:01:53.448 [Forwarding newSession on session null to remote][4371] DEBUG io.netty.util.NetUtil - -Djava.net.preferIPv6Addresses: false
2022-06-24 11:01:53.459 [Forwarding newSession on session null to remote][4382] DEBUG io.netty.util.NetUtilInitializations - Loopback interface: lo0 (lo0, 0:0:0:0:0:0:0:1%lo0)
2022-06-24 11:01:53.460 [Forwarding newSession on session null to remote][4383] DEBUG io.netty.util.NetUtil - Failed to get SOMAXCONN from sysctl and file /proc/sys/net/core/somaxconn. Default: 128
2022-06-24 11:01:53.462 [Forwarding newSession on session null to remote][4385] DEBUG io.netty.channel.DefaultChannelId - -Dio.netty.machineId: f0:18:98:ff:fe:8b:3d:ac (auto-detected)
2022-06-24 11:01:53.523 [AsyncHttpClient-1-2][4446] DEBUG io.netty.buffer.AbstractByteBuf - -Dio.netty.buffer.checkAccessible: true
2022-06-24 11:01:53.525 [AsyncHttpClient-1-2][4448] DEBUG io.netty.buffer.AbstractByteBuf - -Dio.netty.buffer.checkBounds: true
2022-06-24 11:01:53.525 [AsyncHttpClient-1-2][4448] DEBUG io.netty.util.ResourceLeakDetectorFactory - Loaded default ResourceLeakDetector: io.netty.util.ResourceLeakDetector@622f3b5b
2022-06-24 11:01:53.554 [AsyncHttpClient-1-2][4477] DEBUG io.netty.util.Recycler - -Dio.netty.recycler.maxCapacityPerThread: 4096
2022-06-24 11:01:53.554 [AsyncHttpClient-1-2][4477] DEBUG io.netty.util.Recycler - -Dio.netty.recycler.ratio: 8
2022-06-24 11:01:53.554 [AsyncHttpClient-1-2][4477] DEBUG io.netty.util.Recycler - -Dio.netty.recycler.chunkSize: 32
2022-06-24 11:01:53.554 [AsyncHttpClient-1-2][4477] DEBUG io.netty.util.Recycler - -Dio.netty.recycler.blocking: false
2022-06-24 11:01:55.126 [AsyncHttpClient-1-2][6049] DEBUG io.netty.handler.codec.compression.Brotli - brotli4j not in the classpath; Brotli support will be unavailable.
2022-06-24 11:01:55.382 [main][6305] DEBUG io.netty.util.internal.ThreadLocalRandom - -Dio.netty.initialSeedUniquifier: 0x1b472ba94747bcde
2022-06-24 11:02:09.923 [main][20846] INFO  step_definitions.LinkValidationSteps - Closing pop-up window
2022-06-24 11:02:10.031 [main][20954] INFO  step_definitions.LinkValidationSteps - User is in the Home Page
2022-06-24 11:02:11.654 [main][22577] INFO  step_definitions.LinkValidationSteps - User clicked the Furniture link
2022-06-24 11:02:11.775 [main][22698] INFO  step_definitions.LinkValidationSteps - User is navigated to Furniture page
2022-06-24 11:02:27.898 [main][38821] INFO  step_definitions.LinkValidationSteps - Closing pop-up window
2022-06-24 11:02:27.989 [main][38912] INFO  step_definitions.LinkValidationSteps - User is in the Home Page
2022-06-24 11:02:28.376 [main][39299] INFO  step_definitions.LinkValidationSteps - User clicks the Notifications link
2022-06-24 11:02:44.532 [main][55455] INFO  step_definitions.LinkValidationSteps - Closing pop-up window
2022-06-24 11:02:44.749 [main][55672] INFO  step_definitions.LinkValidationSteps - User is in the Home Page
2022-06-24 11:02:45.325 [main][56248] INFO  step_definitions.LinkValidationSteps - user enters a product name into the search field
2022-06-24 11:02:48.195 [main][59118] INFO  step_definitions.LinkValidationSteps - click on search button
