2022-06-23 15:43:01.935 [main][3162] DEBUG io.netty.util.internal.logging.InternalLoggerFactory - Using Log4J2 as the default logging framework
2022-06-23 15:43:01.946 [main][3173] DEBUG io.netty.util.ResourceLeakDetector - -Dio.netty.leakDetection.level: simple
2022-06-23 15:43:01.946 [main][3173] DEBUG io.netty.util.ResourceLeakDetector - -Dio.netty.leakDetection.targetRecords: 4
2022-06-23 15:43:01.950 [main][3177] DEBUG io.netty.util.ResourceLeakDetectorFactory - Loaded default ResourceLeakDetector: io.netty.util.ResourceLeakDetector@65a48602
2022-06-23 15:43:01.968 [main][3195] DEBUG io.netty.util.internal.PlatformDependent0 - -Dio.netty.noUnsafe: false
2022-06-23 15:43:01.968 [main][3195] DEBUG io.netty.util.internal.PlatformDependent0 - Java version: 11
2022-06-23 15:43:01.970 [main][3197] DEBUG io.netty.util.internal.PlatformDependent0 - sun.misc.Unsafe.theUnsafe: available
2022-06-23 15:43:01.970 [main][3197] DEBUG io.netty.util.internal.PlatformDependent0 - sun.misc.Unsafe.copyMemory: available
2022-06-23 15:43:01.970 [main][3197] DEBUG io.netty.util.internal.PlatformDependent0 - sun.misc.Unsafe.storeFence: available
2022-06-23 15:43:01.971 [main][3198] DEBUG io.netty.util.internal.PlatformDependent0 - java.nio.Buffer.address: available
2022-06-23 15:43:01.971 [main][3198] DEBUG io.netty.util.internal.PlatformDependent0 - direct buffer constructor: unavailable: Reflective setAccessible(true) disabled
2022-06-23 15:43:01.972 [main][3199] DEBUG io.netty.util.internal.PlatformDependent0 - java.nio.Bits.unaligned: available, true
2022-06-23 15:43:01.973 [main][3200] DEBUG io.netty.util.internal.PlatformDependent0 - jdk.internal.misc.Unsafe.allocateUninitializedArray(int): unavailable: class io.netty.util.internal.PlatformDependent0$7 cannot access class jdk.internal.misc.Unsafe (in module java.base) because module java.base does not export jdk.internal.misc to unnamed module @660acfb
2022-06-23 15:43:01.974 [main][3201] DEBUG io.netty.util.internal.PlatformDependent0 - java.nio.DirectByteBuffer.<init>(long, int): unavailable
2022-06-23 15:43:01.974 [main][3201] DEBUG io.netty.util.internal.PlatformDependent - sun.misc.Unsafe: available
2022-06-23 15:43:01.974 [main][3201] DEBUG io.netty.util.internal.PlatformDependent - maxDirectMemory: 2147483648 bytes (maybe)
2022-06-23 15:43:01.974 [main][3201] DEBUG io.netty.util.internal.PlatformDependent - -Dio.netty.tmpdir: /var/folders/03/72hdn4qx7nj7g7kkk2s_2bcr0000gn/T (java.io.tmpdir)
2022-06-23 15:43:01.975 [main][3202] DEBUG io.netty.util.internal.PlatformDependent - -Dio.netty.bitMode: 64 (sun.arch.data.model)
2022-06-23 15:43:01.975 [main][3202] DEBUG io.netty.util.internal.PlatformDependent - Platform: MacOS
2022-06-23 15:43:01.975 [main][3202] DEBUG io.netty.util.internal.PlatformDependent - -Dio.netty.maxDirectMemory: -1 bytes
2022-06-23 15:43:01.975 [main][3202] DEBUG io.netty.util.internal.PlatformDependent - -Dio.netty.uninitializedArrayAllocationThreshold: -1
2022-06-23 15:43:01.976 [main][3203] DEBUG io.netty.util.internal.CleanerJava9 - java.nio.ByteBuffer.cleaner(): available
2022-06-23 15:43:01.977 [main][3204] DEBUG io.netty.util.internal.PlatformDependent - -Dio.netty.noPreferDirect: false
2022-06-23 15:43:01.982 [main][3209] DEBUG io.netty.util.internal.PlatformDependent - org.jctools-core.MpscChunkedArrayQueue: available
2022-06-23 15:43:02.005 [main][3232] DEBUG io.netty.util.internal.InternalThreadLocalMap - -Dio.netty.threadLocalMap.stringBuilder.initialSize: 1024
2022-06-23 15:43:02.005 [main][3232] DEBUG io.netty.util.internal.InternalThreadLocalMap - -Dio.netty.threadLocalMap.stringBuilder.maxSize: 4096
2022-06-23 15:43:02.028 [main][3255] DEBUG io.netty.handler.ssl.JdkSslContext - Default protocols (JDK): [TLSv1.3, TLSv1.2, TLSv1.1, TLSv1] 
2022-06-23 15:43:02.028 [main][3255] DEBUG io.netty.handler.ssl.JdkSslContext - Default cipher suites (JDK): [TLS_ECDHE_ECDSA_WITH_AES_256_GCM_SHA384, TLS_ECDHE_ECDSA_WITH_AES_128_GCM_SHA256, TLS_ECDHE_RSA_WITH_AES_128_GCM_SHA256, TLS_ECDHE_RSA_WITH_AES_256_GCM_SHA384, TLS_ECDHE_RSA_WITH_AES_128_CBC_SHA, TLS_ECDHE_RSA_WITH_AES_256_CBC_SHA, TLS_RSA_WITH_AES_128_GCM_SHA256, TLS_RSA_WITH_AES_128_CBC_SHA, TLS_RSA_WITH_AES_256_CBC_SHA, TLS_AES_128_GCM_SHA256, TLS_AES_256_GCM_SHA384]
2022-06-23 15:43:02.052 [main][3279] DEBUG io.netty.channel.MultithreadEventLoopGroup - -Dio.netty.eventLoopThreads: 8
2022-06-23 15:43:02.060 [main][3287] DEBUG io.netty.channel.nio.NioEventLoop - -Dio.netty.noKeySetOptimization: false
2022-06-23 15:43:02.060 [main][3287] DEBUG io.netty.channel.nio.NioEventLoop - -Dio.netty.selectorAutoRebuildThreshold: 512
2022-06-23 15:43:02.101 [main][3328] DEBUG io.netty.buffer.PooledByteBufAllocator - -Dio.netty.allocator.numHeapArenas: 8
2022-06-23 15:43:02.102 [main][3329] DEBUG io.netty.buffer.PooledByteBufAllocator - -Dio.netty.allocator.numDirectArenas: 8
2022-06-23 15:43:02.102 [main][3329] DEBUG io.netty.buffer.PooledByteBufAllocator - -Dio.netty.allocator.pageSize: 8192
2022-06-23 15:43:02.102 [main][3329] DEBUG io.netty.buffer.PooledByteBufAllocator - -Dio.netty.allocator.maxOrder: 9
2022-06-23 15:43:02.102 [main][3329] DEBUG io.netty.buffer.PooledByteBufAllocator - -Dio.netty.allocator.chunkSize: 4194304
2022-06-23 15:43:02.102 [main][3329] DEBUG io.netty.buffer.PooledByteBufAllocator - -Dio.netty.allocator.smallCacheSize: 256
2022-06-23 15:43:02.102 [main][3329] DEBUG io.netty.buffer.PooledByteBufAllocator - -Dio.netty.allocator.normalCacheSize: 64
2022-06-23 15:43:02.102 [main][3329] DEBUG io.netty.buffer.PooledByteBufAllocator - -Dio.netty.allocator.maxCachedBufferCapacity: 32768
2022-06-23 15:43:02.102 [main][3329] DEBUG io.netty.buffer.PooledByteBufAllocator - -Dio.netty.allocator.cacheTrimInterval: 8192
2022-06-23 15:43:02.102 [main][3329] DEBUG io.netty.buffer.PooledByteBufAllocator - -Dio.netty.allocator.cacheTrimIntervalMillis: 0
2022-06-23 15:43:02.102 [main][3329] DEBUG io.netty.buffer.PooledByteBufAllocator - -Dio.netty.allocator.useCacheForAllThreads: false
2022-06-23 15:43:02.102 [main][3329] DEBUG io.netty.buffer.PooledByteBufAllocator - -Dio.netty.allocator.maxCachedByteBuffersPerChunk: 1023
2022-06-23 15:43:02.115 [main][3342] DEBUG io.netty.buffer.ByteBufUtil - -Dio.netty.allocator.type: pooled
2022-06-23 15:43:02.116 [main][3343] DEBUG io.netty.buffer.ByteBufUtil - -Dio.netty.threadLocalDirectBufferSize: 0
2022-06-23 15:43:02.116 [main][3343] DEBUG io.netty.buffer.ByteBufUtil - -Dio.netty.maxThreadLocalCharBufferSize: 16384
2022-06-23 15:43:02.407 [Forwarding newSession on session null to remote][3634] DEBUG io.netty.channel.DefaultChannelId - -Dio.netty.processId: 5576 (auto-detected)
2022-06-23 15:43:02.411 [Forwarding newSession on session null to remote][3638] DEBUG io.netty.util.NetUtil - -Djava.net.preferIPv4Stack: false
2022-06-23 15:43:02.411 [Forwarding newSession on session null to remote][3638] DEBUG io.netty.util.NetUtil - -Djava.net.preferIPv6Addresses: false
2022-06-23 15:43:02.419 [Forwarding newSession on session null to remote][3646] DEBUG io.netty.util.NetUtilInitializations - Loopback interface: lo0 (lo0, 0:0:0:0:0:0:0:1%lo0)
2022-06-23 15:43:02.421 [Forwarding newSession on session null to remote][3648] DEBUG io.netty.util.NetUtil - Failed to get SOMAXCONN from sysctl and file /proc/sys/net/core/somaxconn. Default: 128
2022-06-23 15:43:02.424 [Forwarding newSession on session null to remote][3651] DEBUG io.netty.channel.DefaultChannelId - -Dio.netty.machineId: f0:18:98:ff:fe:8b:3d:ac (auto-detected)
2022-06-23 15:43:02.494 [AsyncHttpClient-1-2][3721] DEBUG io.netty.buffer.AbstractByteBuf - -Dio.netty.buffer.checkAccessible: true
2022-06-23 15:43:02.494 [AsyncHttpClient-1-2][3721] DEBUG io.netty.buffer.AbstractByteBuf - -Dio.netty.buffer.checkBounds: true
2022-06-23 15:43:02.494 [AsyncHttpClient-1-2][3721] DEBUG io.netty.util.ResourceLeakDetectorFactory - Loaded default ResourceLeakDetector: io.netty.util.ResourceLeakDetector@3d76d103
2022-06-23 15:43:02.527 [AsyncHttpClient-1-2][3754] DEBUG io.netty.util.Recycler - -Dio.netty.recycler.maxCapacityPerThread: 4096
2022-06-23 15:43:02.527 [AsyncHttpClient-1-2][3754] DEBUG io.netty.util.Recycler - -Dio.netty.recycler.ratio: 8
2022-06-23 15:43:02.527 [AsyncHttpClient-1-2][3754] DEBUG io.netty.util.Recycler - -Dio.netty.recycler.chunkSize: 32
2022-06-23 15:43:02.527 [AsyncHttpClient-1-2][3754] DEBUG io.netty.util.Recycler - -Dio.netty.recycler.blocking: false
2022-06-23 15:43:03.872 [AsyncHttpClient-1-2][5099] DEBUG io.netty.handler.codec.compression.Brotli - brotli4j not in the classpath; Brotli support will be unavailable.
2022-06-23 15:43:04.132 [main][5359] DEBUG io.netty.util.internal.ThreadLocalRandom - -Dio.netty.initialSeedUniquifier: 0xea740ffb4f03e66e
2022-06-23 15:43:18.782 [main][20009] INFO  step_definitions.LinkValidationSteps - Closing pop-up window
2022-06-23 15:43:18.865 [main][20092] INFO  step_definitions.LinkValidationSteps - User is in the Home Page
2022-06-23 15:43:20.706 [main][21933] INFO  step_definitions.LinkValidationSteps - User clicked the Furniture link
2022-06-23 15:43:20.848 [main][22075] INFO  step_definitions.LinkValidationSteps - User is navigated to Furniture page
2022-06-23 15:43:37.229 [main][38456] INFO  step_definitions.LinkValidationSteps - Closing pop-up window
2022-06-23 15:43:37.364 [main][38591] INFO  step_definitions.LinkValidationSteps - User is in the Home Page
2022-06-23 15:43:37.747 [main][38974] INFO  step_definitions.LinkValidationSteps - User clicks the Notifications link
2022-06-23 15:43:38.261 [main][39488] INFO  step_definitions.LinkValidationSteps - Notifications sliding window comes up
