2022-06-24 11:09:41.039 [main][3179] DEBUG io.netty.util.internal.logging.InternalLoggerFactory - Using Log4J2 as the default logging framework
2022-06-24 11:09:41.052 [main][3192] DEBUG io.netty.util.ResourceLeakDetector - -Dio.netty.leakDetection.level: simple
2022-06-24 11:09:41.052 [main][3192] DEBUG io.netty.util.ResourceLeakDetector - -Dio.netty.leakDetection.targetRecords: 4
2022-06-24 11:09:41.057 [main][3197] DEBUG io.netty.util.ResourceLeakDetectorFactory - Loaded default ResourceLeakDetector: io.netty.util.ResourceLeakDetector@10643593
2022-06-24 11:09:41.083 [main][3223] DEBUG io.netty.util.internal.PlatformDependent0 - -Dio.netty.noUnsafe: false
2022-06-24 11:09:41.084 [main][3224] DEBUG io.netty.util.internal.PlatformDependent0 - Java version: 11
2022-06-24 11:09:41.086 [main][3226] DEBUG io.netty.util.internal.PlatformDependent0 - sun.misc.Unsafe.theUnsafe: available
2022-06-24 11:09:41.087 [main][3227] DEBUG io.netty.util.internal.PlatformDependent0 - sun.misc.Unsafe.copyMemory: available
2022-06-24 11:09:41.087 [main][3227] DEBUG io.netty.util.internal.PlatformDependent0 - sun.misc.Unsafe.storeFence: available
2022-06-24 11:09:41.088 [main][3228] DEBUG io.netty.util.internal.PlatformDependent0 - java.nio.Buffer.address: available
2022-06-24 11:09:41.089 [main][3229] DEBUG io.netty.util.internal.PlatformDependent0 - direct buffer constructor: unavailable: Reflective setAccessible(true) disabled
2022-06-24 11:09:41.090 [main][3230] DEBUG io.netty.util.internal.PlatformDependent0 - java.nio.Bits.unaligned: available, true
2022-06-24 11:09:41.092 [main][3232] DEBUG io.netty.util.internal.PlatformDependent0 - jdk.internal.misc.Unsafe.allocateUninitializedArray(int): unavailable: class io.netty.util.internal.PlatformDependent0$7 cannot access class jdk.internal.misc.Unsafe (in module java.base) because module java.base does not export jdk.internal.misc to unnamed module @2657d4dd
2022-06-24 11:09:41.093 [main][3233] DEBUG io.netty.util.internal.PlatformDependent0 - java.nio.DirectByteBuffer.<init>(long, int): unavailable
2022-06-24 11:09:41.093 [main][3233] DEBUG io.netty.util.internal.PlatformDependent - sun.misc.Unsafe: available
2022-06-24 11:09:41.094 [main][3234] DEBUG io.netty.util.internal.PlatformDependent - maxDirectMemory: 2147483648 bytes (maybe)
2022-06-24 11:09:41.094 [main][3234] DEBUG io.netty.util.internal.PlatformDependent - -Dio.netty.tmpdir: /var/folders/03/72hdn4qx7nj7g7kkk2s_2bcr0000gn/T (java.io.tmpdir)
2022-06-24 11:09:41.094 [main][3234] DEBUG io.netty.util.internal.PlatformDependent - -Dio.netty.bitMode: 64 (sun.arch.data.model)
2022-06-24 11:09:41.094 [main][3234] DEBUG io.netty.util.internal.PlatformDependent - Platform: MacOS
2022-06-24 11:09:41.095 [main][3235] DEBUG io.netty.util.internal.PlatformDependent - -Dio.netty.maxDirectMemory: -1 bytes
2022-06-24 11:09:41.096 [main][3236] DEBUG io.netty.util.internal.PlatformDependent - -Dio.netty.uninitializedArrayAllocationThreshold: -1
2022-06-24 11:09:41.097 [main][3237] DEBUG io.netty.util.internal.CleanerJava9 - java.nio.ByteBuffer.cleaner(): available
2022-06-24 11:09:41.097 [main][3237] DEBUG io.netty.util.internal.PlatformDependent - -Dio.netty.noPreferDirect: false
2022-06-24 11:09:41.105 [main][3245] DEBUG io.netty.util.internal.PlatformDependent - org.jctools-core.MpscChunkedArrayQueue: available
2022-06-24 11:09:41.132 [main][3272] DEBUG io.netty.util.internal.InternalThreadLocalMap - -Dio.netty.threadLocalMap.stringBuilder.initialSize: 1024
2022-06-24 11:09:41.132 [main][3272] DEBUG io.netty.util.internal.InternalThreadLocalMap - -Dio.netty.threadLocalMap.stringBuilder.maxSize: 4096
2022-06-24 11:09:41.167 [main][3307] DEBUG io.netty.handler.ssl.JdkSslContext - Default protocols (JDK): [TLSv1.3, TLSv1.2, TLSv1.1, TLSv1] 
2022-06-24 11:09:41.167 [main][3307] DEBUG io.netty.handler.ssl.JdkSslContext - Default cipher suites (JDK): [TLS_ECDHE_ECDSA_WITH_AES_256_GCM_SHA384, TLS_ECDHE_ECDSA_WITH_AES_128_GCM_SHA256, TLS_ECDHE_RSA_WITH_AES_128_GCM_SHA256, TLS_ECDHE_RSA_WITH_AES_256_GCM_SHA384, TLS_ECDHE_RSA_WITH_AES_128_CBC_SHA, TLS_ECDHE_RSA_WITH_AES_256_CBC_SHA, TLS_RSA_WITH_AES_128_GCM_SHA256, TLS_RSA_WITH_AES_128_CBC_SHA, TLS_RSA_WITH_AES_256_CBC_SHA, TLS_AES_128_GCM_SHA256, TLS_AES_256_GCM_SHA384]
2022-06-24 11:09:41.197 [main][3337] DEBUG io.netty.channel.MultithreadEventLoopGroup - -Dio.netty.eventLoopThreads: 8
2022-06-24 11:09:41.208 [main][3348] DEBUG io.netty.channel.nio.NioEventLoop - -Dio.netty.noKeySetOptimization: false
2022-06-24 11:09:41.208 [main][3348] DEBUG io.netty.channel.nio.NioEventLoop - -Dio.netty.selectorAutoRebuildThreshold: 512
2022-06-24 11:09:41.271 [main][3411] DEBUG io.netty.buffer.PooledByteBufAllocator - -Dio.netty.allocator.numHeapArenas: 8
2022-06-24 11:09:41.271 [main][3411] DEBUG io.netty.buffer.PooledByteBufAllocator - -Dio.netty.allocator.numDirectArenas: 8
2022-06-24 11:09:41.271 [main][3411] DEBUG io.netty.buffer.PooledByteBufAllocator - -Dio.netty.allocator.pageSize: 8192
2022-06-24 11:09:41.271 [main][3411] DEBUG io.netty.buffer.PooledByteBufAllocator - -Dio.netty.allocator.maxOrder: 9
2022-06-24 11:09:41.271 [main][3411] DEBUG io.netty.buffer.PooledByteBufAllocator - -Dio.netty.allocator.chunkSize: 4194304
2022-06-24 11:09:41.272 [main][3412] DEBUG io.netty.buffer.PooledByteBufAllocator - -Dio.netty.allocator.smallCacheSize: 256
2022-06-24 11:09:41.272 [main][3412] DEBUG io.netty.buffer.PooledByteBufAllocator - -Dio.netty.allocator.normalCacheSize: 64
2022-06-24 11:09:41.272 [main][3412] DEBUG io.netty.buffer.PooledByteBufAllocator - -Dio.netty.allocator.maxCachedBufferCapacity: 32768
2022-06-24 11:09:41.272 [main][3412] DEBUG io.netty.buffer.PooledByteBufAllocator - -Dio.netty.allocator.cacheTrimInterval: 8192
2022-06-24 11:09:41.272 [main][3412] DEBUG io.netty.buffer.PooledByteBufAllocator - -Dio.netty.allocator.cacheTrimIntervalMillis: 0
2022-06-24 11:09:41.272 [main][3412] DEBUG io.netty.buffer.PooledByteBufAllocator - -Dio.netty.allocator.useCacheForAllThreads: false
2022-06-24 11:09:41.272 [main][3412] DEBUG io.netty.buffer.PooledByteBufAllocator - -Dio.netty.allocator.maxCachedByteBuffersPerChunk: 1023
2022-06-24 11:09:41.288 [main][3428] DEBUG io.netty.buffer.ByteBufUtil - -Dio.netty.allocator.type: pooled
2022-06-24 11:09:41.288 [main][3428] DEBUG io.netty.buffer.ByteBufUtil - -Dio.netty.threadLocalDirectBufferSize: 0
2022-06-24 11:09:41.288 [main][3428] DEBUG io.netty.buffer.ByteBufUtil - -Dio.netty.maxThreadLocalCharBufferSize: 16384
2022-06-24 11:09:41.614 [Forwarding newSession on session null to remote][3754] DEBUG io.netty.channel.DefaultChannelId - -Dio.netty.processId: 6869 (auto-detected)
2022-06-24 11:09:41.618 [Forwarding newSession on session null to remote][3758] DEBUG io.netty.util.NetUtil - -Djava.net.preferIPv4Stack: false
2022-06-24 11:09:41.618 [Forwarding newSession on session null to remote][3758] DEBUG io.netty.util.NetUtil - -Djava.net.preferIPv6Addresses: false
2022-06-24 11:09:41.628 [Forwarding newSession on session null to remote][3768] DEBUG io.netty.util.NetUtilInitializations - Loopback interface: lo0 (lo0, 0:0:0:0:0:0:0:1%lo0)
2022-06-24 11:09:41.629 [Forwarding newSession on session null to remote][3769] DEBUG io.netty.util.NetUtil - Failed to get SOMAXCONN from sysctl and file /proc/sys/net/core/somaxconn. Default: 128
2022-06-24 11:09:41.631 [Forwarding newSession on session null to remote][3771] DEBUG io.netty.channel.DefaultChannelId - -Dio.netty.machineId: f0:18:98:ff:fe:8b:3d:ac (auto-detected)
2022-06-24 11:09:41.702 [AsyncHttpClient-1-2][3842] DEBUG io.netty.buffer.AbstractByteBuf - -Dio.netty.buffer.checkAccessible: true
2022-06-24 11:09:41.702 [AsyncHttpClient-1-2][3842] DEBUG io.netty.buffer.AbstractByteBuf - -Dio.netty.buffer.checkBounds: true
2022-06-24 11:09:41.702 [AsyncHttpClient-1-2][3842] DEBUG io.netty.util.ResourceLeakDetectorFactory - Loaded default ResourceLeakDetector: io.netty.util.ResourceLeakDetector@61f8f678
2022-06-24 11:09:41.729 [AsyncHttpClient-1-2][3869] DEBUG io.netty.util.Recycler - -Dio.netty.recycler.maxCapacityPerThread: 4096
2022-06-24 11:09:41.729 [AsyncHttpClient-1-2][3869] DEBUG io.netty.util.Recycler - -Dio.netty.recycler.ratio: 8
2022-06-24 11:09:41.730 [AsyncHttpClient-1-2][3870] DEBUG io.netty.util.Recycler - -Dio.netty.recycler.chunkSize: 32
2022-06-24 11:09:41.730 [AsyncHttpClient-1-2][3870] DEBUG io.netty.util.Recycler - -Dio.netty.recycler.blocking: false
2022-06-24 11:09:43.189 [AsyncHttpClient-1-2][5329] DEBUG io.netty.handler.codec.compression.Brotli - brotli4j not in the classpath; Brotli support will be unavailable.
2022-06-24 11:09:43.446 [main][5586] DEBUG io.netty.util.internal.ThreadLocalRandom - -Dio.netty.initialSeedUniquifier: 0x03104c6115545789
2022-06-24 11:09:58.446 [main][20586] INFO  step_definitions.LinkValidationSteps - Closing pop-up window
2022-06-24 11:09:58.561 [main][20701] INFO  step_definitions.LinkValidationSteps - User is in the Home Page
2022-06-24 11:10:00.155 [main][22295] INFO  step_definitions.LinkValidationSteps - User clicked the Furniture link
2022-06-24 11:10:00.265 [main][22405] INFO  step_definitions.LinkValidationSteps - User is navigated to Furniture page
2022-06-24 11:10:17.793 [main][39933] INFO  step_definitions.LinkValidationSteps - Closing pop-up window
2022-06-24 11:10:17.872 [main][40012] INFO  step_definitions.LinkValidationSteps - User is in the Home Page
2022-06-24 11:10:18.308 [main][40448] INFO  step_definitions.LinkValidationSteps - User clicks the Notifications link
2022-06-24 11:10:18.580 [main][40720] INFO  step_definitions.LinkValidationSteps - Notifications sliding window comes up
2022-06-24 11:10:34.945 [main][57085] INFO  step_definitions.LinkValidationSteps - Closing pop-up window
2022-06-24 11:10:35.096 [main][57236] INFO  step_definitions.LinkValidationSteps - User is in the Home Page
2022-06-24 11:10:35.868 [main][58008] INFO  step_definitions.LinkValidationSteps - user enters a product name into the search field
2022-06-24 11:10:38.287 [main][60427] INFO  step_definitions.LinkValidationSteps - Click on search button
