2022-06-23 12:49:59.437 [main][3492] DEBUG io.netty.util.internal.logging.InternalLoggerFactory - Using Log4J2 as the default logging framework
2022-06-23 12:49:59.446 [main][3501] DEBUG io.netty.util.ResourceLeakDetector - -Dio.netty.leakDetection.level: simple
2022-06-23 12:49:59.447 [main][3502] DEBUG io.netty.util.ResourceLeakDetector - -Dio.netty.leakDetection.targetRecords: 4
2022-06-23 12:49:59.451 [main][3506] DEBUG io.netty.util.ResourceLeakDetectorFactory - Loaded default ResourceLeakDetector: io.netty.util.ResourceLeakDetector@eca6a74
2022-06-23 12:49:59.485 [main][3540] DEBUG io.netty.util.internal.PlatformDependent0 - -Dio.netty.noUnsafe: false
2022-06-23 12:49:59.485 [main][3540] DEBUG io.netty.util.internal.PlatformDependent0 - Java version: 11
2022-06-23 12:49:59.487 [main][3542] DEBUG io.netty.util.internal.PlatformDependent0 - sun.misc.Unsafe.theUnsafe: available
2022-06-23 12:49:59.488 [main][3543] DEBUG io.netty.util.internal.PlatformDependent0 - sun.misc.Unsafe.copyMemory: available
2022-06-23 12:49:59.489 [main][3544] DEBUG io.netty.util.internal.PlatformDependent0 - sun.misc.Unsafe.storeFence: available
2022-06-23 12:49:59.490 [main][3545] DEBUG io.netty.util.internal.PlatformDependent0 - java.nio.Buffer.address: available
2022-06-23 12:49:59.490 [main][3545] DEBUG io.netty.util.internal.PlatformDependent0 - direct buffer constructor: unavailable: Reflective setAccessible(true) disabled
2022-06-23 12:49:59.491 [main][3546] DEBUG io.netty.util.internal.PlatformDependent0 - java.nio.Bits.unaligned: available, true
2022-06-23 12:49:59.493 [main][3548] DEBUG io.netty.util.internal.PlatformDependent0 - jdk.internal.misc.Unsafe.allocateUninitializedArray(int): unavailable: class io.netty.util.internal.PlatformDependent0$7 cannot access class jdk.internal.misc.Unsafe (in module java.base) because module java.base does not export jdk.internal.misc to unnamed module @2657d4dd
2022-06-23 12:49:59.494 [main][3549] DEBUG io.netty.util.internal.PlatformDependent0 - java.nio.DirectByteBuffer.<init>(long, int): unavailable
2022-06-23 12:49:59.494 [main][3549] DEBUG io.netty.util.internal.PlatformDependent - sun.misc.Unsafe: available
2022-06-23 12:49:59.495 [main][3550] DEBUG io.netty.util.internal.PlatformDependent - maxDirectMemory: 2147483648 bytes (maybe)
2022-06-23 12:49:59.495 [main][3550] DEBUG io.netty.util.internal.PlatformDependent - -Dio.netty.tmpdir: /var/folders/03/72hdn4qx7nj7g7kkk2s_2bcr0000gn/T (java.io.tmpdir)
2022-06-23 12:49:59.495 [main][3550] DEBUG io.netty.util.internal.PlatformDependent - -Dio.netty.bitMode: 64 (sun.arch.data.model)
2022-06-23 12:49:59.496 [main][3551] DEBUG io.netty.util.internal.PlatformDependent - Platform: MacOS
2022-06-23 12:49:59.496 [main][3551] DEBUG io.netty.util.internal.PlatformDependent - -Dio.netty.maxDirectMemory: -1 bytes
2022-06-23 12:49:59.496 [main][3551] DEBUG io.netty.util.internal.PlatformDependent - -Dio.netty.uninitializedArrayAllocationThreshold: -1
2022-06-23 12:49:59.497 [main][3552] DEBUG io.netty.util.internal.CleanerJava9 - java.nio.ByteBuffer.cleaner(): available
2022-06-23 12:49:59.498 [main][3553] DEBUG io.netty.util.internal.PlatformDependent - -Dio.netty.noPreferDirect: false
2022-06-23 12:49:59.505 [main][3560] DEBUG io.netty.util.internal.PlatformDependent - org.jctools-core.MpscChunkedArrayQueue: available
2022-06-23 12:49:59.541 [main][3596] DEBUG io.netty.util.internal.InternalThreadLocalMap - -Dio.netty.threadLocalMap.stringBuilder.initialSize: 1024
2022-06-23 12:49:59.541 [main][3596] DEBUG io.netty.util.internal.InternalThreadLocalMap - -Dio.netty.threadLocalMap.stringBuilder.maxSize: 4096
2022-06-23 12:49:59.572 [main][3627] DEBUG io.netty.handler.ssl.JdkSslContext - Default protocols (JDK): [TLSv1.3, TLSv1.2, TLSv1.1, TLSv1] 
2022-06-23 12:49:59.572 [main][3627] DEBUG io.netty.handler.ssl.JdkSslContext - Default cipher suites (JDK): [TLS_ECDHE_ECDSA_WITH_AES_256_GCM_SHA384, TLS_ECDHE_ECDSA_WITH_AES_128_GCM_SHA256, TLS_ECDHE_RSA_WITH_AES_128_GCM_SHA256, TLS_ECDHE_RSA_WITH_AES_256_GCM_SHA384, TLS_ECDHE_RSA_WITH_AES_128_CBC_SHA, TLS_ECDHE_RSA_WITH_AES_256_CBC_SHA, TLS_RSA_WITH_AES_128_GCM_SHA256, TLS_RSA_WITH_AES_128_CBC_SHA, TLS_RSA_WITH_AES_256_CBC_SHA, TLS_AES_128_GCM_SHA256, TLS_AES_256_GCM_SHA384]
2022-06-23 12:49:59.609 [main][3664] DEBUG io.netty.channel.MultithreadEventLoopGroup - -Dio.netty.eventLoopThreads: 8
2022-06-23 12:49:59.618 [main][3673] DEBUG io.netty.channel.nio.NioEventLoop - -Dio.netty.noKeySetOptimization: false
2022-06-23 12:49:59.618 [main][3673] DEBUG io.netty.channel.nio.NioEventLoop - -Dio.netty.selectorAutoRebuildThreshold: 512
2022-06-23 12:49:59.655 [main][3710] DEBUG io.netty.buffer.PooledByteBufAllocator - -Dio.netty.allocator.numHeapArenas: 8
2022-06-23 12:49:59.655 [main][3710] DEBUG io.netty.buffer.PooledByteBufAllocator - -Dio.netty.allocator.numDirectArenas: 8
2022-06-23 12:49:59.655 [main][3710] DEBUG io.netty.buffer.PooledByteBufAllocator - -Dio.netty.allocator.pageSize: 8192
2022-06-23 12:49:59.655 [main][3710] DEBUG io.netty.buffer.PooledByteBufAllocator - -Dio.netty.allocator.maxOrder: 9
2022-06-23 12:49:59.655 [main][3710] DEBUG io.netty.buffer.PooledByteBufAllocator - -Dio.netty.allocator.chunkSize: 4194304
2022-06-23 12:49:59.656 [main][3711] DEBUG io.netty.buffer.PooledByteBufAllocator - -Dio.netty.allocator.smallCacheSize: 256
2022-06-23 12:49:59.656 [main][3711] DEBUG io.netty.buffer.PooledByteBufAllocator - -Dio.netty.allocator.normalCacheSize: 64
2022-06-23 12:49:59.656 [main][3711] DEBUG io.netty.buffer.PooledByteBufAllocator - -Dio.netty.allocator.maxCachedBufferCapacity: 32768
2022-06-23 12:49:59.656 [main][3711] DEBUG io.netty.buffer.PooledByteBufAllocator - -Dio.netty.allocator.cacheTrimInterval: 8192
2022-06-23 12:49:59.656 [main][3711] DEBUG io.netty.buffer.PooledByteBufAllocator - -Dio.netty.allocator.cacheTrimIntervalMillis: 0
2022-06-23 12:49:59.656 [main][3711] DEBUG io.netty.buffer.PooledByteBufAllocator - -Dio.netty.allocator.useCacheForAllThreads: false
2022-06-23 12:49:59.656 [main][3711] DEBUG io.netty.buffer.PooledByteBufAllocator - -Dio.netty.allocator.maxCachedByteBuffersPerChunk: 1023
2022-06-23 12:49:59.681 [main][3736] DEBUG io.netty.buffer.ByteBufUtil - -Dio.netty.allocator.type: pooled
2022-06-23 12:49:59.682 [main][3737] DEBUG io.netty.buffer.ByteBufUtil - -Dio.netty.threadLocalDirectBufferSize: 0
2022-06-23 12:49:59.682 [main][3737] DEBUG io.netty.buffer.ByteBufUtil - -Dio.netty.maxThreadLocalCharBufferSize: 16384
2022-06-23 12:50:00.227 [Forwarding newSession on session null to remote][4282] DEBUG io.netty.channel.DefaultChannelId - -Dio.netty.processId: 4524 (auto-detected)
2022-06-23 12:50:00.231 [Forwarding newSession on session null to remote][4286] DEBUG io.netty.util.NetUtil - -Djava.net.preferIPv4Stack: false
2022-06-23 12:50:00.231 [Forwarding newSession on session null to remote][4286] DEBUG io.netty.util.NetUtil - -Djava.net.preferIPv6Addresses: false
2022-06-23 12:50:00.243 [Forwarding newSession on session null to remote][4298] DEBUG io.netty.util.NetUtilInitializations - Loopback interface: lo0 (lo0, 0:0:0:0:0:0:0:1%lo0)
2022-06-23 12:50:00.244 [Forwarding newSession on session null to remote][4299] DEBUG io.netty.util.NetUtil - Failed to get SOMAXCONN from sysctl and file /proc/sys/net/core/somaxconn. Default: 128
2022-06-23 12:50:00.249 [Forwarding newSession on session null to remote][4304] DEBUG io.netty.channel.DefaultChannelId - -Dio.netty.machineId: f0:18:98:ff:fe:8b:3d:ac (auto-detected)
2022-06-23 12:50:00.378 [AsyncHttpClient-1-2][4433] DEBUG io.netty.buffer.AbstractByteBuf - -Dio.netty.buffer.checkAccessible: true
2022-06-23 12:50:00.379 [AsyncHttpClient-1-2][4434] DEBUG io.netty.buffer.AbstractByteBuf - -Dio.netty.buffer.checkBounds: true
2022-06-23 12:50:00.379 [AsyncHttpClient-1-2][4434] DEBUG io.netty.util.ResourceLeakDetectorFactory - Loaded default ResourceLeakDetector: io.netty.util.ResourceLeakDetector@71ec7bbf
2022-06-23 12:50:00.418 [AsyncHttpClient-1-2][4473] DEBUG io.netty.util.Recycler - -Dio.netty.recycler.maxCapacityPerThread: 4096
2022-06-23 12:50:00.418 [AsyncHttpClient-1-2][4473] DEBUG io.netty.util.Recycler - -Dio.netty.recycler.ratio: 8
2022-06-23 12:50:00.418 [AsyncHttpClient-1-2][4473] DEBUG io.netty.util.Recycler - -Dio.netty.recycler.chunkSize: 32
2022-06-23 12:50:00.418 [AsyncHttpClient-1-2][4473] DEBUG io.netty.util.Recycler - -Dio.netty.recycler.blocking: false
2022-06-23 12:50:01.868 [AsyncHttpClient-1-2][5923] DEBUG io.netty.handler.codec.compression.Brotli - brotli4j not in the classpath; Brotli support will be unavailable.
2022-06-23 12:50:02.100 [main][6155] DEBUG io.netty.util.internal.ThreadLocalRandom - -Dio.netty.initialSeedUniquifier: 0x15edc71338f6b4f2
2022-06-23 12:50:17.074 [main][21129] INFO  step_definitions.LinkValidationSteps - User is in the Home Page
2022-06-23 12:50:19.586 [main][23641] INFO  step_definitions.LinkValidationSteps - User clicked the Furniture link
2022-06-23 12:50:19.741 [main][23796] INFO  step_definitions.LinkValidationSteps - User is navigated to Furniture page
2022-06-23 12:50:36.631 [main][40686] INFO  step_definitions.LinkValidationSteps - User is in the Home Page
2022-06-23 12:50:38.249 [main][42304] INFO  step_definitions.LinkValidationSteps - User clicks the Notifications link
