2022-06-24 11:19:33.653 [main][3269] DEBUG io.netty.util.internal.logging.InternalLoggerFactory - Using Log4J2 as the default logging framework
2022-06-24 11:19:33.662 [main][3278] DEBUG io.netty.util.ResourceLeakDetector - -Dio.netty.leakDetection.level: simple
2022-06-24 11:19:33.662 [main][3278] DEBUG io.netty.util.ResourceLeakDetector - -Dio.netty.leakDetection.targetRecords: 4
2022-06-24 11:19:33.666 [main][3282] DEBUG io.netty.util.ResourceLeakDetectorFactory - Loaded default ResourceLeakDetector: io.netty.util.ResourceLeakDetector@4068102e
2022-06-24 11:19:33.688 [main][3304] DEBUG io.netty.util.internal.PlatformDependent0 - -Dio.netty.noUnsafe: false
2022-06-24 11:19:33.688 [main][3304] DEBUG io.netty.util.internal.PlatformDependent0 - Java version: 11
2022-06-24 11:19:33.690 [main][3306] DEBUG io.netty.util.internal.PlatformDependent0 - sun.misc.Unsafe.theUnsafe: available
2022-06-24 11:19:33.691 [main][3307] DEBUG io.netty.util.internal.PlatformDependent0 - sun.misc.Unsafe.copyMemory: available
2022-06-24 11:19:33.692 [main][3308] DEBUG io.netty.util.internal.PlatformDependent0 - sun.misc.Unsafe.storeFence: available
2022-06-24 11:19:33.693 [main][3309] DEBUG io.netty.util.internal.PlatformDependent0 - java.nio.Buffer.address: available
2022-06-24 11:19:33.694 [main][3310] DEBUG io.netty.util.internal.PlatformDependent0 - direct buffer constructor: unavailable: Reflective setAccessible(true) disabled
2022-06-24 11:19:33.694 [main][3310] DEBUG io.netty.util.internal.PlatformDependent0 - java.nio.Bits.unaligned: available, true
2022-06-24 11:19:33.696 [main][3312] DEBUG io.netty.util.internal.PlatformDependent0 - jdk.internal.misc.Unsafe.allocateUninitializedArray(int): unavailable: class io.netty.util.internal.PlatformDependent0$7 cannot access class jdk.internal.misc.Unsafe (in module java.base) because module java.base does not export jdk.internal.misc to unnamed module @660acfb
2022-06-24 11:19:33.697 [main][3313] DEBUG io.netty.util.internal.PlatformDependent0 - java.nio.DirectByteBuffer.<init>(long, int): unavailable
2022-06-24 11:19:33.697 [main][3313] DEBUG io.netty.util.internal.PlatformDependent - sun.misc.Unsafe: available
2022-06-24 11:19:33.698 [main][3314] DEBUG io.netty.util.internal.PlatformDependent - maxDirectMemory: 2147483648 bytes (maybe)
2022-06-24 11:19:33.698 [main][3314] DEBUG io.netty.util.internal.PlatformDependent - -Dio.netty.tmpdir: /var/folders/03/72hdn4qx7nj7g7kkk2s_2bcr0000gn/T (java.io.tmpdir)
2022-06-24 11:19:33.698 [main][3314] DEBUG io.netty.util.internal.PlatformDependent - -Dio.netty.bitMode: 64 (sun.arch.data.model)
2022-06-24 11:19:33.698 [main][3314] DEBUG io.netty.util.internal.PlatformDependent - Platform: MacOS
2022-06-24 11:19:33.699 [main][3315] DEBUG io.netty.util.internal.PlatformDependent - -Dio.netty.maxDirectMemory: -1 bytes
2022-06-24 11:19:33.699 [main][3315] DEBUG io.netty.util.internal.PlatformDependent - -Dio.netty.uninitializedArrayAllocationThreshold: -1
2022-06-24 11:19:33.700 [main][3316] DEBUG io.netty.util.internal.CleanerJava9 - java.nio.ByteBuffer.cleaner(): available
2022-06-24 11:19:33.700 [main][3316] DEBUG io.netty.util.internal.PlatformDependent - -Dio.netty.noPreferDirect: false
2022-06-24 11:19:33.708 [main][3324] DEBUG io.netty.util.internal.PlatformDependent - org.jctools-core.MpscChunkedArrayQueue: available
2022-06-24 11:19:33.741 [main][3357] DEBUG io.netty.util.internal.InternalThreadLocalMap - -Dio.netty.threadLocalMap.stringBuilder.initialSize: 1024
2022-06-24 11:19:33.741 [main][3357] DEBUG io.netty.util.internal.InternalThreadLocalMap - -Dio.netty.threadLocalMap.stringBuilder.maxSize: 4096
2022-06-24 11:19:33.773 [main][3389] DEBUG io.netty.handler.ssl.JdkSslContext - Default protocols (JDK): [TLSv1.3, TLSv1.2, TLSv1.1, TLSv1] 
2022-06-24 11:19:33.773 [main][3389] DEBUG io.netty.handler.ssl.JdkSslContext - Default cipher suites (JDK): [TLS_ECDHE_ECDSA_WITH_AES_256_GCM_SHA384, TLS_ECDHE_ECDSA_WITH_AES_128_GCM_SHA256, TLS_ECDHE_RSA_WITH_AES_128_GCM_SHA256, TLS_ECDHE_RSA_WITH_AES_256_GCM_SHA384, TLS_ECDHE_RSA_WITH_AES_128_CBC_SHA, TLS_ECDHE_RSA_WITH_AES_256_CBC_SHA, TLS_RSA_WITH_AES_128_GCM_SHA256, TLS_RSA_WITH_AES_128_CBC_SHA, TLS_RSA_WITH_AES_256_CBC_SHA, TLS_AES_128_GCM_SHA256, TLS_AES_256_GCM_SHA384]
2022-06-24 11:19:33.806 [main][3422] DEBUG io.netty.channel.MultithreadEventLoopGroup - -Dio.netty.eventLoopThreads: 8
2022-06-24 11:19:33.816 [main][3432] DEBUG io.netty.channel.nio.NioEventLoop - -Dio.netty.noKeySetOptimization: false
2022-06-24 11:19:33.816 [main][3432] DEBUG io.netty.channel.nio.NioEventLoop - -Dio.netty.selectorAutoRebuildThreshold: 512
2022-06-24 11:19:33.854 [main][3470] DEBUG io.netty.buffer.PooledByteBufAllocator - -Dio.netty.allocator.numHeapArenas: 8
2022-06-24 11:19:33.855 [main][3471] DEBUG io.netty.buffer.PooledByteBufAllocator - -Dio.netty.allocator.numDirectArenas: 8
2022-06-24 11:19:33.855 [main][3471] DEBUG io.netty.buffer.PooledByteBufAllocator - -Dio.netty.allocator.pageSize: 8192
2022-06-24 11:19:33.855 [main][3471] DEBUG io.netty.buffer.PooledByteBufAllocator - -Dio.netty.allocator.maxOrder: 9
2022-06-24 11:19:33.855 [main][3471] DEBUG io.netty.buffer.PooledByteBufAllocator - -Dio.netty.allocator.chunkSize: 4194304
2022-06-24 11:19:33.855 [main][3471] DEBUG io.netty.buffer.PooledByteBufAllocator - -Dio.netty.allocator.smallCacheSize: 256
2022-06-24 11:19:33.855 [main][3471] DEBUG io.netty.buffer.PooledByteBufAllocator - -Dio.netty.allocator.normalCacheSize: 64
2022-06-24 11:19:33.855 [main][3471] DEBUG io.netty.buffer.PooledByteBufAllocator - -Dio.netty.allocator.maxCachedBufferCapacity: 32768
2022-06-24 11:19:33.855 [main][3471] DEBUG io.netty.buffer.PooledByteBufAllocator - -Dio.netty.allocator.cacheTrimInterval: 8192
2022-06-24 11:19:33.855 [main][3471] DEBUG io.netty.buffer.PooledByteBufAllocator - -Dio.netty.allocator.cacheTrimIntervalMillis: 0
2022-06-24 11:19:33.856 [main][3472] DEBUG io.netty.buffer.PooledByteBufAllocator - -Dio.netty.allocator.useCacheForAllThreads: false
2022-06-24 11:19:33.856 [main][3472] DEBUG io.netty.buffer.PooledByteBufAllocator - -Dio.netty.allocator.maxCachedByteBuffersPerChunk: 1023
2022-06-24 11:19:33.883 [main][3499] DEBUG io.netty.buffer.ByteBufUtil - -Dio.netty.allocator.type: pooled
2022-06-24 11:19:33.883 [main][3499] DEBUG io.netty.buffer.ByteBufUtil - -Dio.netty.threadLocalDirectBufferSize: 0
2022-06-24 11:19:33.883 [main][3499] DEBUG io.netty.buffer.ByteBufUtil - -Dio.netty.maxThreadLocalCharBufferSize: 16384
2022-06-24 11:19:34.210 [Forwarding newSession on session null to remote][3826] DEBUG io.netty.channel.DefaultChannelId - -Dio.netty.processId: 7080 (auto-detected)
2022-06-24 11:19:34.213 [Forwarding newSession on session null to remote][3829] DEBUG io.netty.util.NetUtil - -Djava.net.preferIPv4Stack: false
2022-06-24 11:19:34.213 [Forwarding newSession on session null to remote][3829] DEBUG io.netty.util.NetUtil - -Djava.net.preferIPv6Addresses: false
2022-06-24 11:19:34.222 [Forwarding newSession on session null to remote][3838] DEBUG io.netty.util.NetUtilInitializations - Loopback interface: lo0 (lo0, 0:0:0:0:0:0:0:1%lo0)
2022-06-24 11:19:34.222 [Forwarding newSession on session null to remote][3838] DEBUG io.netty.util.NetUtil - Failed to get SOMAXCONN from sysctl and file /proc/sys/net/core/somaxconn. Default: 128
2022-06-24 11:19:34.225 [Forwarding newSession on session null to remote][3841] DEBUG io.netty.channel.DefaultChannelId - -Dio.netty.machineId: f0:18:98:ff:fe:8b:3d:ac (auto-detected)
2022-06-24 11:19:34.303 [AsyncHttpClient-1-2][3919] DEBUG io.netty.buffer.AbstractByteBuf - -Dio.netty.buffer.checkAccessible: true
2022-06-24 11:19:34.303 [AsyncHttpClient-1-2][3919] DEBUG io.netty.buffer.AbstractByteBuf - -Dio.netty.buffer.checkBounds: true
2022-06-24 11:19:34.303 [AsyncHttpClient-1-2][3919] DEBUG io.netty.util.ResourceLeakDetectorFactory - Loaded default ResourceLeakDetector: io.netty.util.ResourceLeakDetector@7eec5ae5
2022-06-24 11:19:34.329 [AsyncHttpClient-1-2][3945] DEBUG io.netty.util.Recycler - -Dio.netty.recycler.maxCapacityPerThread: 4096
2022-06-24 11:19:34.329 [AsyncHttpClient-1-2][3945] DEBUG io.netty.util.Recycler - -Dio.netty.recycler.ratio: 8
2022-06-24 11:19:34.329 [AsyncHttpClient-1-2][3945] DEBUG io.netty.util.Recycler - -Dio.netty.recycler.chunkSize: 32
2022-06-24 11:19:34.329 [AsyncHttpClient-1-2][3945] DEBUG io.netty.util.Recycler - -Dio.netty.recycler.blocking: false
2022-06-24 11:19:35.777 [AsyncHttpClient-1-2][5393] DEBUG io.netty.handler.codec.compression.Brotli - brotli4j not in the classpath; Brotli support will be unavailable.
2022-06-24 11:19:36.037 [main][5653] DEBUG io.netty.util.internal.ThreadLocalRandom - -Dio.netty.initialSeedUniquifier: 0x48886200093f152b
2022-06-24 11:19:51.113 [main][20729] INFO  step_definitions.LinkValidationSteps - Closing pop-up window
2022-06-24 11:19:51.377 [main][20993] INFO  step_definitions.LinkValidationSteps - User is in the Home Page
2022-06-24 11:19:53.126 [main][22742] INFO  step_definitions.LinkValidationSteps - User clicked the Furniture link
2022-06-24 11:19:53.244 [main][22860] INFO  step_definitions.LinkValidationSteps - User is navigated to Furniture page
2022-06-24 11:20:09.804 [main][39420] INFO  step_definitions.LinkValidationSteps - Closing pop-up window
2022-06-24 11:20:09.947 [main][39563] INFO  step_definitions.LinkValidationSteps - User is in the Home Page
2022-06-24 11:20:11.058 [main][40674] INFO  step_definitions.LinkValidationSteps - User clicks the Notifications link
2022-06-24 11:20:11.157 [main][40773] INFO  step_definitions.LinkValidationSteps - Notifications sliding window comes up
2022-06-24 11:20:27.866 [main][57482] INFO  step_definitions.LinkValidationSteps - Closing pop-up window
2022-06-24 11:20:27.968 [main][57584] INFO  step_definitions.LinkValidationSteps - User is in the Home Page
2022-06-24 11:20:28.765 [main][58381] INFO  step_definitions.LinkValidationSteps - user enters a product name into the search field
2022-06-24 11:20:31.289 [main][60905] INFO  step_definitions.LinkValidationSteps - Click on search button
2022-06-24 11:20:31.492 [main][61108] INFO  step_definitions.LinkValidationSteps - User is navigate to search results related to the product
