2022-06-25 13:19:22.736 [main][3482] DEBUG io.netty.util.internal.logging.InternalLoggerFactory - Using Log4J2 as the default logging framework
2022-06-25 13:19:22.747 [main][3493] DEBUG io.netty.util.ResourceLeakDetector - -Dio.netty.leakDetection.level: simple
2022-06-25 13:19:22.747 [main][3493] DEBUG io.netty.util.ResourceLeakDetector - -Dio.netty.leakDetection.targetRecords: 4
2022-06-25 13:19:22.753 [main][3499] DEBUG io.netty.util.ResourceLeakDetectorFactory - Loaded default ResourceLeakDetector: io.netty.util.ResourceLeakDetector@44bd4b0a
2022-06-25 13:19:22.777 [main][3523] DEBUG io.netty.util.internal.PlatformDependent0 - -Dio.netty.noUnsafe: false
2022-06-25 13:19:22.777 [main][3523] DEBUG io.netty.util.internal.PlatformDependent0 - Java version: 11
2022-06-25 13:19:22.779 [main][3525] DEBUG io.netty.util.internal.PlatformDependent0 - sun.misc.Unsafe.theUnsafe: available
2022-06-25 13:19:22.780 [main][3526] DEBUG io.netty.util.internal.PlatformDependent0 - sun.misc.Unsafe.copyMemory: available
2022-06-25 13:19:22.781 [main][3527] DEBUG io.netty.util.internal.PlatformDependent0 - sun.misc.Unsafe.storeFence: available
2022-06-25 13:19:22.782 [main][3528] DEBUG io.netty.util.internal.PlatformDependent0 - java.nio.Buffer.address: available
2022-06-25 13:19:22.782 [main][3528] DEBUG io.netty.util.internal.PlatformDependent0 - direct buffer constructor: unavailable: Reflective setAccessible(true) disabled
2022-06-25 13:19:22.783 [main][3529] DEBUG io.netty.util.internal.PlatformDependent0 - java.nio.Bits.unaligned: available, true
2022-06-25 13:19:22.784 [main][3530] DEBUG io.netty.util.internal.PlatformDependent0 - jdk.internal.misc.Unsafe.allocateUninitializedArray(int): unavailable: class io.netty.util.internal.PlatformDependent0$7 cannot access class jdk.internal.misc.Unsafe (in module java.base) because module java.base does not export jdk.internal.misc to unnamed module @1b1cfb87
2022-06-25 13:19:22.785 [main][3531] DEBUG io.netty.util.internal.PlatformDependent0 - java.nio.DirectByteBuffer.<init>(long, int): unavailable
2022-06-25 13:19:22.785 [main][3531] DEBUG io.netty.util.internal.PlatformDependent - sun.misc.Unsafe: available
2022-06-25 13:19:22.786 [main][3532] DEBUG io.netty.util.internal.PlatformDependent - maxDirectMemory: 2147483648 bytes (maybe)
2022-06-25 13:19:22.786 [main][3532] DEBUG io.netty.util.internal.PlatformDependent - -Dio.netty.tmpdir: /var/folders/03/72hdn4qx7nj7g7kkk2s_2bcr0000gn/T (java.io.tmpdir)
2022-06-25 13:19:22.787 [main][3533] DEBUG io.netty.util.internal.PlatformDependent - -Dio.netty.bitMode: 64 (sun.arch.data.model)
2022-06-25 13:19:22.787 [main][3533] DEBUG io.netty.util.internal.PlatformDependent - Platform: MacOS
2022-06-25 13:19:22.788 [main][3534] DEBUG io.netty.util.internal.PlatformDependent - -Dio.netty.maxDirectMemory: -1 bytes
2022-06-25 13:19:22.788 [main][3534] DEBUG io.netty.util.internal.PlatformDependent - -Dio.netty.uninitializedArrayAllocationThreshold: -1
2022-06-25 13:19:22.789 [main][3535] DEBUG io.netty.util.internal.CleanerJava9 - java.nio.ByteBuffer.cleaner(): available
2022-06-25 13:19:22.789 [main][3535] DEBUG io.netty.util.internal.PlatformDependent - -Dio.netty.noPreferDirect: false
2022-06-25 13:19:22.797 [main][3543] DEBUG io.netty.util.internal.PlatformDependent - org.jctools-core.MpscChunkedArrayQueue: available
2022-06-25 13:19:22.823 [main][3569] DEBUG io.netty.util.internal.InternalThreadLocalMap - -Dio.netty.threadLocalMap.stringBuilder.initialSize: 1024
2022-06-25 13:19:22.823 [main][3569] DEBUG io.netty.util.internal.InternalThreadLocalMap - -Dio.netty.threadLocalMap.stringBuilder.maxSize: 4096
2022-06-25 13:19:22.847 [main][3593] DEBUG io.netty.handler.ssl.JdkSslContext - Default protocols (JDK): [TLSv1.3, TLSv1.2, TLSv1.1, TLSv1] 
2022-06-25 13:19:22.847 [main][3593] DEBUG io.netty.handler.ssl.JdkSslContext - Default cipher suites (JDK): [TLS_ECDHE_ECDSA_WITH_AES_256_GCM_SHA384, TLS_ECDHE_ECDSA_WITH_AES_128_GCM_SHA256, TLS_ECDHE_RSA_WITH_AES_128_GCM_SHA256, TLS_ECDHE_RSA_WITH_AES_256_GCM_SHA384, TLS_ECDHE_RSA_WITH_AES_128_CBC_SHA, TLS_ECDHE_RSA_WITH_AES_256_CBC_SHA, TLS_RSA_WITH_AES_128_GCM_SHA256, TLS_RSA_WITH_AES_128_CBC_SHA, TLS_RSA_WITH_AES_256_CBC_SHA, TLS_AES_128_GCM_SHA256, TLS_AES_256_GCM_SHA384]
2022-06-25 13:19:22.881 [main][3627] DEBUG io.netty.channel.MultithreadEventLoopGroup - -Dio.netty.eventLoopThreads: 8
2022-06-25 13:19:22.892 [main][3638] DEBUG io.netty.channel.nio.NioEventLoop - -Dio.netty.noKeySetOptimization: false
2022-06-25 13:19:22.892 [main][3638] DEBUG io.netty.channel.nio.NioEventLoop - -Dio.netty.selectorAutoRebuildThreshold: 512
2022-06-25 13:19:22.944 [main][3690] DEBUG io.netty.buffer.PooledByteBufAllocator - -Dio.netty.allocator.numHeapArenas: 8
2022-06-25 13:19:22.944 [main][3690] DEBUG io.netty.buffer.PooledByteBufAllocator - -Dio.netty.allocator.numDirectArenas: 8
2022-06-25 13:19:22.944 [main][3690] DEBUG io.netty.buffer.PooledByteBufAllocator - -Dio.netty.allocator.pageSize: 8192
2022-06-25 13:19:22.944 [main][3690] DEBUG io.netty.buffer.PooledByteBufAllocator - -Dio.netty.allocator.maxOrder: 9
2022-06-25 13:19:22.944 [main][3690] DEBUG io.netty.buffer.PooledByteBufAllocator - -Dio.netty.allocator.chunkSize: 4194304
2022-06-25 13:19:22.944 [main][3690] DEBUG io.netty.buffer.PooledByteBufAllocator - -Dio.netty.allocator.smallCacheSize: 256
2022-06-25 13:19:22.944 [main][3690] DEBUG io.netty.buffer.PooledByteBufAllocator - -Dio.netty.allocator.normalCacheSize: 64
2022-06-25 13:19:22.944 [main][3690] DEBUG io.netty.buffer.PooledByteBufAllocator - -Dio.netty.allocator.maxCachedBufferCapacity: 32768
2022-06-25 13:19:22.944 [main][3690] DEBUG io.netty.buffer.PooledByteBufAllocator - -Dio.netty.allocator.cacheTrimInterval: 8192
2022-06-25 13:19:22.945 [main][3691] DEBUG io.netty.buffer.PooledByteBufAllocator - -Dio.netty.allocator.cacheTrimIntervalMillis: 0
2022-06-25 13:19:22.945 [main][3691] DEBUG io.netty.buffer.PooledByteBufAllocator - -Dio.netty.allocator.useCacheForAllThreads: false
2022-06-25 13:19:22.945 [main][3691] DEBUG io.netty.buffer.PooledByteBufAllocator - -Dio.netty.allocator.maxCachedByteBuffersPerChunk: 1023
2022-06-25 13:19:22.960 [main][3706] DEBUG io.netty.buffer.ByteBufUtil - -Dio.netty.allocator.type: pooled
2022-06-25 13:19:22.960 [main][3706] DEBUG io.netty.buffer.ByteBufUtil - -Dio.netty.threadLocalDirectBufferSize: 0
2022-06-25 13:19:22.960 [main][3706] DEBUG io.netty.buffer.ByteBufUtil - -Dio.netty.maxThreadLocalCharBufferSize: 16384
2022-06-25 13:19:23.269 [Forwarding newSession on session null to remote][4015] DEBUG io.netty.channel.DefaultChannelId - -Dio.netty.processId: 13664 (auto-detected)
2022-06-25 13:19:23.272 [Forwarding newSession on session null to remote][4018] DEBUG io.netty.util.NetUtil - -Djava.net.preferIPv4Stack: false
2022-06-25 13:19:23.273 [Forwarding newSession on session null to remote][4019] DEBUG io.netty.util.NetUtil - -Djava.net.preferIPv6Addresses: false
2022-06-25 13:19:23.289 [Forwarding newSession on session null to remote][4035] DEBUG io.netty.util.NetUtilInitializations - Loopback interface: lo0 (lo0, 0:0:0:0:0:0:0:1%lo0)
2022-06-25 13:19:23.297 [Forwarding newSession on session null to remote][4043] DEBUG io.netty.util.NetUtil - Failed to get SOMAXCONN from sysctl and file /proc/sys/net/core/somaxconn. Default: 128
2022-06-25 13:19:23.300 [Forwarding newSession on session null to remote][4046] DEBUG io.netty.channel.DefaultChannelId - -Dio.netty.machineId: f0:18:98:ff:fe:8b:3d:ac (auto-detected)
2022-06-25 13:19:23.378 [AsyncHttpClient-1-2][4124] DEBUG io.netty.buffer.AbstractByteBuf - -Dio.netty.buffer.checkAccessible: true
2022-06-25 13:19:23.378 [AsyncHttpClient-1-2][4124] DEBUG io.netty.buffer.AbstractByteBuf - -Dio.netty.buffer.checkBounds: true
2022-06-25 13:19:23.378 [AsyncHttpClient-1-2][4124] DEBUG io.netty.util.ResourceLeakDetectorFactory - Loaded default ResourceLeakDetector: io.netty.util.ResourceLeakDetector@74c23308
2022-06-25 13:19:23.411 [AsyncHttpClient-1-2][4157] DEBUG io.netty.util.Recycler - -Dio.netty.recycler.maxCapacityPerThread: 4096
2022-06-25 13:19:23.411 [AsyncHttpClient-1-2][4157] DEBUG io.netty.util.Recycler - -Dio.netty.recycler.ratio: 8
2022-06-25 13:19:23.412 [AsyncHttpClient-1-2][4158] DEBUG io.netty.util.Recycler - -Dio.netty.recycler.chunkSize: 32
2022-06-25 13:19:23.412 [AsyncHttpClient-1-2][4158] DEBUG io.netty.util.Recycler - -Dio.netty.recycler.blocking: false
2022-06-25 13:19:26.064 [AsyncHttpClient-1-2][6810] DEBUG io.netty.handler.codec.compression.Brotli - brotli4j not in the classpath; Brotli support will be unavailable.
2022-06-25 13:19:26.208 [main][6954] DEBUG io.netty.util.internal.ThreadLocalRandom - -Dio.netty.initialSeedUniquifier: 0x501efe8ccbe6a2bc
