2022-06-23 15:39:05.350 [main][3179] DEBUG io.netty.util.internal.logging.InternalLoggerFactory - Using Log4J2 as the default logging framework
2022-06-23 15:39:05.361 [main][3190] DEBUG io.netty.util.ResourceLeakDetector - -Dio.netty.leakDetection.level: simple
2022-06-23 15:39:05.361 [main][3190] DEBUG io.netty.util.ResourceLeakDetector - -Dio.netty.leakDetection.targetRecords: 4
2022-06-23 15:39:05.367 [main][3196] DEBUG io.netty.util.ResourceLeakDetectorFactory - Loaded default ResourceLeakDetector: io.netty.util.ResourceLeakDetector@79b2852b
2022-06-23 15:39:05.397 [main][3226] DEBUG io.netty.util.internal.PlatformDependent0 - -Dio.netty.noUnsafe: false
2022-06-23 15:39:05.397 [main][3226] DEBUG io.netty.util.internal.PlatformDependent0 - Java version: 11
2022-06-23 15:39:05.399 [main][3228] DEBUG io.netty.util.internal.PlatformDependent0 - sun.misc.Unsafe.theUnsafe: available
2022-06-23 15:39:05.400 [main][3229] DEBUG io.netty.util.internal.PlatformDependent0 - sun.misc.Unsafe.copyMemory: available
2022-06-23 15:39:05.401 [main][3230] DEBUG io.netty.util.internal.PlatformDependent0 - sun.misc.Unsafe.storeFence: available
2022-06-23 15:39:05.401 [main][3230] DEBUG io.netty.util.internal.PlatformDependent0 - java.nio.Buffer.address: available
2022-06-23 15:39:05.402 [main][3231] DEBUG io.netty.util.internal.PlatformDependent0 - direct buffer constructor: unavailable: Reflective setAccessible(true) disabled
2022-06-23 15:39:05.403 [main][3232] DEBUG io.netty.util.internal.PlatformDependent0 - java.nio.Bits.unaligned: available, true
2022-06-23 15:39:05.404 [main][3233] DEBUG io.netty.util.internal.PlatformDependent0 - jdk.internal.misc.Unsafe.allocateUninitializedArray(int): unavailable: class io.netty.util.internal.PlatformDependent0$7 cannot access class jdk.internal.misc.Unsafe (in module java.base) because module java.base does not export jdk.internal.misc to unnamed module @660acfb
2022-06-23 15:39:05.405 [main][3234] DEBUG io.netty.util.internal.PlatformDependent0 - java.nio.DirectByteBuffer.<init>(long, int): unavailable
2022-06-23 15:39:05.406 [main][3235] DEBUG io.netty.util.internal.PlatformDependent - sun.misc.Unsafe: available
2022-06-23 15:39:05.406 [main][3235] DEBUG io.netty.util.internal.PlatformDependent - maxDirectMemory: 2147483648 bytes (maybe)
2022-06-23 15:39:05.407 [main][3236] DEBUG io.netty.util.internal.PlatformDependent - -Dio.netty.tmpdir: /var/folders/03/72hdn4qx7nj7g7kkk2s_2bcr0000gn/T (java.io.tmpdir)
2022-06-23 15:39:05.407 [main][3236] DEBUG io.netty.util.internal.PlatformDependent - -Dio.netty.bitMode: 64 (sun.arch.data.model)
2022-06-23 15:39:05.407 [main][3236] DEBUG io.netty.util.internal.PlatformDependent - Platform: MacOS
2022-06-23 15:39:05.415 [main][3244] DEBUG io.netty.util.internal.PlatformDependent - -Dio.netty.maxDirectMemory: -1 bytes
2022-06-23 15:39:05.415 [main][3244] DEBUG io.netty.util.internal.PlatformDependent - -Dio.netty.uninitializedArrayAllocationThreshold: -1
2022-06-23 15:39:05.416 [main][3245] DEBUG io.netty.util.internal.CleanerJava9 - java.nio.ByteBuffer.cleaner(): available
2022-06-23 15:39:05.417 [main][3246] DEBUG io.netty.util.internal.PlatformDependent - -Dio.netty.noPreferDirect: false
2022-06-23 15:39:05.424 [main][3253] DEBUG io.netty.util.internal.PlatformDependent - org.jctools-core.MpscChunkedArrayQueue: available
2022-06-23 15:39:05.460 [main][3289] DEBUG io.netty.util.internal.InternalThreadLocalMap - -Dio.netty.threadLocalMap.stringBuilder.initialSize: 1024
2022-06-23 15:39:05.460 [main][3289] DEBUG io.netty.util.internal.InternalThreadLocalMap - -Dio.netty.threadLocalMap.stringBuilder.maxSize: 4096
2022-06-23 15:39:05.487 [main][3316] DEBUG io.netty.handler.ssl.JdkSslContext - Default protocols (JDK): [TLSv1.3, TLSv1.2, TLSv1.1, TLSv1] 
2022-06-23 15:39:05.487 [main][3316] DEBUG io.netty.handler.ssl.JdkSslContext - Default cipher suites (JDK): [TLS_ECDHE_ECDSA_WITH_AES_256_GCM_SHA384, TLS_ECDHE_ECDSA_WITH_AES_128_GCM_SHA256, TLS_ECDHE_RSA_WITH_AES_128_GCM_SHA256, TLS_ECDHE_RSA_WITH_AES_256_GCM_SHA384, TLS_ECDHE_RSA_WITH_AES_128_CBC_SHA, TLS_ECDHE_RSA_WITH_AES_256_CBC_SHA, TLS_RSA_WITH_AES_128_GCM_SHA256, TLS_RSA_WITH_AES_128_CBC_SHA, TLS_RSA_WITH_AES_256_CBC_SHA, TLS_AES_128_GCM_SHA256, TLS_AES_256_GCM_SHA384]
2022-06-23 15:39:05.548 [main][3377] DEBUG io.netty.channel.MultithreadEventLoopGroup - -Dio.netty.eventLoopThreads: 8
2022-06-23 15:39:05.563 [main][3392] DEBUG io.netty.channel.nio.NioEventLoop - -Dio.netty.noKeySetOptimization: false
2022-06-23 15:39:05.563 [main][3392] DEBUG io.netty.channel.nio.NioEventLoop - -Dio.netty.selectorAutoRebuildThreshold: 512
2022-06-23 15:39:05.600 [main][3429] DEBUG io.netty.buffer.PooledByteBufAllocator - -Dio.netty.allocator.numHeapArenas: 8
2022-06-23 15:39:05.600 [main][3429] DEBUG io.netty.buffer.PooledByteBufAllocator - -Dio.netty.allocator.numDirectArenas: 8
2022-06-23 15:39:05.600 [main][3429] DEBUG io.netty.buffer.PooledByteBufAllocator - -Dio.netty.allocator.pageSize: 8192
2022-06-23 15:39:05.600 [main][3429] DEBUG io.netty.buffer.PooledByteBufAllocator - -Dio.netty.allocator.maxOrder: 9
2022-06-23 15:39:05.600 [main][3429] DEBUG io.netty.buffer.PooledByteBufAllocator - -Dio.netty.allocator.chunkSize: 4194304
2022-06-23 15:39:05.600 [main][3429] DEBUG io.netty.buffer.PooledByteBufAllocator - -Dio.netty.allocator.smallCacheSize: 256
2022-06-23 15:39:05.600 [main][3429] DEBUG io.netty.buffer.PooledByteBufAllocator - -Dio.netty.allocator.normalCacheSize: 64
2022-06-23 15:39:05.600 [main][3429] DEBUG io.netty.buffer.PooledByteBufAllocator - -Dio.netty.allocator.maxCachedBufferCapacity: 32768
2022-06-23 15:39:05.601 [main][3430] DEBUG io.netty.buffer.PooledByteBufAllocator - -Dio.netty.allocator.cacheTrimInterval: 8192
2022-06-23 15:39:05.601 [main][3430] DEBUG io.netty.buffer.PooledByteBufAllocator - -Dio.netty.allocator.cacheTrimIntervalMillis: 0
2022-06-23 15:39:05.601 [main][3430] DEBUG io.netty.buffer.PooledByteBufAllocator - -Dio.netty.allocator.useCacheForAllThreads: false
2022-06-23 15:39:05.601 [main][3430] DEBUG io.netty.buffer.PooledByteBufAllocator - -Dio.netty.allocator.maxCachedByteBuffersPerChunk: 1023
2022-06-23 15:39:05.621 [main][3450] DEBUG io.netty.buffer.ByteBufUtil - -Dio.netty.allocator.type: pooled
2022-06-23 15:39:05.621 [main][3450] DEBUG io.netty.buffer.ByteBufUtil - -Dio.netty.threadLocalDirectBufferSize: 0
2022-06-23 15:39:05.621 [main][3450] DEBUG io.netty.buffer.ByteBufUtil - -Dio.netty.maxThreadLocalCharBufferSize: 16384
2022-06-23 15:39:05.952 [Forwarding newSession on session null to remote][3781] DEBUG io.netty.channel.DefaultChannelId - -Dio.netty.processId: 5483 (auto-detected)
2022-06-23 15:39:05.955 [Forwarding newSession on session null to remote][3784] DEBUG io.netty.util.NetUtil - -Djava.net.preferIPv4Stack: false
2022-06-23 15:39:05.955 [Forwarding newSession on session null to remote][3784] DEBUG io.netty.util.NetUtil - -Djava.net.preferIPv6Addresses: false
2022-06-23 15:39:05.964 [Forwarding newSession on session null to remote][3793] DEBUG io.netty.util.NetUtilInitializations - Loopback interface: lo0 (lo0, 0:0:0:0:0:0:0:1%lo0)
2022-06-23 15:39:05.965 [Forwarding newSession on session null to remote][3794] DEBUG io.netty.util.NetUtil - Failed to get SOMAXCONN from sysctl and file /proc/sys/net/core/somaxconn. Default: 128
2022-06-23 15:39:05.967 [Forwarding newSession on session null to remote][3796] DEBUG io.netty.channel.DefaultChannelId - -Dio.netty.machineId: f0:18:98:ff:fe:8b:3d:ac (auto-detected)
2022-06-23 15:39:06.032 [AsyncHttpClient-1-2][3861] DEBUG io.netty.buffer.AbstractByteBuf - -Dio.netty.buffer.checkAccessible: true
2022-06-23 15:39:06.033 [AsyncHttpClient-1-2][3862] DEBUG io.netty.buffer.AbstractByteBuf - -Dio.netty.buffer.checkBounds: true
2022-06-23 15:39:06.033 [AsyncHttpClient-1-2][3862] DEBUG io.netty.util.ResourceLeakDetectorFactory - Loaded default ResourceLeakDetector: io.netty.util.ResourceLeakDetector@fd3f641
2022-06-23 15:39:06.057 [AsyncHttpClient-1-2][3886] DEBUG io.netty.util.Recycler - -Dio.netty.recycler.maxCapacityPerThread: 4096
2022-06-23 15:39:06.057 [AsyncHttpClient-1-2][3886] DEBUG io.netty.util.Recycler - -Dio.netty.recycler.ratio: 8
2022-06-23 15:39:06.057 [AsyncHttpClient-1-2][3886] DEBUG io.netty.util.Recycler - -Dio.netty.recycler.chunkSize: 32
2022-06-23 15:39:06.057 [AsyncHttpClient-1-2][3886] DEBUG io.netty.util.Recycler - -Dio.netty.recycler.blocking: false
2022-06-23 15:39:07.781 [AsyncHttpClient-1-2][5610] DEBUG io.netty.handler.codec.compression.Brotli - brotli4j not in the classpath; Brotli support will be unavailable.
2022-06-23 15:39:08.165 [main][5994] DEBUG io.netty.util.internal.ThreadLocalRandom - -Dio.netty.initialSeedUniquifier: 0xccc4bbcf0eea6443
2022-06-23 15:39:23.073 [main][20902] INFO  step_definitions.LinkValidationSteps - User is in the Home Page
2022-06-23 15:39:24.787 [main][22616] INFO  step_definitions.LinkValidationSteps - User clicked the Furniture link
2022-06-23 15:39:24.928 [main][22757] INFO  step_definitions.LinkValidationSteps - User is navigated to Furniture page
2022-06-23 15:39:41.812 [main][39641] INFO  step_definitions.LinkValidationSteps - User is in the Home Page
2022-06-23 15:39:42.190 [main][40019] INFO  step_definitions.LinkValidationSteps - User clicks the Notifications link
2022-06-23 15:39:42.389 [main][40218] INFO  step_definitions.LinkValidationSteps - Notifications sliding window comes up
