2022-06-25 12:59:04.694 [main][3320] DEBUG io.netty.util.internal.logging.InternalLoggerFactory - Using Log4J2 as the default logging framework
2022-06-25 12:59:04.706 [main][3332] DEBUG io.netty.util.ResourceLeakDetector - -Dio.netty.leakDetection.level: simple
2022-06-25 12:59:04.706 [main][3332] DEBUG io.netty.util.ResourceLeakDetector - -Dio.netty.leakDetection.targetRecords: 4
2022-06-25 12:59:04.711 [main][3337] DEBUG io.netty.util.ResourceLeakDetectorFactory - Loaded default ResourceLeakDetector: io.netty.util.ResourceLeakDetector@472a11ae
2022-06-25 12:59:04.740 [main][3366] DEBUG io.netty.util.internal.PlatformDependent0 - -Dio.netty.noUnsafe: false
2022-06-25 12:59:04.740 [main][3366] DEBUG io.netty.util.internal.PlatformDependent0 - Java version: 11
2022-06-25 12:59:04.743 [main][3369] DEBUG io.netty.util.internal.PlatformDependent0 - sun.misc.Unsafe.theUnsafe: available
2022-06-25 12:59:04.744 [main][3370] DEBUG io.netty.util.internal.PlatformDependent0 - sun.misc.Unsafe.copyMemory: available
2022-06-25 12:59:04.745 [main][3371] DEBUG io.netty.util.internal.PlatformDependent0 - sun.misc.Unsafe.storeFence: available
2022-06-25 12:59:04.745 [main][3371] DEBUG io.netty.util.internal.PlatformDependent0 - java.nio.Buffer.address: available
2022-06-25 12:59:04.745 [main][3371] DEBUG io.netty.util.internal.PlatformDependent0 - direct buffer constructor: unavailable: Reflective setAccessible(true) disabled
2022-06-25 12:59:04.746 [main][3372] DEBUG io.netty.util.internal.PlatformDependent0 - java.nio.Bits.unaligned: available, true
2022-06-25 12:59:04.747 [main][3373] DEBUG io.netty.util.internal.PlatformDependent0 - jdk.internal.misc.Unsafe.allocateUninitializedArray(int): unavailable: class io.netty.util.internal.PlatformDependent0$7 cannot access class jdk.internal.misc.Unsafe (in module java.base) because module java.base does not export jdk.internal.misc to unnamed module @1b1cfb87
2022-06-25 12:59:04.748 [main][3374] DEBUG io.netty.util.internal.PlatformDependent0 - java.nio.DirectByteBuffer.<init>(long, int): unavailable
2022-06-25 12:59:04.748 [main][3374] DEBUG io.netty.util.internal.PlatformDependent - sun.misc.Unsafe: available
2022-06-25 12:59:04.749 [main][3375] DEBUG io.netty.util.internal.PlatformDependent - maxDirectMemory: 2147483648 bytes (maybe)
2022-06-25 12:59:04.749 [main][3375] DEBUG io.netty.util.internal.PlatformDependent - -Dio.netty.tmpdir: /var/folders/03/72hdn4qx7nj7g7kkk2s_2bcr0000gn/T (java.io.tmpdir)
2022-06-25 12:59:04.749 [main][3375] DEBUG io.netty.util.internal.PlatformDependent - -Dio.netty.bitMode: 64 (sun.arch.data.model)
2022-06-25 12:59:04.750 [main][3376] DEBUG io.netty.util.internal.PlatformDependent - Platform: MacOS
2022-06-25 12:59:04.751 [main][3377] DEBUG io.netty.util.internal.PlatformDependent - -Dio.netty.maxDirectMemory: -1 bytes
2022-06-25 12:59:04.751 [main][3377] DEBUG io.netty.util.internal.PlatformDependent - -Dio.netty.uninitializedArrayAllocationThreshold: -1
2022-06-25 12:59:04.752 [main][3378] DEBUG io.netty.util.internal.CleanerJava9 - java.nio.ByteBuffer.cleaner(): available
2022-06-25 12:59:04.752 [main][3378] DEBUG io.netty.util.internal.PlatformDependent - -Dio.netty.noPreferDirect: false
2022-06-25 12:59:04.759 [main][3385] DEBUG io.netty.util.internal.PlatformDependent - org.jctools-core.MpscChunkedArrayQueue: available
2022-06-25 12:59:04.794 [main][3420] DEBUG io.netty.util.internal.InternalThreadLocalMap - -Dio.netty.threadLocalMap.stringBuilder.initialSize: 1024
2022-06-25 12:59:04.794 [main][3420] DEBUG io.netty.util.internal.InternalThreadLocalMap - -Dio.netty.threadLocalMap.stringBuilder.maxSize: 4096
2022-06-25 12:59:04.823 [main][3449] DEBUG io.netty.handler.ssl.JdkSslContext - Default protocols (JDK): [TLSv1.3, TLSv1.2, TLSv1.1, TLSv1] 
2022-06-25 12:59:04.823 [main][3449] DEBUG io.netty.handler.ssl.JdkSslContext - Default cipher suites (JDK): [TLS_ECDHE_ECDSA_WITH_AES_256_GCM_SHA384, TLS_ECDHE_ECDSA_WITH_AES_128_GCM_SHA256, TLS_ECDHE_RSA_WITH_AES_128_GCM_SHA256, TLS_ECDHE_RSA_WITH_AES_256_GCM_SHA384, TLS_ECDHE_RSA_WITH_AES_128_CBC_SHA, TLS_ECDHE_RSA_WITH_AES_256_CBC_SHA, TLS_RSA_WITH_AES_128_GCM_SHA256, TLS_RSA_WITH_AES_128_CBC_SHA, TLS_RSA_WITH_AES_256_CBC_SHA, TLS_AES_128_GCM_SHA256, TLS_AES_256_GCM_SHA384]
2022-06-25 12:59:04.854 [main][3480] DEBUG io.netty.channel.MultithreadEventLoopGroup - -Dio.netty.eventLoopThreads: 8
2022-06-25 12:59:04.863 [main][3489] DEBUG io.netty.channel.nio.NioEventLoop - -Dio.netty.noKeySetOptimization: false
2022-06-25 12:59:04.864 [main][3490] DEBUG io.netty.channel.nio.NioEventLoop - -Dio.netty.selectorAutoRebuildThreshold: 512
2022-06-25 12:59:04.914 [main][3540] DEBUG io.netty.buffer.PooledByteBufAllocator - -Dio.netty.allocator.numHeapArenas: 8
2022-06-25 12:59:04.915 [main][3541] DEBUG io.netty.buffer.PooledByteBufAllocator - -Dio.netty.allocator.numDirectArenas: 8
2022-06-25 12:59:04.915 [main][3541] DEBUG io.netty.buffer.PooledByteBufAllocator - -Dio.netty.allocator.pageSize: 8192
2022-06-25 12:59:04.915 [main][3541] DEBUG io.netty.buffer.PooledByteBufAllocator - -Dio.netty.allocator.maxOrder: 9
2022-06-25 12:59:04.915 [main][3541] DEBUG io.netty.buffer.PooledByteBufAllocator - -Dio.netty.allocator.chunkSize: 4194304
2022-06-25 12:59:04.915 [main][3541] DEBUG io.netty.buffer.PooledByteBufAllocator - -Dio.netty.allocator.smallCacheSize: 256
2022-06-25 12:59:04.915 [main][3541] DEBUG io.netty.buffer.PooledByteBufAllocator - -Dio.netty.allocator.normalCacheSize: 64
2022-06-25 12:59:04.915 [main][3541] DEBUG io.netty.buffer.PooledByteBufAllocator - -Dio.netty.allocator.maxCachedBufferCapacity: 32768
2022-06-25 12:59:04.915 [main][3541] DEBUG io.netty.buffer.PooledByteBufAllocator - -Dio.netty.allocator.cacheTrimInterval: 8192
2022-06-25 12:59:04.915 [main][3541] DEBUG io.netty.buffer.PooledByteBufAllocator - -Dio.netty.allocator.cacheTrimIntervalMillis: 0
2022-06-25 12:59:04.916 [main][3542] DEBUG io.netty.buffer.PooledByteBufAllocator - -Dio.netty.allocator.useCacheForAllThreads: false
2022-06-25 12:59:04.916 [main][3542] DEBUG io.netty.buffer.PooledByteBufAllocator - -Dio.netty.allocator.maxCachedByteBuffersPerChunk: 1023
2022-06-25 12:59:04.932 [main][3558] DEBUG io.netty.buffer.ByteBufUtil - -Dio.netty.allocator.type: pooled
2022-06-25 12:59:04.932 [main][3558] DEBUG io.netty.buffer.ByteBufUtil - -Dio.netty.threadLocalDirectBufferSize: 0
2022-06-25 12:59:04.932 [main][3558] DEBUG io.netty.buffer.ByteBufUtil - -Dio.netty.maxThreadLocalCharBufferSize: 16384
2022-06-25 12:59:05.213 [Forwarding newSession on session null to remote][3839] DEBUG io.netty.channel.DefaultChannelId - -Dio.netty.processId: 13414 (auto-detected)
2022-06-25 12:59:05.216 [Forwarding newSession on session null to remote][3842] DEBUG io.netty.util.NetUtil - -Djava.net.preferIPv4Stack: false
2022-06-25 12:59:05.216 [Forwarding newSession on session null to remote][3842] DEBUG io.netty.util.NetUtil - -Djava.net.preferIPv6Addresses: false
2022-06-25 12:59:05.222 [Forwarding newSession on session null to remote][3848] DEBUG io.netty.util.NetUtilInitializations - Loopback interface: lo0 (lo0, 0:0:0:0:0:0:0:1%lo0)
2022-06-25 12:59:05.223 [Forwarding newSession on session null to remote][3849] DEBUG io.netty.util.NetUtil - Failed to get SOMAXCONN from sysctl and file /proc/sys/net/core/somaxconn. Default: 128
2022-06-25 12:59:05.225 [Forwarding newSession on session null to remote][3851] DEBUG io.netty.channel.DefaultChannelId - -Dio.netty.machineId: f0:18:98:ff:fe:8b:3d:ac (auto-detected)
2022-06-25 12:59:05.298 [AsyncHttpClient-1-2][3924] DEBUG io.netty.buffer.AbstractByteBuf - -Dio.netty.buffer.checkAccessible: true
2022-06-25 12:59:05.298 [AsyncHttpClient-1-2][3924] DEBUG io.netty.buffer.AbstractByteBuf - -Dio.netty.buffer.checkBounds: true
2022-06-25 12:59:05.298 [AsyncHttpClient-1-2][3924] DEBUG io.netty.util.ResourceLeakDetectorFactory - Loaded default ResourceLeakDetector: io.netty.util.ResourceLeakDetector@586d4661
2022-06-25 12:59:05.322 [AsyncHttpClient-1-2][3948] DEBUG io.netty.util.Recycler - -Dio.netty.recycler.maxCapacityPerThread: 4096
2022-06-25 12:59:05.322 [AsyncHttpClient-1-2][3948] DEBUG io.netty.util.Recycler - -Dio.netty.recycler.ratio: 8
2022-06-25 12:59:05.322 [AsyncHttpClient-1-2][3948] DEBUG io.netty.util.Recycler - -Dio.netty.recycler.chunkSize: 32
2022-06-25 12:59:05.322 [AsyncHttpClient-1-2][3948] DEBUG io.netty.util.Recycler - -Dio.netty.recycler.blocking: false
2022-06-25 12:59:06.686 [AsyncHttpClient-1-2][5312] DEBUG io.netty.handler.codec.compression.Brotli - brotli4j not in the classpath; Brotli support will be unavailable.
2022-06-25 12:59:06.942 [main][5568] DEBUG io.netty.util.internal.ThreadLocalRandom - -Dio.netty.initialSeedUniquifier: 0x69fcda2c3d4f3dc0
2022-06-25 12:59:14.488 [main][13114] INFO  step_definitions.LoginSteps - User is in the Login Page
2022-06-25 12:59:30.068 [main][28694] INFO  step_definitions.LoginSteps - User has entered valid credentials
2022-06-25 12:59:30.173 [main][28799] INFO  step_definitions.LoginSteps - User clicked on Login Button
