2022-06-24 12:13:20.611 [main][2885] DEBUG io.netty.util.internal.logging.InternalLoggerFactory - Using Log4J2 as the default logging framework
2022-06-24 12:13:20.622 [main][2896] DEBUG io.netty.util.ResourceLeakDetector - -Dio.netty.leakDetection.level: simple
2022-06-24 12:13:20.622 [main][2896] DEBUG io.netty.util.ResourceLeakDetector - -Dio.netty.leakDetection.targetRecords: 4
2022-06-24 12:13:20.627 [main][2901] DEBUG io.netty.util.ResourceLeakDetectorFactory - Loaded default ResourceLeakDetector: io.netty.util.ResourceLeakDetector@472a11ae
2022-06-24 12:13:20.646 [main][2920] DEBUG io.netty.util.internal.PlatformDependent0 - -Dio.netty.noUnsafe: false
2022-06-24 12:13:20.646 [main][2920] DEBUG io.netty.util.internal.PlatformDependent0 - Java version: 11
2022-06-24 12:13:20.649 [main][2923] DEBUG io.netty.util.internal.PlatformDependent0 - sun.misc.Unsafe.theUnsafe: available
2022-06-24 12:13:20.649 [main][2923] DEBUG io.netty.util.internal.PlatformDependent0 - sun.misc.Unsafe.copyMemory: available
2022-06-24 12:13:20.650 [main][2924] DEBUG io.netty.util.internal.PlatformDependent0 - sun.misc.Unsafe.storeFence: available
2022-06-24 12:13:20.650 [main][2924] DEBUG io.netty.util.internal.PlatformDependent0 - java.nio.Buffer.address: available
2022-06-24 12:13:20.650 [main][2924] DEBUG io.netty.util.internal.PlatformDependent0 - direct buffer constructor: unavailable: Reflective setAccessible(true) disabled
2022-06-24 12:13:20.651 [main][2925] DEBUG io.netty.util.internal.PlatformDependent0 - java.nio.Bits.unaligned: available, true
2022-06-24 12:13:20.652 [main][2926] DEBUG io.netty.util.internal.PlatformDependent0 - jdk.internal.misc.Unsafe.allocateUninitializedArray(int): unavailable: class io.netty.util.internal.PlatformDependent0$7 cannot access class jdk.internal.misc.Unsafe (in module java.base) because module java.base does not export jdk.internal.misc to unnamed module @660acfb
2022-06-24 12:13:20.654 [main][2928] DEBUG io.netty.util.internal.PlatformDependent0 - java.nio.DirectByteBuffer.<init>(long, int): unavailable
2022-06-24 12:13:20.654 [main][2928] DEBUG io.netty.util.internal.PlatformDependent - sun.misc.Unsafe: available
2022-06-24 12:13:20.654 [main][2928] DEBUG io.netty.util.internal.PlatformDependent - maxDirectMemory: 2147483648 bytes (maybe)
2022-06-24 12:13:20.654 [main][2928] DEBUG io.netty.util.internal.PlatformDependent - -Dio.netty.tmpdir: /var/folders/03/72hdn4qx7nj7g7kkk2s_2bcr0000gn/T (java.io.tmpdir)
2022-06-24 12:13:20.655 [main][2929] DEBUG io.netty.util.internal.PlatformDependent - -Dio.netty.bitMode: 64 (sun.arch.data.model)
2022-06-24 12:13:20.655 [main][2929] DEBUG io.netty.util.internal.PlatformDependent - Platform: MacOS
2022-06-24 12:13:20.655 [main][2929] DEBUG io.netty.util.internal.PlatformDependent - -Dio.netty.maxDirectMemory: -1 bytes
2022-06-24 12:13:20.655 [main][2929] DEBUG io.netty.util.internal.PlatformDependent - -Dio.netty.uninitializedArrayAllocationThreshold: -1
2022-06-24 12:13:20.656 [main][2930] DEBUG io.netty.util.internal.CleanerJava9 - java.nio.ByteBuffer.cleaner(): available
2022-06-24 12:13:20.656 [main][2930] DEBUG io.netty.util.internal.PlatformDependent - -Dio.netty.noPreferDirect: false
2022-06-24 12:13:20.661 [main][2935] DEBUG io.netty.util.internal.PlatformDependent - org.jctools-core.MpscChunkedArrayQueue: available
2022-06-24 12:13:20.684 [main][2958] DEBUG io.netty.util.internal.InternalThreadLocalMap - -Dio.netty.threadLocalMap.stringBuilder.initialSize: 1024
2022-06-24 12:13:20.684 [main][2958] DEBUG io.netty.util.internal.InternalThreadLocalMap - -Dio.netty.threadLocalMap.stringBuilder.maxSize: 4096
2022-06-24 12:13:20.709 [main][2983] DEBUG io.netty.handler.ssl.JdkSslContext - Default protocols (JDK): [TLSv1.3, TLSv1.2, TLSv1.1, TLSv1] 
2022-06-24 12:13:20.710 [main][2984] DEBUG io.netty.handler.ssl.JdkSslContext - Default cipher suites (JDK): [TLS_ECDHE_ECDSA_WITH_AES_256_GCM_SHA384, TLS_ECDHE_ECDSA_WITH_AES_128_GCM_SHA256, TLS_ECDHE_RSA_WITH_AES_128_GCM_SHA256, TLS_ECDHE_RSA_WITH_AES_256_GCM_SHA384, TLS_ECDHE_RSA_WITH_AES_128_CBC_SHA, TLS_ECDHE_RSA_WITH_AES_256_CBC_SHA, TLS_RSA_WITH_AES_128_GCM_SHA256, TLS_RSA_WITH_AES_128_CBC_SHA, TLS_RSA_WITH_AES_256_CBC_SHA, TLS_AES_128_GCM_SHA256, TLS_AES_256_GCM_SHA384]
2022-06-24 12:13:20.737 [main][3011] DEBUG io.netty.channel.MultithreadEventLoopGroup - -Dio.netty.eventLoopThreads: 8
2022-06-24 12:13:20.745 [main][3019] DEBUG io.netty.channel.nio.NioEventLoop - -Dio.netty.noKeySetOptimization: false
2022-06-24 12:13:20.745 [main][3019] DEBUG io.netty.channel.nio.NioEventLoop - -Dio.netty.selectorAutoRebuildThreshold: 512
2022-06-24 12:13:20.774 [main][3048] DEBUG io.netty.buffer.PooledByteBufAllocator - -Dio.netty.allocator.numHeapArenas: 8
2022-06-24 12:13:20.774 [main][3048] DEBUG io.netty.buffer.PooledByteBufAllocator - -Dio.netty.allocator.numDirectArenas: 8
2022-06-24 12:13:20.774 [main][3048] DEBUG io.netty.buffer.PooledByteBufAllocator - -Dio.netty.allocator.pageSize: 8192
2022-06-24 12:13:20.774 [main][3048] DEBUG io.netty.buffer.PooledByteBufAllocator - -Dio.netty.allocator.maxOrder: 9
2022-06-24 12:13:20.774 [main][3048] DEBUG io.netty.buffer.PooledByteBufAllocator - -Dio.netty.allocator.chunkSize: 4194304
2022-06-24 12:13:20.774 [main][3048] DEBUG io.netty.buffer.PooledByteBufAllocator - -Dio.netty.allocator.smallCacheSize: 256
2022-06-24 12:13:20.774 [main][3048] DEBUG io.netty.buffer.PooledByteBufAllocator - -Dio.netty.allocator.normalCacheSize: 64
2022-06-24 12:13:20.774 [main][3048] DEBUG io.netty.buffer.PooledByteBufAllocator - -Dio.netty.allocator.maxCachedBufferCapacity: 32768
2022-06-24 12:13:20.774 [main][3048] DEBUG io.netty.buffer.PooledByteBufAllocator - -Dio.netty.allocator.cacheTrimInterval: 8192
2022-06-24 12:13:20.774 [main][3048] DEBUG io.netty.buffer.PooledByteBufAllocator - -Dio.netty.allocator.cacheTrimIntervalMillis: 0
2022-06-24 12:13:20.774 [main][3048] DEBUG io.netty.buffer.PooledByteBufAllocator - -Dio.netty.allocator.useCacheForAllThreads: false
2022-06-24 12:13:20.775 [main][3049] DEBUG io.netty.buffer.PooledByteBufAllocator - -Dio.netty.allocator.maxCachedByteBuffersPerChunk: 1023
2022-06-24 12:13:20.797 [main][3071] DEBUG io.netty.buffer.ByteBufUtil - -Dio.netty.allocator.type: pooled
2022-06-24 12:13:20.797 [main][3071] DEBUG io.netty.buffer.ByteBufUtil - -Dio.netty.threadLocalDirectBufferSize: 0
2022-06-24 12:13:20.798 [main][3072] DEBUG io.netty.buffer.ByteBufUtil - -Dio.netty.maxThreadLocalCharBufferSize: 16384
2022-06-24 12:13:21.110 [Forwarding newSession on session null to remote][3384] DEBUG io.netty.channel.DefaultChannelId - -Dio.netty.processId: 7737 (auto-detected)
2022-06-24 12:13:21.113 [Forwarding newSession on session null to remote][3387] DEBUG io.netty.util.NetUtil - -Djava.net.preferIPv4Stack: false
2022-06-24 12:13:21.113 [Forwarding newSession on session null to remote][3387] DEBUG io.netty.util.NetUtil - -Djava.net.preferIPv6Addresses: false
2022-06-24 12:13:21.122 [Forwarding newSession on session null to remote][3396] DEBUG io.netty.util.NetUtilInitializations - Loopback interface: lo0 (lo0, 0:0:0:0:0:0:0:1%lo0)
2022-06-24 12:13:21.122 [Forwarding newSession on session null to remote][3396] DEBUG io.netty.util.NetUtil - Failed to get SOMAXCONN from sysctl and file /proc/sys/net/core/somaxconn. Default: 128
2022-06-24 12:13:21.125 [Forwarding newSession on session null to remote][3399] DEBUG io.netty.channel.DefaultChannelId - -Dio.netty.machineId: f0:18:98:ff:fe:8b:3d:ac (auto-detected)
2022-06-24 12:13:21.187 [AsyncHttpClient-1-2][3461] DEBUG io.netty.buffer.AbstractByteBuf - -Dio.netty.buffer.checkAccessible: true
2022-06-24 12:13:21.187 [AsyncHttpClient-1-2][3461] DEBUG io.netty.buffer.AbstractByteBuf - -Dio.netty.buffer.checkBounds: true
2022-06-24 12:13:21.187 [AsyncHttpClient-1-2][3461] DEBUG io.netty.util.ResourceLeakDetectorFactory - Loaded default ResourceLeakDetector: io.netty.util.ResourceLeakDetector@6fc7d2c6
2022-06-24 12:13:21.222 [AsyncHttpClient-1-2][3496] DEBUG io.netty.util.Recycler - -Dio.netty.recycler.maxCapacityPerThread: 4096
2022-06-24 12:13:21.223 [AsyncHttpClient-1-2][3497] DEBUG io.netty.util.Recycler - -Dio.netty.recycler.ratio: 8
2022-06-24 12:13:21.224 [AsyncHttpClient-1-2][3498] DEBUG io.netty.util.Recycler - -Dio.netty.recycler.chunkSize: 32
2022-06-24 12:13:21.225 [AsyncHttpClient-1-2][3499] DEBUG io.netty.util.Recycler - -Dio.netty.recycler.blocking: false
2022-06-24 12:13:22.486 [AsyncHttpClient-1-2][4760] DEBUG io.netty.handler.codec.compression.Brotli - brotli4j not in the classpath; Brotli support will be unavailable.
2022-06-24 12:13:22.721 [main][4995] DEBUG io.netty.util.internal.ThreadLocalRandom - -Dio.netty.initialSeedUniquifier: 0xa4e8ca87fa79b012
2022-06-24 12:13:39.872 [main][22146] INFO  step_definitions.LinkValidationSteps - Closing pop-up window
2022-06-24 12:13:39.952 [main][22226] INFO  step_definitions.LinkValidationSteps - User is in the Home Page
2022-06-24 12:13:40.363 [main][22637] INFO  step_definitions.LinkValidationSteps - user enters a product name into the search field
2022-06-24 12:13:42.738 [main][25012] INFO  step_definitions.LinkValidationSteps - Click on search button
2022-06-24 12:13:42.903 [main][25177] INFO  step_definitions.LinkValidationSteps - User is navigate to search results related to the product
2022-06-24 12:13:42.920 [main][25194] INFO  step_definitions.LinkValidationSteps - A user is in the search result page
