2022-06-22 23:12:20.126 [main][2897] DEBUG io.netty.util.internal.logging.InternalLoggerFactory - Using Log4J2 as the default logging framework
2022-06-22 23:12:20.136 [main][2907] DEBUG io.netty.util.ResourceLeakDetector - -Dio.netty.leakDetection.level: simple
2022-06-22 23:12:20.136 [main][2907] DEBUG io.netty.util.ResourceLeakDetector - -Dio.netty.leakDetection.targetRecords: 4
2022-06-22 23:12:20.141 [main][2912] DEBUG io.netty.util.ResourceLeakDetectorFactory - Loaded default ResourceLeakDetector: io.netty.util.ResourceLeakDetector@1ffcf674
2022-06-22 23:12:20.169 [main][2940] DEBUG io.netty.util.internal.PlatformDependent0 - -Dio.netty.noUnsafe: false
2022-06-22 23:12:20.169 [main][2940] DEBUG io.netty.util.internal.PlatformDependent0 - Java version: 11
2022-06-22 23:12:20.172 [main][2943] DEBUG io.netty.util.internal.PlatformDependent0 - sun.misc.Unsafe.theUnsafe: available
2022-06-22 23:12:20.173 [main][2944] DEBUG io.netty.util.internal.PlatformDependent0 - sun.misc.Unsafe.copyMemory: available
2022-06-22 23:12:20.174 [main][2945] DEBUG io.netty.util.internal.PlatformDependent0 - sun.misc.Unsafe.storeFence: available
2022-06-22 23:12:20.174 [main][2945] DEBUG io.netty.util.internal.PlatformDependent0 - java.nio.Buffer.address: available
2022-06-22 23:12:20.175 [main][2946] DEBUG io.netty.util.internal.PlatformDependent0 - direct buffer constructor: unavailable: Reflective setAccessible(true) disabled
2022-06-22 23:12:20.175 [main][2946] DEBUG io.netty.util.internal.PlatformDependent0 - java.nio.Bits.unaligned: available, true
2022-06-22 23:12:20.177 [main][2948] DEBUG io.netty.util.internal.PlatformDependent0 - jdk.internal.misc.Unsafe.allocateUninitializedArray(int): unavailable: class io.netty.util.internal.PlatformDependent0$7 cannot access class jdk.internal.misc.Unsafe (in module java.base) because module java.base does not export jdk.internal.misc to unnamed module @3bd82cf5
2022-06-22 23:12:20.178 [main][2949] DEBUG io.netty.util.internal.PlatformDependent0 - java.nio.DirectByteBuffer.<init>(long, int): unavailable
2022-06-22 23:12:20.178 [main][2949] DEBUG io.netty.util.internal.PlatformDependent - sun.misc.Unsafe: available
2022-06-22 23:12:20.178 [main][2949] DEBUG io.netty.util.internal.PlatformDependent - maxDirectMemory: 2147483648 bytes (maybe)
2022-06-22 23:12:20.179 [main][2950] DEBUG io.netty.util.internal.PlatformDependent - -Dio.netty.tmpdir: /var/folders/03/72hdn4qx7nj7g7kkk2s_2bcr0000gn/T (java.io.tmpdir)
2022-06-22 23:12:20.179 [main][2950] DEBUG io.netty.util.internal.PlatformDependent - -Dio.netty.bitMode: 64 (sun.arch.data.model)
2022-06-22 23:12:20.179 [main][2950] DEBUG io.netty.util.internal.PlatformDependent - Platform: MacOS
2022-06-22 23:12:20.180 [main][2951] DEBUG io.netty.util.internal.PlatformDependent - -Dio.netty.maxDirectMemory: -1 bytes
2022-06-22 23:12:20.180 [main][2951] DEBUG io.netty.util.internal.PlatformDependent - -Dio.netty.uninitializedArrayAllocationThreshold: -1
2022-06-22 23:12:20.181 [main][2952] DEBUG io.netty.util.internal.CleanerJava9 - java.nio.ByteBuffer.cleaner(): available
2022-06-22 23:12:20.181 [main][2952] DEBUG io.netty.util.internal.PlatformDependent - -Dio.netty.noPreferDirect: false
2022-06-22 23:12:20.189 [main][2960] DEBUG io.netty.util.internal.PlatformDependent - org.jctools-core.MpscChunkedArrayQueue: available
2022-06-22 23:12:20.216 [main][2987] DEBUG io.netty.util.internal.InternalThreadLocalMap - -Dio.netty.threadLocalMap.stringBuilder.initialSize: 1024
2022-06-22 23:12:20.216 [main][2987] DEBUG io.netty.util.internal.InternalThreadLocalMap - -Dio.netty.threadLocalMap.stringBuilder.maxSize: 4096
2022-06-22 23:12:20.240 [main][3011] DEBUG io.netty.handler.ssl.JdkSslContext - Default protocols (JDK): [TLSv1.3, TLSv1.2, TLSv1.1, TLSv1] 
2022-06-22 23:12:20.240 [main][3011] DEBUG io.netty.handler.ssl.JdkSslContext - Default cipher suites (JDK): [TLS_ECDHE_ECDSA_WITH_AES_256_GCM_SHA384, TLS_ECDHE_ECDSA_WITH_AES_128_GCM_SHA256, TLS_ECDHE_RSA_WITH_AES_128_GCM_SHA256, TLS_ECDHE_RSA_WITH_AES_256_GCM_SHA384, TLS_ECDHE_RSA_WITH_AES_128_CBC_SHA, TLS_ECDHE_RSA_WITH_AES_256_CBC_SHA, TLS_RSA_WITH_AES_128_GCM_SHA256, TLS_RSA_WITH_AES_128_CBC_SHA, TLS_RSA_WITH_AES_256_CBC_SHA, TLS_AES_128_GCM_SHA256, TLS_AES_256_GCM_SHA384]
2022-06-22 23:12:20.272 [main][3043] DEBUG io.netty.channel.MultithreadEventLoopGroup - -Dio.netty.eventLoopThreads: 8
2022-06-22 23:12:20.283 [main][3054] DEBUG io.netty.channel.nio.NioEventLoop - -Dio.netty.noKeySetOptimization: false
2022-06-22 23:12:20.283 [main][3054] DEBUG io.netty.channel.nio.NioEventLoop - -Dio.netty.selectorAutoRebuildThreshold: 512
2022-06-22 23:12:20.327 [main][3098] DEBUG io.netty.buffer.PooledByteBufAllocator - -Dio.netty.allocator.numHeapArenas: 8
2022-06-22 23:12:20.327 [main][3098] DEBUG io.netty.buffer.PooledByteBufAllocator - -Dio.netty.allocator.numDirectArenas: 8
2022-06-22 23:12:20.327 [main][3098] DEBUG io.netty.buffer.PooledByteBufAllocator - -Dio.netty.allocator.pageSize: 8192
2022-06-22 23:12:20.327 [main][3098] DEBUG io.netty.buffer.PooledByteBufAllocator - -Dio.netty.allocator.maxOrder: 9
2022-06-22 23:12:20.327 [main][3098] DEBUG io.netty.buffer.PooledByteBufAllocator - -Dio.netty.allocator.chunkSize: 4194304
2022-06-22 23:12:20.327 [main][3098] DEBUG io.netty.buffer.PooledByteBufAllocator - -Dio.netty.allocator.smallCacheSize: 256
2022-06-22 23:12:20.328 [main][3099] DEBUG io.netty.buffer.PooledByteBufAllocator - -Dio.netty.allocator.normalCacheSize: 64
2022-06-22 23:12:20.328 [main][3099] DEBUG io.netty.buffer.PooledByteBufAllocator - -Dio.netty.allocator.maxCachedBufferCapacity: 32768
2022-06-22 23:12:20.328 [main][3099] DEBUG io.netty.buffer.PooledByteBufAllocator - -Dio.netty.allocator.cacheTrimInterval: 8192
2022-06-22 23:12:20.328 [main][3099] DEBUG io.netty.buffer.PooledByteBufAllocator - -Dio.netty.allocator.cacheTrimIntervalMillis: 0
2022-06-22 23:12:20.328 [main][3099] DEBUG io.netty.buffer.PooledByteBufAllocator - -Dio.netty.allocator.useCacheForAllThreads: false
2022-06-22 23:12:20.328 [main][3099] DEBUG io.netty.buffer.PooledByteBufAllocator - -Dio.netty.allocator.maxCachedByteBuffersPerChunk: 1023
2022-06-22 23:12:20.342 [main][3113] DEBUG io.netty.buffer.ByteBufUtil - -Dio.netty.allocator.type: pooled
2022-06-22 23:12:20.342 [main][3113] DEBUG io.netty.buffer.ByteBufUtil - -Dio.netty.threadLocalDirectBufferSize: 0
2022-06-22 23:12:20.342 [main][3113] DEBUG io.netty.buffer.ByteBufUtil - -Dio.netty.maxThreadLocalCharBufferSize: 16384
2022-06-22 23:12:20.620 [Forwarding newSession on session null to remote][3391] DEBUG io.netty.channel.DefaultChannelId - -Dio.netty.processId: 23308 (auto-detected)
2022-06-22 23:12:20.623 [Forwarding newSession on session null to remote][3394] DEBUG io.netty.util.NetUtil - -Djava.net.preferIPv4Stack: false
2022-06-22 23:12:20.623 [Forwarding newSession on session null to remote][3394] DEBUG io.netty.util.NetUtil - -Djava.net.preferIPv6Addresses: false
2022-06-22 23:12:20.629 [Forwarding newSession on session null to remote][3400] DEBUG io.netty.util.NetUtilInitializations - Loopback interface: lo0 (lo0, 0:0:0:0:0:0:0:1%lo0)
2022-06-22 23:12:20.630 [Forwarding newSession on session null to remote][3401] DEBUG io.netty.util.NetUtil - Failed to get SOMAXCONN from sysctl and file /proc/sys/net/core/somaxconn. Default: 128
2022-06-22 23:12:20.632 [Forwarding newSession on session null to remote][3403] DEBUG io.netty.channel.DefaultChannelId - -Dio.netty.machineId: f0:18:98:ff:fe:8b:3d:ac (auto-detected)
2022-06-22 23:12:20.734 [AsyncHttpClient-1-2][3505] DEBUG io.netty.buffer.AbstractByteBuf - -Dio.netty.buffer.checkAccessible: true
2022-06-22 23:12:20.735 [AsyncHttpClient-1-2][3506] DEBUG io.netty.buffer.AbstractByteBuf - -Dio.netty.buffer.checkBounds: true
2022-06-22 23:12:20.735 [AsyncHttpClient-1-2][3506] DEBUG io.netty.util.ResourceLeakDetectorFactory - Loaded default ResourceLeakDetector: io.netty.util.ResourceLeakDetector@7834be7e
2022-06-22 23:12:20.767 [AsyncHttpClient-1-2][3538] DEBUG io.netty.util.Recycler - -Dio.netty.recycler.maxCapacityPerThread: 4096
2022-06-22 23:12:20.768 [AsyncHttpClient-1-2][3539] DEBUG io.netty.util.Recycler - -Dio.netty.recycler.ratio: 8
2022-06-22 23:12:20.768 [AsyncHttpClient-1-2][3539] DEBUG io.netty.util.Recycler - -Dio.netty.recycler.chunkSize: 32
2022-06-22 23:12:20.768 [AsyncHttpClient-1-2][3539] DEBUG io.netty.util.Recycler - -Dio.netty.recycler.blocking: false
2022-06-22 23:12:22.171 [AsyncHttpClient-1-2][4942] DEBUG io.netty.handler.codec.compression.Brotli - brotli4j not in the classpath; Brotli support will be unavailable.
2022-06-22 23:12:22.396 [main][5167] DEBUG io.netty.util.internal.ThreadLocalRandom - -Dio.netty.initialSeedUniquifier: 0x73454b1a6d554223
