2022-06-25 13:22:48.585 [main][4470] DEBUG io.netty.util.internal.logging.InternalLoggerFactory - Using Log4J2 as the default logging framework
2022-06-25 13:22:48.614 [main][4499] DEBUG io.netty.util.ResourceLeakDetector - -Dio.netty.leakDetection.level: simple
2022-06-25 13:22:48.614 [main][4499] DEBUG io.netty.util.ResourceLeakDetector - -Dio.netty.leakDetection.targetRecords: 4
2022-06-25 13:22:48.620 [main][4505] DEBUG io.netty.util.ResourceLeakDetectorFactory - Loaded default ResourceLeakDetector: io.netty.util.ResourceLeakDetector@51288417
2022-06-25 13:22:48.658 [main][4543] DEBUG io.netty.util.internal.PlatformDependent0 - -Dio.netty.noUnsafe: false
2022-06-25 13:22:48.659 [main][4544] DEBUG io.netty.util.internal.PlatformDependent0 - Java version: 11
2022-06-25 13:22:48.665 [main][4550] DEBUG io.netty.util.internal.PlatformDependent0 - sun.misc.Unsafe.theUnsafe: available
2022-06-25 13:22:48.666 [main][4551] DEBUG io.netty.util.internal.PlatformDependent0 - sun.misc.Unsafe.copyMemory: available
2022-06-25 13:22:48.666 [main][4551] DEBUG io.netty.util.internal.PlatformDependent0 - sun.misc.Unsafe.storeFence: available
2022-06-25 13:22:48.667 [main][4552] DEBUG io.netty.util.internal.PlatformDependent0 - java.nio.Buffer.address: available
2022-06-25 13:22:48.667 [main][4552] DEBUG io.netty.util.internal.PlatformDependent0 - direct buffer constructor: unavailable: Reflective setAccessible(true) disabled
2022-06-25 13:22:48.668 [main][4553] DEBUG io.netty.util.internal.PlatformDependent0 - java.nio.Bits.unaligned: available, true
2022-06-25 13:22:48.671 [main][4556] DEBUG io.netty.util.internal.PlatformDependent0 - jdk.internal.misc.Unsafe.allocateUninitializedArray(int): unavailable: class io.netty.util.internal.PlatformDependent0$7 cannot access class jdk.internal.misc.Unsafe (in module java.base) because module java.base does not export jdk.internal.misc to unnamed module @1b1cfb87
2022-06-25 13:22:48.673 [main][4558] DEBUG io.netty.util.internal.PlatformDependent0 - java.nio.DirectByteBuffer.<init>(long, int): unavailable
2022-06-25 13:22:48.674 [main][4559] DEBUG io.netty.util.internal.PlatformDependent - sun.misc.Unsafe: available
2022-06-25 13:22:48.674 [main][4559] DEBUG io.netty.util.internal.PlatformDependent - maxDirectMemory: 2147483648 bytes (maybe)
2022-06-25 13:22:48.674 [main][4559] DEBUG io.netty.util.internal.PlatformDependent - -Dio.netty.tmpdir: /var/folders/03/72hdn4qx7nj7g7kkk2s_2bcr0000gn/T (java.io.tmpdir)
2022-06-25 13:22:48.675 [main][4560] DEBUG io.netty.util.internal.PlatformDependent - -Dio.netty.bitMode: 64 (sun.arch.data.model)
2022-06-25 13:22:48.675 [main][4560] DEBUG io.netty.util.internal.PlatformDependent - Platform: MacOS
2022-06-25 13:22:48.676 [main][4561] DEBUG io.netty.util.internal.PlatformDependent - -Dio.netty.maxDirectMemory: -1 bytes
2022-06-25 13:22:48.676 [main][4561] DEBUG io.netty.util.internal.PlatformDependent - -Dio.netty.uninitializedArrayAllocationThreshold: -1
2022-06-25 13:22:48.679 [main][4564] DEBUG io.netty.util.internal.CleanerJava9 - java.nio.ByteBuffer.cleaner(): available
2022-06-25 13:22:48.680 [main][4565] DEBUG io.netty.util.internal.PlatformDependent - -Dio.netty.noPreferDirect: false
2022-06-25 13:22:48.690 [main][4575] DEBUG io.netty.util.internal.PlatformDependent - org.jctools-core.MpscChunkedArrayQueue: available
2022-06-25 13:22:48.742 [main][4627] DEBUG io.netty.util.internal.InternalThreadLocalMap - -Dio.netty.threadLocalMap.stringBuilder.initialSize: 1024
2022-06-25 13:22:48.742 [main][4627] DEBUG io.netty.util.internal.InternalThreadLocalMap - -Dio.netty.threadLocalMap.stringBuilder.maxSize: 4096
2022-06-25 13:22:48.785 [main][4670] DEBUG io.netty.handler.ssl.JdkSslContext - Default protocols (JDK): [TLSv1.3, TLSv1.2, TLSv1.1, TLSv1] 
2022-06-25 13:22:48.786 [main][4671] DEBUG io.netty.handler.ssl.JdkSslContext - Default cipher suites (JDK): [TLS_ECDHE_ECDSA_WITH_AES_256_GCM_SHA384, TLS_ECDHE_ECDSA_WITH_AES_128_GCM_SHA256, TLS_ECDHE_RSA_WITH_AES_128_GCM_SHA256, TLS_ECDHE_RSA_WITH_AES_256_GCM_SHA384, TLS_ECDHE_RSA_WITH_AES_128_CBC_SHA, TLS_ECDHE_RSA_WITH_AES_256_CBC_SHA, TLS_RSA_WITH_AES_128_GCM_SHA256, TLS_RSA_WITH_AES_128_CBC_SHA, TLS_RSA_WITH_AES_256_CBC_SHA, TLS_AES_128_GCM_SHA256, TLS_AES_256_GCM_SHA384]
2022-06-25 13:22:48.821 [main][4706] DEBUG io.netty.channel.MultithreadEventLoopGroup - -Dio.netty.eventLoopThreads: 8
2022-06-25 13:22:48.838 [main][4723] DEBUG io.netty.channel.nio.NioEventLoop - -Dio.netty.noKeySetOptimization: false
2022-06-25 13:22:48.838 [main][4723] DEBUG io.netty.channel.nio.NioEventLoop - -Dio.netty.selectorAutoRebuildThreshold: 512
2022-06-25 13:22:48.885 [main][4770] DEBUG io.netty.buffer.PooledByteBufAllocator - -Dio.netty.allocator.numHeapArenas: 8
2022-06-25 13:22:48.885 [main][4770] DEBUG io.netty.buffer.PooledByteBufAllocator - -Dio.netty.allocator.numDirectArenas: 8
2022-06-25 13:22:48.885 [main][4770] DEBUG io.netty.buffer.PooledByteBufAllocator - -Dio.netty.allocator.pageSize: 8192
2022-06-25 13:22:48.885 [main][4770] DEBUG io.netty.buffer.PooledByteBufAllocator - -Dio.netty.allocator.maxOrder: 9
2022-06-25 13:22:48.885 [main][4770] DEBUG io.netty.buffer.PooledByteBufAllocator - -Dio.netty.allocator.chunkSize: 4194304
2022-06-25 13:22:48.885 [main][4770] DEBUG io.netty.buffer.PooledByteBufAllocator - -Dio.netty.allocator.smallCacheSize: 256
2022-06-25 13:22:48.885 [main][4770] DEBUG io.netty.buffer.PooledByteBufAllocator - -Dio.netty.allocator.normalCacheSize: 64
2022-06-25 13:22:48.886 [main][4771] DEBUG io.netty.buffer.PooledByteBufAllocator - -Dio.netty.allocator.maxCachedBufferCapacity: 32768
2022-06-25 13:22:48.886 [main][4771] DEBUG io.netty.buffer.PooledByteBufAllocator - -Dio.netty.allocator.cacheTrimInterval: 8192
2022-06-25 13:22:48.886 [main][4771] DEBUG io.netty.buffer.PooledByteBufAllocator - -Dio.netty.allocator.cacheTrimIntervalMillis: 0
2022-06-25 13:22:48.886 [main][4771] DEBUG io.netty.buffer.PooledByteBufAllocator - -Dio.netty.allocator.useCacheForAllThreads: false
2022-06-25 13:22:48.886 [main][4771] DEBUG io.netty.buffer.PooledByteBufAllocator - -Dio.netty.allocator.maxCachedByteBuffersPerChunk: 1023
2022-06-25 13:22:48.904 [main][4789] DEBUG io.netty.buffer.ByteBufUtil - -Dio.netty.allocator.type: pooled
2022-06-25 13:22:48.905 [main][4790] DEBUG io.netty.buffer.ByteBufUtil - -Dio.netty.threadLocalDirectBufferSize: 0
2022-06-25 13:22:48.905 [main][4790] DEBUG io.netty.buffer.ByteBufUtil - -Dio.netty.maxThreadLocalCharBufferSize: 16384
2022-06-25 13:22:49.402 [Forwarding newSession on session null to remote][5287] DEBUG io.netty.channel.DefaultChannelId - -Dio.netty.processId: 13773 (auto-detected)
2022-06-25 13:22:49.405 [Forwarding newSession on session null to remote][5290] DEBUG io.netty.util.NetUtil - -Djava.net.preferIPv4Stack: false
2022-06-25 13:22:49.406 [Forwarding newSession on session null to remote][5291] DEBUG io.netty.util.NetUtil - -Djava.net.preferIPv6Addresses: false
2022-06-25 13:22:49.417 [Forwarding newSession on session null to remote][5302] DEBUG io.netty.util.NetUtilInitializations - Loopback interface: lo0 (lo0, 0:0:0:0:0:0:0:1%lo0)
2022-06-25 13:22:49.418 [Forwarding newSession on session null to remote][5303] DEBUG io.netty.util.NetUtil - Failed to get SOMAXCONN from sysctl and file /proc/sys/net/core/somaxconn. Default: 128
2022-06-25 13:22:49.421 [Forwarding newSession on session null to remote][5306] DEBUG io.netty.channel.DefaultChannelId - -Dio.netty.machineId: f0:18:98:ff:fe:8b:3d:ac (auto-detected)
2022-06-25 13:22:49.593 [AsyncHttpClient-1-2][5478] DEBUG io.netty.buffer.AbstractByteBuf - -Dio.netty.buffer.checkAccessible: true
2022-06-25 13:22:49.593 [AsyncHttpClient-1-2][5478] DEBUG io.netty.buffer.AbstractByteBuf - -Dio.netty.buffer.checkBounds: true
2022-06-25 13:22:49.593 [AsyncHttpClient-1-2][5478] DEBUG io.netty.util.ResourceLeakDetectorFactory - Loaded default ResourceLeakDetector: io.netty.util.ResourceLeakDetector@2674a2f3
2022-06-25 13:22:49.626 [AsyncHttpClient-1-2][5511] DEBUG io.netty.util.Recycler - -Dio.netty.recycler.maxCapacityPerThread: 4096
2022-06-25 13:22:49.627 [AsyncHttpClient-1-2][5512] DEBUG io.netty.util.Recycler - -Dio.netty.recycler.ratio: 8
2022-06-25 13:22:49.627 [AsyncHttpClient-1-2][5512] DEBUG io.netty.util.Recycler - -Dio.netty.recycler.chunkSize: 32
2022-06-25 13:22:49.627 [AsyncHttpClient-1-2][5512] DEBUG io.netty.util.Recycler - -Dio.netty.recycler.blocking: false
2022-06-25 13:22:49.711 [AsyncHttpClient-1-2][5596] DEBUG io.netty.handler.codec.compression.Brotli - brotli4j not in the classpath; Brotli support will be unavailable.
