2022-06-25 13:15:45.130 [main][3070] DEBUG io.netty.util.internal.logging.InternalLoggerFactory - Using Log4J2 as the default logging framework
2022-06-25 13:15:45.141 [main][3081] DEBUG io.netty.util.ResourceLeakDetector - -Dio.netty.leakDetection.level: simple
2022-06-25 13:15:45.141 [main][3081] DEBUG io.netty.util.ResourceLeakDetector - -Dio.netty.leakDetection.targetRecords: 4
2022-06-25 13:15:45.146 [main][3086] DEBUG io.netty.util.ResourceLeakDetectorFactory - Loaded default ResourceLeakDetector: io.netty.util.ResourceLeakDetector@60783105
2022-06-25 13:15:45.170 [main][3110] DEBUG io.netty.util.internal.PlatformDependent0 - -Dio.netty.noUnsafe: false
2022-06-25 13:15:45.170 [main][3110] DEBUG io.netty.util.internal.PlatformDependent0 - Java version: 11
2022-06-25 13:15:45.173 [main][3113] DEBUG io.netty.util.internal.PlatformDependent0 - sun.misc.Unsafe.theUnsafe: available
2022-06-25 13:15:45.174 [main][3114] DEBUG io.netty.util.internal.PlatformDependent0 - sun.misc.Unsafe.copyMemory: available
2022-06-25 13:15:45.175 [main][3115] DEBUG io.netty.util.internal.PlatformDependent0 - sun.misc.Unsafe.storeFence: available
2022-06-25 13:15:45.175 [main][3115] DEBUG io.netty.util.internal.PlatformDependent0 - java.nio.Buffer.address: available
2022-06-25 13:15:45.176 [main][3116] DEBUG io.netty.util.internal.PlatformDependent0 - direct buffer constructor: unavailable: Reflective setAccessible(true) disabled
2022-06-25 13:15:45.176 [main][3116] DEBUG io.netty.util.internal.PlatformDependent0 - java.nio.Bits.unaligned: available, true
2022-06-25 13:15:45.178 [main][3118] DEBUG io.netty.util.internal.PlatformDependent0 - jdk.internal.misc.Unsafe.allocateUninitializedArray(int): unavailable: class io.netty.util.internal.PlatformDependent0$7 cannot access class jdk.internal.misc.Unsafe (in module java.base) because module java.base does not export jdk.internal.misc to unnamed module @41330d4f
2022-06-25 13:15:45.179 [main][3119] DEBUG io.netty.util.internal.PlatformDependent0 - java.nio.DirectByteBuffer.<init>(long, int): unavailable
2022-06-25 13:15:45.179 [main][3119] DEBUG io.netty.util.internal.PlatformDependent - sun.misc.Unsafe: available
2022-06-25 13:15:45.179 [main][3119] DEBUG io.netty.util.internal.PlatformDependent - maxDirectMemory: 2147483648 bytes (maybe)
2022-06-25 13:15:45.180 [main][3120] DEBUG io.netty.util.internal.PlatformDependent - -Dio.netty.tmpdir: /var/folders/03/72hdn4qx7nj7g7kkk2s_2bcr0000gn/T (java.io.tmpdir)
2022-06-25 13:15:45.180 [main][3120] DEBUG io.netty.util.internal.PlatformDependent - -Dio.netty.bitMode: 64 (sun.arch.data.model)
2022-06-25 13:15:45.180 [main][3120] DEBUG io.netty.util.internal.PlatformDependent - Platform: MacOS
2022-06-25 13:15:45.181 [main][3121] DEBUG io.netty.util.internal.PlatformDependent - -Dio.netty.maxDirectMemory: -1 bytes
2022-06-25 13:15:45.182 [main][3122] DEBUG io.netty.util.internal.PlatformDependent - -Dio.netty.uninitializedArrayAllocationThreshold: -1
2022-06-25 13:15:45.182 [main][3122] DEBUG io.netty.util.internal.CleanerJava9 - java.nio.ByteBuffer.cleaner(): available
2022-06-25 13:15:45.183 [main][3123] DEBUG io.netty.util.internal.PlatformDependent - -Dio.netty.noPreferDirect: false
2022-06-25 13:15:45.190 [main][3130] DEBUG io.netty.util.internal.PlatformDependent - org.jctools-core.MpscChunkedArrayQueue: available
2022-06-25 13:15:45.214 [main][3154] DEBUG io.netty.util.internal.InternalThreadLocalMap - -Dio.netty.threadLocalMap.stringBuilder.initialSize: 1024
2022-06-25 13:15:45.214 [main][3154] DEBUG io.netty.util.internal.InternalThreadLocalMap - -Dio.netty.threadLocalMap.stringBuilder.maxSize: 4096
2022-06-25 13:15:45.240 [main][3180] DEBUG io.netty.handler.ssl.JdkSslContext - Default protocols (JDK): [TLSv1.3, TLSv1.2, TLSv1.1, TLSv1] 
2022-06-25 13:15:45.241 [main][3181] DEBUG io.netty.handler.ssl.JdkSslContext - Default cipher suites (JDK): [TLS_ECDHE_ECDSA_WITH_AES_256_GCM_SHA384, TLS_ECDHE_ECDSA_WITH_AES_128_GCM_SHA256, TLS_ECDHE_RSA_WITH_AES_128_GCM_SHA256, TLS_ECDHE_RSA_WITH_AES_256_GCM_SHA384, TLS_ECDHE_RSA_WITH_AES_128_CBC_SHA, TLS_ECDHE_RSA_WITH_AES_256_CBC_SHA, TLS_RSA_WITH_AES_128_GCM_SHA256, TLS_RSA_WITH_AES_128_CBC_SHA, TLS_RSA_WITH_AES_256_CBC_SHA, TLS_AES_128_GCM_SHA256, TLS_AES_256_GCM_SHA384]
2022-06-25 13:15:45.271 [main][3211] DEBUG io.netty.channel.MultithreadEventLoopGroup - -Dio.netty.eventLoopThreads: 8
2022-06-25 13:15:45.280 [main][3220] DEBUG io.netty.channel.nio.NioEventLoop - -Dio.netty.noKeySetOptimization: false
2022-06-25 13:15:45.280 [main][3220] DEBUG io.netty.channel.nio.NioEventLoop - -Dio.netty.selectorAutoRebuildThreshold: 512
2022-06-25 13:15:45.333 [main][3273] DEBUG io.netty.buffer.PooledByteBufAllocator - -Dio.netty.allocator.numHeapArenas: 8
2022-06-25 13:15:45.333 [main][3273] DEBUG io.netty.buffer.PooledByteBufAllocator - -Dio.netty.allocator.numDirectArenas: 8
2022-06-25 13:15:45.333 [main][3273] DEBUG io.netty.buffer.PooledByteBufAllocator - -Dio.netty.allocator.pageSize: 8192
2022-06-25 13:15:45.333 [main][3273] DEBUG io.netty.buffer.PooledByteBufAllocator - -Dio.netty.allocator.maxOrder: 9
2022-06-25 13:15:45.333 [main][3273] DEBUG io.netty.buffer.PooledByteBufAllocator - -Dio.netty.allocator.chunkSize: 4194304
2022-06-25 13:15:45.333 [main][3273] DEBUG io.netty.buffer.PooledByteBufAllocator - -Dio.netty.allocator.smallCacheSize: 256
2022-06-25 13:15:45.333 [main][3273] DEBUG io.netty.buffer.PooledByteBufAllocator - -Dio.netty.allocator.normalCacheSize: 64
2022-06-25 13:15:45.334 [main][3274] DEBUG io.netty.buffer.PooledByteBufAllocator - -Dio.netty.allocator.maxCachedBufferCapacity: 32768
2022-06-25 13:15:45.334 [main][3274] DEBUG io.netty.buffer.PooledByteBufAllocator - -Dio.netty.allocator.cacheTrimInterval: 8192
2022-06-25 13:15:45.334 [main][3274] DEBUG io.netty.buffer.PooledByteBufAllocator - -Dio.netty.allocator.cacheTrimIntervalMillis: 0
2022-06-25 13:15:45.334 [main][3274] DEBUG io.netty.buffer.PooledByteBufAllocator - -Dio.netty.allocator.useCacheForAllThreads: false
2022-06-25 13:15:45.334 [main][3274] DEBUG io.netty.buffer.PooledByteBufAllocator - -Dio.netty.allocator.maxCachedByteBuffersPerChunk: 1023
2022-06-25 13:15:45.354 [main][3294] DEBUG io.netty.buffer.ByteBufUtil - -Dio.netty.allocator.type: pooled
2022-06-25 13:15:45.354 [main][3294] DEBUG io.netty.buffer.ByteBufUtil - -Dio.netty.threadLocalDirectBufferSize: 0
2022-06-25 13:15:45.354 [main][3294] DEBUG io.netty.buffer.ByteBufUtil - -Dio.netty.maxThreadLocalCharBufferSize: 16384
2022-06-25 13:15:45.650 [Forwarding newSession on session null to remote][3590] DEBUG io.netty.channel.DefaultChannelId - -Dio.netty.processId: 13621 (auto-detected)
2022-06-25 13:15:45.655 [Forwarding newSession on session null to remote][3595] DEBUG io.netty.util.NetUtil - -Djava.net.preferIPv4Stack: false
2022-06-25 13:15:45.655 [Forwarding newSession on session null to remote][3595] DEBUG io.netty.util.NetUtil - -Djava.net.preferIPv6Addresses: false
2022-06-25 13:15:45.662 [Forwarding newSession on session null to remote][3602] DEBUG io.netty.util.NetUtilInitializations - Loopback interface: lo0 (lo0, 0:0:0:0:0:0:0:1%lo0)
2022-06-25 13:15:45.662 [Forwarding newSession on session null to remote][3602] DEBUG io.netty.util.NetUtil - Failed to get SOMAXCONN from sysctl and file /proc/sys/net/core/somaxconn. Default: 128
2022-06-25 13:15:45.665 [Forwarding newSession on session null to remote][3605] DEBUG io.netty.channel.DefaultChannelId - -Dio.netty.machineId: f0:18:98:ff:fe:8b:3d:ac (auto-detected)
2022-06-25 13:15:45.729 [AsyncHttpClient-1-2][3669] DEBUG io.netty.buffer.AbstractByteBuf - -Dio.netty.buffer.checkAccessible: true
2022-06-25 13:15:45.730 [AsyncHttpClient-1-2][3670] DEBUG io.netty.buffer.AbstractByteBuf - -Dio.netty.buffer.checkBounds: true
2022-06-25 13:15:45.730 [AsyncHttpClient-1-2][3670] DEBUG io.netty.util.ResourceLeakDetectorFactory - Loaded default ResourceLeakDetector: io.netty.util.ResourceLeakDetector@2bc3dc01
2022-06-25 13:15:45.753 [AsyncHttpClient-1-2][3693] DEBUG io.netty.util.Recycler - -Dio.netty.recycler.maxCapacityPerThread: 4096
2022-06-25 13:15:45.753 [AsyncHttpClient-1-2][3693] DEBUG io.netty.util.Recycler - -Dio.netty.recycler.ratio: 8
2022-06-25 13:15:45.754 [AsyncHttpClient-1-2][3694] DEBUG io.netty.util.Recycler - -Dio.netty.recycler.chunkSize: 32
2022-06-25 13:15:45.754 [AsyncHttpClient-1-2][3694] DEBUG io.netty.util.Recycler - -Dio.netty.recycler.blocking: false
2022-06-25 13:15:45.830 [AsyncHttpClient-1-2][3770] DEBUG io.netty.handler.codec.compression.Brotli - brotli4j not in the classpath; Brotli support will be unavailable.
