2022-06-22 23:26:43.679 [main][3637] DEBUG io.netty.util.internal.logging.InternalLoggerFactory - Using Log4J2 as the default logging framework
2022-06-22 23:26:43.691 [main][3649] DEBUG io.netty.util.ResourceLeakDetector - -Dio.netty.leakDetection.level: simple
2022-06-22 23:26:43.691 [main][3649] DEBUG io.netty.util.ResourceLeakDetector - -Dio.netty.leakDetection.targetRecords: 4
2022-06-22 23:26:43.697 [main][3655] DEBUG io.netty.util.ResourceLeakDetectorFactory - Loaded default ResourceLeakDetector: io.netty.util.ResourceLeakDetector@2e1af49b
2022-06-22 23:26:43.725 [main][3683] DEBUG io.netty.util.internal.PlatformDependent0 - -Dio.netty.noUnsafe: false
2022-06-22 23:26:43.725 [main][3683] DEBUG io.netty.util.internal.PlatformDependent0 - Java version: 11
2022-06-22 23:26:43.728 [main][3686] DEBUG io.netty.util.internal.PlatformDependent0 - sun.misc.Unsafe.theUnsafe: available
2022-06-22 23:26:43.729 [main][3687] DEBUG io.netty.util.internal.PlatformDependent0 - sun.misc.Unsafe.copyMemory: available
2022-06-22 23:26:43.730 [main][3688] DEBUG io.netty.util.internal.PlatformDependent0 - sun.misc.Unsafe.storeFence: available
2022-06-22 23:26:43.731 [main][3689] DEBUG io.netty.util.internal.PlatformDependent0 - java.nio.Buffer.address: available
2022-06-22 23:26:43.732 [main][3690] DEBUG io.netty.util.internal.PlatformDependent0 - direct buffer constructor: unavailable: Reflective setAccessible(true) disabled
2022-06-22 23:26:43.732 [main][3690] DEBUG io.netty.util.internal.PlatformDependent0 - java.nio.Bits.unaligned: available, true
2022-06-22 23:26:43.734 [main][3692] DEBUG io.netty.util.internal.PlatformDependent0 - jdk.internal.misc.Unsafe.allocateUninitializedArray(int): unavailable: class io.netty.util.internal.PlatformDependent0$7 cannot access class jdk.internal.misc.Unsafe (in module java.base) because module java.base does not export jdk.internal.misc to unnamed module @7817fd62
2022-06-22 23:26:43.736 [main][3694] DEBUG io.netty.util.internal.PlatformDependent0 - java.nio.DirectByteBuffer.<init>(long, int): unavailable
2022-06-22 23:26:43.736 [main][3694] DEBUG io.netty.util.internal.PlatformDependent - sun.misc.Unsafe: available
2022-06-22 23:26:43.736 [main][3694] DEBUG io.netty.util.internal.PlatformDependent - maxDirectMemory: 2147483648 bytes (maybe)
2022-06-22 23:26:43.737 [main][3695] DEBUG io.netty.util.internal.PlatformDependent - -Dio.netty.tmpdir: /var/folders/03/72hdn4qx7nj7g7kkk2s_2bcr0000gn/T (java.io.tmpdir)
2022-06-22 23:26:43.737 [main][3695] DEBUG io.netty.util.internal.PlatformDependent - -Dio.netty.bitMode: 64 (sun.arch.data.model)
2022-06-22 23:26:43.737 [main][3695] DEBUG io.netty.util.internal.PlatformDependent - Platform: MacOS
2022-06-22 23:26:43.739 [main][3697] DEBUG io.netty.util.internal.PlatformDependent - -Dio.netty.maxDirectMemory: -1 bytes
2022-06-22 23:26:43.739 [main][3697] DEBUG io.netty.util.internal.PlatformDependent - -Dio.netty.uninitializedArrayAllocationThreshold: -1
2022-06-22 23:26:43.740 [main][3698] DEBUG io.netty.util.internal.CleanerJava9 - java.nio.ByteBuffer.cleaner(): available
2022-06-22 23:26:43.741 [main][3699] DEBUG io.netty.util.internal.PlatformDependent - -Dio.netty.noPreferDirect: false
2022-06-22 23:26:43.751 [main][3709] DEBUG io.netty.util.internal.PlatformDependent - org.jctools-core.MpscChunkedArrayQueue: available
2022-06-22 23:26:43.784 [main][3742] DEBUG io.netty.util.internal.InternalThreadLocalMap - -Dio.netty.threadLocalMap.stringBuilder.initialSize: 1024
2022-06-22 23:26:43.784 [main][3742] DEBUG io.netty.util.internal.InternalThreadLocalMap - -Dio.netty.threadLocalMap.stringBuilder.maxSize: 4096
2022-06-22 23:26:43.815 [main][3773] DEBUG io.netty.handler.ssl.JdkSslContext - Default protocols (JDK): [TLSv1.3, TLSv1.2, TLSv1.1, TLSv1] 
2022-06-22 23:26:43.816 [main][3774] DEBUG io.netty.handler.ssl.JdkSslContext - Default cipher suites (JDK): [TLS_ECDHE_ECDSA_WITH_AES_256_GCM_SHA384, TLS_ECDHE_ECDSA_WITH_AES_128_GCM_SHA256, TLS_ECDHE_RSA_WITH_AES_128_GCM_SHA256, TLS_ECDHE_RSA_WITH_AES_256_GCM_SHA384, TLS_ECDHE_RSA_WITH_AES_128_CBC_SHA, TLS_ECDHE_RSA_WITH_AES_256_CBC_SHA, TLS_RSA_WITH_AES_128_GCM_SHA256, TLS_RSA_WITH_AES_128_CBC_SHA, TLS_RSA_WITH_AES_256_CBC_SHA, TLS_AES_128_GCM_SHA256, TLS_AES_256_GCM_SHA384]
2022-06-22 23:26:43.866 [main][3824] DEBUG io.netty.channel.MultithreadEventLoopGroup - -Dio.netty.eventLoopThreads: 8
2022-06-22 23:26:43.885 [main][3843] DEBUG io.netty.channel.nio.NioEventLoop - -Dio.netty.noKeySetOptimization: false
2022-06-22 23:26:43.885 [main][3843] DEBUG io.netty.channel.nio.NioEventLoop - -Dio.netty.selectorAutoRebuildThreshold: 512
2022-06-22 23:26:43.936 [main][3894] DEBUG io.netty.buffer.PooledByteBufAllocator - -Dio.netty.allocator.numHeapArenas: 8
2022-06-22 23:26:43.936 [main][3894] DEBUG io.netty.buffer.PooledByteBufAllocator - -Dio.netty.allocator.numDirectArenas: 8
2022-06-22 23:26:43.936 [main][3894] DEBUG io.netty.buffer.PooledByteBufAllocator - -Dio.netty.allocator.pageSize: 8192
2022-06-22 23:26:43.937 [main][3895] DEBUG io.netty.buffer.PooledByteBufAllocator - -Dio.netty.allocator.maxOrder: 9
2022-06-22 23:26:43.937 [main][3895] DEBUG io.netty.buffer.PooledByteBufAllocator - -Dio.netty.allocator.chunkSize: 4194304
2022-06-22 23:26:43.937 [main][3895] DEBUG io.netty.buffer.PooledByteBufAllocator - -Dio.netty.allocator.smallCacheSize: 256
2022-06-22 23:26:43.937 [main][3895] DEBUG io.netty.buffer.PooledByteBufAllocator - -Dio.netty.allocator.normalCacheSize: 64
2022-06-22 23:26:43.937 [main][3895] DEBUG io.netty.buffer.PooledByteBufAllocator - -Dio.netty.allocator.maxCachedBufferCapacity: 32768
2022-06-22 23:26:43.937 [main][3895] DEBUG io.netty.buffer.PooledByteBufAllocator - -Dio.netty.allocator.cacheTrimInterval: 8192
2022-06-22 23:26:43.937 [main][3895] DEBUG io.netty.buffer.PooledByteBufAllocator - -Dio.netty.allocator.cacheTrimIntervalMillis: 0
2022-06-22 23:26:43.937 [main][3895] DEBUG io.netty.buffer.PooledByteBufAllocator - -Dio.netty.allocator.useCacheForAllThreads: false
2022-06-22 23:26:43.937 [main][3895] DEBUG io.netty.buffer.PooledByteBufAllocator - -Dio.netty.allocator.maxCachedByteBuffersPerChunk: 1023
2022-06-22 23:26:43.969 [main][3927] DEBUG io.netty.buffer.ByteBufUtil - -Dio.netty.allocator.type: pooled
2022-06-22 23:26:43.969 [main][3927] DEBUG io.netty.buffer.ByteBufUtil - -Dio.netty.threadLocalDirectBufferSize: 0
2022-06-22 23:26:43.969 [main][3927] DEBUG io.netty.buffer.ByteBufUtil - -Dio.netty.maxThreadLocalCharBufferSize: 16384
2022-06-22 23:26:44.306 [Forwarding newSession on session null to remote][4264] DEBUG io.netty.channel.DefaultChannelId - -Dio.netty.processId: 23642 (auto-detected)
2022-06-22 23:26:44.309 [Forwarding newSession on session null to remote][4267] DEBUG io.netty.util.NetUtil - -Djava.net.preferIPv4Stack: false
2022-06-22 23:26:44.309 [Forwarding newSession on session null to remote][4267] DEBUG io.netty.util.NetUtil - -Djava.net.preferIPv6Addresses: false
2022-06-22 23:26:44.318 [Forwarding newSession on session null to remote][4276] DEBUG io.netty.util.NetUtilInitializations - Loopback interface: lo0 (lo0, 0:0:0:0:0:0:0:1%lo0)
2022-06-22 23:26:44.319 [Forwarding newSession on session null to remote][4277] DEBUG io.netty.util.NetUtil - Failed to get SOMAXCONN from sysctl and file /proc/sys/net/core/somaxconn. Default: 128
2022-06-22 23:26:44.322 [Forwarding newSession on session null to remote][4280] DEBUG io.netty.channel.DefaultChannelId - -Dio.netty.machineId: f0:18:98:ff:fe:8b:3d:ac (auto-detected)
2022-06-22 23:26:44.433 [AsyncHttpClient-1-2][4391] DEBUG io.netty.buffer.AbstractByteBuf - -Dio.netty.buffer.checkAccessible: true
2022-06-22 23:26:44.433 [AsyncHttpClient-1-2][4391] DEBUG io.netty.buffer.AbstractByteBuf - -Dio.netty.buffer.checkBounds: true
2022-06-22 23:26:44.433 [AsyncHttpClient-1-2][4391] DEBUG io.netty.util.ResourceLeakDetectorFactory - Loaded default ResourceLeakDetector: io.netty.util.ResourceLeakDetector@240e0cce
2022-06-22 23:26:44.465 [AsyncHttpClient-1-2][4423] DEBUG io.netty.util.Recycler - -Dio.netty.recycler.maxCapacityPerThread: 4096
2022-06-22 23:26:44.465 [AsyncHttpClient-1-2][4423] DEBUG io.netty.util.Recycler - -Dio.netty.recycler.ratio: 8
2022-06-22 23:26:44.466 [AsyncHttpClient-1-2][4424] DEBUG io.netty.util.Recycler - -Dio.netty.recycler.chunkSize: 32
2022-06-22 23:26:44.466 [AsyncHttpClient-1-2][4424] DEBUG io.netty.util.Recycler - -Dio.netty.recycler.blocking: false
2022-06-22 23:26:45.922 [AsyncHttpClient-1-2][5880] DEBUG io.netty.handler.codec.compression.Brotli - brotli4j not in the classpath; Brotli support will be unavailable.
2022-06-22 23:26:46.201 [main][6159] DEBUG io.netty.util.internal.ThreadLocalRandom - -Dio.netty.initialSeedUniquifier: 0x5fbcf7ce72f0ae92
2022-06-22 23:26:55.499 [main][15457] INFO  step_definitions.LoginSteps - User is in the Login Page
