2022-06-24 12:10:56.474 [main][2884] DEBUG io.netty.util.internal.logging.InternalLoggerFactory - Using Log4J2 as the default logging framework
2022-06-24 12:10:56.484 [main][2894] DEBUG io.netty.util.ResourceLeakDetector - -Dio.netty.leakDetection.level: simple
2022-06-24 12:10:56.484 [main][2894] DEBUG io.netty.util.ResourceLeakDetector - -Dio.netty.leakDetection.targetRecords: 4
2022-06-24 12:10:56.488 [main][2898] DEBUG io.netty.util.ResourceLeakDetectorFactory - Loaded default ResourceLeakDetector: io.netty.util.ResourceLeakDetector@fd9ebde
2022-06-24 12:10:56.511 [main][2921] DEBUG io.netty.util.internal.PlatformDependent0 - -Dio.netty.noUnsafe: false
2022-06-24 12:10:56.511 [main][2921] DEBUG io.netty.util.internal.PlatformDependent0 - Java version: 11
2022-06-24 12:10:56.512 [main][2922] DEBUG io.netty.util.internal.PlatformDependent0 - sun.misc.Unsafe.theUnsafe: available
2022-06-24 12:10:56.513 [main][2923] DEBUG io.netty.util.internal.PlatformDependent0 - sun.misc.Unsafe.copyMemory: available
2022-06-24 12:10:56.514 [main][2924] DEBUG io.netty.util.internal.PlatformDependent0 - sun.misc.Unsafe.storeFence: available
2022-06-24 12:10:56.514 [main][2924] DEBUG io.netty.util.internal.PlatformDependent0 - java.nio.Buffer.address: available
2022-06-24 12:10:56.514 [main][2924] DEBUG io.netty.util.internal.PlatformDependent0 - direct buffer constructor: unavailable: Reflective setAccessible(true) disabled
2022-06-24 12:10:56.515 [main][2925] DEBUG io.netty.util.internal.PlatformDependent0 - java.nio.Bits.unaligned: available, true
2022-06-24 12:10:56.516 [main][2926] DEBUG io.netty.util.internal.PlatformDependent0 - jdk.internal.misc.Unsafe.allocateUninitializedArray(int): unavailable: class io.netty.util.internal.PlatformDependent0$7 cannot access class jdk.internal.misc.Unsafe (in module java.base) because module java.base does not export jdk.internal.misc to unnamed module @660acfb
2022-06-24 12:10:56.518 [main][2928] DEBUG io.netty.util.internal.PlatformDependent0 - java.nio.DirectByteBuffer.<init>(long, int): unavailable
2022-06-24 12:10:56.518 [main][2928] DEBUG io.netty.util.internal.PlatformDependent - sun.misc.Unsafe: available
2022-06-24 12:10:56.518 [main][2928] DEBUG io.netty.util.internal.PlatformDependent - maxDirectMemory: 2147483648 bytes (maybe)
2022-06-24 12:10:56.518 [main][2928] DEBUG io.netty.util.internal.PlatformDependent - -Dio.netty.tmpdir: /var/folders/03/72hdn4qx7nj7g7kkk2s_2bcr0000gn/T (java.io.tmpdir)
2022-06-24 12:10:56.518 [main][2928] DEBUG io.netty.util.internal.PlatformDependent - -Dio.netty.bitMode: 64 (sun.arch.data.model)
2022-06-24 12:10:56.519 [main][2929] DEBUG io.netty.util.internal.PlatformDependent - Platform: MacOS
2022-06-24 12:10:56.520 [main][2930] DEBUG io.netty.util.internal.PlatformDependent - -Dio.netty.maxDirectMemory: -1 bytes
2022-06-24 12:10:56.520 [main][2930] DEBUG io.netty.util.internal.PlatformDependent - -Dio.netty.uninitializedArrayAllocationThreshold: -1
2022-06-24 12:10:56.521 [main][2931] DEBUG io.netty.util.internal.CleanerJava9 - java.nio.ByteBuffer.cleaner(): available
2022-06-24 12:10:56.522 [main][2932] DEBUG io.netty.util.internal.PlatformDependent - -Dio.netty.noPreferDirect: false
2022-06-24 12:10:56.529 [main][2939] DEBUG io.netty.util.internal.PlatformDependent - org.jctools-core.MpscChunkedArrayQueue: available
2022-06-24 12:10:56.555 [main][2965] DEBUG io.netty.util.internal.InternalThreadLocalMap - -Dio.netty.threadLocalMap.stringBuilder.initialSize: 1024
2022-06-24 12:10:56.556 [main][2966] DEBUG io.netty.util.internal.InternalThreadLocalMap - -Dio.netty.threadLocalMap.stringBuilder.maxSize: 4096
2022-06-24 12:10:56.585 [main][2995] DEBUG io.netty.handler.ssl.JdkSslContext - Default protocols (JDK): [TLSv1.3, TLSv1.2, TLSv1.1, TLSv1] 
2022-06-24 12:10:56.585 [main][2995] DEBUG io.netty.handler.ssl.JdkSslContext - Default cipher suites (JDK): [TLS_ECDHE_ECDSA_WITH_AES_256_GCM_SHA384, TLS_ECDHE_ECDSA_WITH_AES_128_GCM_SHA256, TLS_ECDHE_RSA_WITH_AES_128_GCM_SHA256, TLS_ECDHE_RSA_WITH_AES_256_GCM_SHA384, TLS_ECDHE_RSA_WITH_AES_128_CBC_SHA, TLS_ECDHE_RSA_WITH_AES_256_CBC_SHA, TLS_RSA_WITH_AES_128_GCM_SHA256, TLS_RSA_WITH_AES_128_CBC_SHA, TLS_RSA_WITH_AES_256_CBC_SHA, TLS_AES_128_GCM_SHA256, TLS_AES_256_GCM_SHA384]
2022-06-24 12:10:56.616 [main][3026] DEBUG io.netty.channel.MultithreadEventLoopGroup - -Dio.netty.eventLoopThreads: 8
2022-06-24 12:10:56.625 [main][3035] DEBUG io.netty.channel.nio.NioEventLoop - -Dio.netty.noKeySetOptimization: false
2022-06-24 12:10:56.625 [main][3035] DEBUG io.netty.channel.nio.NioEventLoop - -Dio.netty.selectorAutoRebuildThreshold: 512
2022-06-24 12:10:56.676 [main][3086] DEBUG io.netty.buffer.PooledByteBufAllocator - -Dio.netty.allocator.numHeapArenas: 8
2022-06-24 12:10:56.676 [main][3086] DEBUG io.netty.buffer.PooledByteBufAllocator - -Dio.netty.allocator.numDirectArenas: 8
2022-06-24 12:10:56.676 [main][3086] DEBUG io.netty.buffer.PooledByteBufAllocator - -Dio.netty.allocator.pageSize: 8192
2022-06-24 12:10:56.676 [main][3086] DEBUG io.netty.buffer.PooledByteBufAllocator - -Dio.netty.allocator.maxOrder: 9
2022-06-24 12:10:56.676 [main][3086] DEBUG io.netty.buffer.PooledByteBufAllocator - -Dio.netty.allocator.chunkSize: 4194304
2022-06-24 12:10:56.676 [main][3086] DEBUG io.netty.buffer.PooledByteBufAllocator - -Dio.netty.allocator.smallCacheSize: 256
2022-06-24 12:10:56.677 [main][3087] DEBUG io.netty.buffer.PooledByteBufAllocator - -Dio.netty.allocator.normalCacheSize: 64
2022-06-24 12:10:56.677 [main][3087] DEBUG io.netty.buffer.PooledByteBufAllocator - -Dio.netty.allocator.maxCachedBufferCapacity: 32768
2022-06-24 12:10:56.677 [main][3087] DEBUG io.netty.buffer.PooledByteBufAllocator - -Dio.netty.allocator.cacheTrimInterval: 8192
2022-06-24 12:10:56.677 [main][3087] DEBUG io.netty.buffer.PooledByteBufAllocator - -Dio.netty.allocator.cacheTrimIntervalMillis: 0
2022-06-24 12:10:56.677 [main][3087] DEBUG io.netty.buffer.PooledByteBufAllocator - -Dio.netty.allocator.useCacheForAllThreads: false
2022-06-24 12:10:56.677 [main][3087] DEBUG io.netty.buffer.PooledByteBufAllocator - -Dio.netty.allocator.maxCachedByteBuffersPerChunk: 1023
2022-06-24 12:10:56.696 [main][3106] DEBUG io.netty.buffer.ByteBufUtil - -Dio.netty.allocator.type: pooled
2022-06-24 12:10:56.696 [main][3106] DEBUG io.netty.buffer.ByteBufUtil - -Dio.netty.threadLocalDirectBufferSize: 0
2022-06-24 12:10:56.696 [main][3106] DEBUG io.netty.buffer.ByteBufUtil - -Dio.netty.maxThreadLocalCharBufferSize: 16384
2022-06-24 12:10:56.992 [Forwarding newSession on session null to remote][3402] DEBUG io.netty.channel.DefaultChannelId - -Dio.netty.processId: 7657 (auto-detected)
2022-06-24 12:10:56.994 [Forwarding newSession on session null to remote][3404] DEBUG io.netty.util.NetUtil - -Djava.net.preferIPv4Stack: false
2022-06-24 12:10:56.995 [Forwarding newSession on session null to remote][3405] DEBUG io.netty.util.NetUtil - -Djava.net.preferIPv6Addresses: false
2022-06-24 12:10:57.002 [Forwarding newSession on session null to remote][3412] DEBUG io.netty.util.NetUtilInitializations - Loopback interface: lo0 (lo0, 0:0:0:0:0:0:0:1%lo0)
2022-06-24 12:10:57.002 [Forwarding newSession on session null to remote][3412] DEBUG io.netty.util.NetUtil - Failed to get SOMAXCONN from sysctl and file /proc/sys/net/core/somaxconn. Default: 128
2022-06-24 12:10:57.005 [Forwarding newSession on session null to remote][3415] DEBUG io.netty.channel.DefaultChannelId - -Dio.netty.machineId: f0:18:98:ff:fe:8b:3d:ac (auto-detected)
2022-06-24 12:10:57.066 [AsyncHttpClient-1-2][3476] DEBUG io.netty.buffer.AbstractByteBuf - -Dio.netty.buffer.checkAccessible: true
2022-06-24 12:10:57.066 [AsyncHttpClient-1-2][3476] DEBUG io.netty.buffer.AbstractByteBuf - -Dio.netty.buffer.checkBounds: true
2022-06-24 12:10:57.067 [AsyncHttpClient-1-2][3477] DEBUG io.netty.util.ResourceLeakDetectorFactory - Loaded default ResourceLeakDetector: io.netty.util.ResourceLeakDetector@36672363
2022-06-24 12:10:57.100 [AsyncHttpClient-1-2][3510] DEBUG io.netty.util.Recycler - -Dio.netty.recycler.maxCapacityPerThread: 4096
2022-06-24 12:10:57.100 [AsyncHttpClient-1-2][3510] DEBUG io.netty.util.Recycler - -Dio.netty.recycler.ratio: 8
2022-06-24 12:10:57.100 [AsyncHttpClient-1-2][3510] DEBUG io.netty.util.Recycler - -Dio.netty.recycler.chunkSize: 32
2022-06-24 12:10:57.100 [AsyncHttpClient-1-2][3510] DEBUG io.netty.util.Recycler - -Dio.netty.recycler.blocking: false
2022-06-24 12:10:58.546 [AsyncHttpClient-1-2][4956] DEBUG io.netty.handler.codec.compression.Brotli - brotli4j not in the classpath; Brotli support will be unavailable.
2022-06-24 12:10:58.845 [main][5255] DEBUG io.netty.util.internal.ThreadLocalRandom - -Dio.netty.initialSeedUniquifier: 0x210df2a396812d8b
2022-06-24 12:11:14.095 [main][20505] INFO  step_definitions.LinkValidationSteps - Closing pop-up window
2022-06-24 12:11:14.259 [main][20669] INFO  step_definitions.LinkValidationSteps - User is in the Home Page
2022-06-24 12:11:14.854 [main][21264] INFO  step_definitions.LinkValidationSteps - user enters a product name into the search field
2022-06-24 12:11:17.864 [main][24274] INFO  step_definitions.LinkValidationSteps - Click on search button
2022-06-24 12:11:18.076 [main][24486] INFO  step_definitions.LinkValidationSteps - User is navigate to search results related to the product
2022-06-24 12:11:18.089 [main][24499] INFO  step_definitions.LinkValidationSteps - A user is in the search result page
