2022-06-22 23:03:26.046 [main][2722] DEBUG io.netty.util.internal.logging.InternalLoggerFactory - Using Log4J2 as the default logging framework
2022-06-22 23:03:26.057 [main][2733] DEBUG io.netty.util.ResourceLeakDetector - -Dio.netty.leakDetection.level: simple
2022-06-22 23:03:26.057 [main][2733] DEBUG io.netty.util.ResourceLeakDetector - -Dio.netty.leakDetection.targetRecords: 4
2022-06-22 23:03:26.062 [main][2738] DEBUG io.netty.util.ResourceLeakDetectorFactory - Loaded default ResourceLeakDetector: io.netty.util.ResourceLeakDetector@1cb37ee4
2022-06-22 23:03:26.089 [main][2765] DEBUG io.netty.util.internal.PlatformDependent0 - -Dio.netty.noUnsafe: false
2022-06-22 23:03:26.089 [main][2765] DEBUG io.netty.util.internal.PlatformDependent0 - Java version: 11
2022-06-22 23:03:26.091 [main][2767] DEBUG io.netty.util.internal.PlatformDependent0 - sun.misc.Unsafe.theUnsafe: available
2022-06-22 23:03:26.093 [main][2769] DEBUG io.netty.util.internal.PlatformDependent0 - sun.misc.Unsafe.copyMemory: available
2022-06-22 23:03:26.093 [main][2769] DEBUG io.netty.util.internal.PlatformDependent0 - sun.misc.Unsafe.storeFence: available
2022-06-22 23:03:26.094 [main][2770] DEBUG io.netty.util.internal.PlatformDependent0 - java.nio.Buffer.address: available
2022-06-22 23:03:26.094 [main][2770] DEBUG io.netty.util.internal.PlatformDependent0 - direct buffer constructor: unavailable: Reflective setAccessible(true) disabled
2022-06-22 23:03:26.095 [main][2771] DEBUG io.netty.util.internal.PlatformDependent0 - java.nio.Bits.unaligned: available, true
2022-06-22 23:03:26.097 [main][2773] DEBUG io.netty.util.internal.PlatformDependent0 - jdk.internal.misc.Unsafe.allocateUninitializedArray(int): unavailable: class io.netty.util.internal.PlatformDependent0$7 cannot access class jdk.internal.misc.Unsafe (in module java.base) because module java.base does not export jdk.internal.misc to unnamed module @b2c9a9c
2022-06-22 23:03:26.098 [main][2774] DEBUG io.netty.util.internal.PlatformDependent0 - java.nio.DirectByteBuffer.<init>(long, int): unavailable
2022-06-22 23:03:26.098 [main][2774] DEBUG io.netty.util.internal.PlatformDependent - sun.misc.Unsafe: available
2022-06-22 23:03:26.098 [main][2774] DEBUG io.netty.util.internal.PlatformDependent - maxDirectMemory: 2147483648 bytes (maybe)
2022-06-22 23:03:26.099 [main][2775] DEBUG io.netty.util.internal.PlatformDependent - -Dio.netty.tmpdir: /var/folders/03/72hdn4qx7nj7g7kkk2s_2bcr0000gn/T (java.io.tmpdir)
2022-06-22 23:03:26.099 [main][2775] DEBUG io.netty.util.internal.PlatformDependent - -Dio.netty.bitMode: 64 (sun.arch.data.model)
2022-06-22 23:03:26.099 [main][2775] DEBUG io.netty.util.internal.PlatformDependent - Platform: MacOS
2022-06-22 23:03:26.100 [main][2776] DEBUG io.netty.util.internal.PlatformDependent - -Dio.netty.maxDirectMemory: -1 bytes
2022-06-22 23:03:26.100 [main][2776] DEBUG io.netty.util.internal.PlatformDependent - -Dio.netty.uninitializedArrayAllocationThreshold: -1
2022-06-22 23:03:26.101 [main][2777] DEBUG io.netty.util.internal.CleanerJava9 - java.nio.ByteBuffer.cleaner(): available
2022-06-22 23:03:26.102 [main][2778] DEBUG io.netty.util.internal.PlatformDependent - -Dio.netty.noPreferDirect: false
2022-06-22 23:03:26.110 [main][2786] DEBUG io.netty.util.internal.PlatformDependent - org.jctools-core.MpscChunkedArrayQueue: available
2022-06-22 23:03:26.143 [main][2819] DEBUG io.netty.util.internal.InternalThreadLocalMap - -Dio.netty.threadLocalMap.stringBuilder.initialSize: 1024
2022-06-22 23:03:26.143 [main][2819] DEBUG io.netty.util.internal.InternalThreadLocalMap - -Dio.netty.threadLocalMap.stringBuilder.maxSize: 4096
2022-06-22 23:03:26.174 [main][2850] DEBUG io.netty.handler.ssl.JdkSslContext - Default protocols (JDK): [TLSv1.3, TLSv1.2, TLSv1.1, TLSv1] 
2022-06-22 23:03:26.175 [main][2851] DEBUG io.netty.handler.ssl.JdkSslContext - Default cipher suites (JDK): [TLS_ECDHE_ECDSA_WITH_AES_256_GCM_SHA384, TLS_ECDHE_ECDSA_WITH_AES_128_GCM_SHA256, TLS_ECDHE_RSA_WITH_AES_128_GCM_SHA256, TLS_ECDHE_RSA_WITH_AES_256_GCM_SHA384, TLS_ECDHE_RSA_WITH_AES_128_CBC_SHA, TLS_ECDHE_RSA_WITH_AES_256_CBC_SHA, TLS_RSA_WITH_AES_128_GCM_SHA256, TLS_RSA_WITH_AES_128_CBC_SHA, TLS_RSA_WITH_AES_256_CBC_SHA, TLS_AES_128_GCM_SHA256, TLS_AES_256_GCM_SHA384]
2022-06-22 23:03:26.210 [main][2886] DEBUG io.netty.channel.MultithreadEventLoopGroup - -Dio.netty.eventLoopThreads: 8
2022-06-22 23:03:26.221 [main][2897] DEBUG io.netty.channel.nio.NioEventLoop - -Dio.netty.noKeySetOptimization: false
2022-06-22 23:03:26.221 [main][2897] DEBUG io.netty.channel.nio.NioEventLoop - -Dio.netty.selectorAutoRebuildThreshold: 512
2022-06-22 23:03:26.261 [main][2937] DEBUG io.netty.buffer.PooledByteBufAllocator - -Dio.netty.allocator.numHeapArenas: 8
2022-06-22 23:03:26.261 [main][2937] DEBUG io.netty.buffer.PooledByteBufAllocator - -Dio.netty.allocator.numDirectArenas: 8
2022-06-22 23:03:26.261 [main][2937] DEBUG io.netty.buffer.PooledByteBufAllocator - -Dio.netty.allocator.pageSize: 8192
2022-06-22 23:03:26.261 [main][2937] DEBUG io.netty.buffer.PooledByteBufAllocator - -Dio.netty.allocator.maxOrder: 9
2022-06-22 23:03:26.262 [main][2938] DEBUG io.netty.buffer.PooledByteBufAllocator - -Dio.netty.allocator.chunkSize: 4194304
2022-06-22 23:03:26.262 [main][2938] DEBUG io.netty.buffer.PooledByteBufAllocator - -Dio.netty.allocator.smallCacheSize: 256
2022-06-22 23:03:26.262 [main][2938] DEBUG io.netty.buffer.PooledByteBufAllocator - -Dio.netty.allocator.normalCacheSize: 64
2022-06-22 23:03:26.262 [main][2938] DEBUG io.netty.buffer.PooledByteBufAllocator - -Dio.netty.allocator.maxCachedBufferCapacity: 32768
2022-06-22 23:03:26.262 [main][2938] DEBUG io.netty.buffer.PooledByteBufAllocator - -Dio.netty.allocator.cacheTrimInterval: 8192
2022-06-22 23:03:26.262 [main][2938] DEBUG io.netty.buffer.PooledByteBufAllocator - -Dio.netty.allocator.cacheTrimIntervalMillis: 0
2022-06-22 23:03:26.262 [main][2938] DEBUG io.netty.buffer.PooledByteBufAllocator - -Dio.netty.allocator.useCacheForAllThreads: false
2022-06-22 23:03:26.262 [main][2938] DEBUG io.netty.buffer.PooledByteBufAllocator - -Dio.netty.allocator.maxCachedByteBuffersPerChunk: 1023
2022-06-22 23:03:26.275 [main][2951] DEBUG io.netty.buffer.ByteBufUtil - -Dio.netty.allocator.type: pooled
2022-06-22 23:03:26.276 [main][2952] DEBUG io.netty.buffer.ByteBufUtil - -Dio.netty.threadLocalDirectBufferSize: 0
2022-06-22 23:03:26.276 [main][2952] DEBUG io.netty.buffer.ByteBufUtil - -Dio.netty.maxThreadLocalCharBufferSize: 16384
2022-06-22 23:03:26.573 [Forwarding newSession on session null to remote][3249] DEBUG io.netty.channel.DefaultChannelId - -Dio.netty.processId: 23013 (auto-detected)
2022-06-22 23:03:26.576 [Forwarding newSession on session null to remote][3252] DEBUG io.netty.util.NetUtil - -Djava.net.preferIPv4Stack: false
2022-06-22 23:03:26.576 [Forwarding newSession on session null to remote][3252] DEBUG io.netty.util.NetUtil - -Djava.net.preferIPv6Addresses: false
2022-06-22 23:03:26.585 [Forwarding newSession on session null to remote][3261] DEBUG io.netty.util.NetUtilInitializations - Loopback interface: lo0 (lo0, 0:0:0:0:0:0:0:1%lo0)
2022-06-22 23:03:26.585 [Forwarding newSession on session null to remote][3261] DEBUG io.netty.util.NetUtil - Failed to get SOMAXCONN from sysctl and file /proc/sys/net/core/somaxconn. Default: 128
2022-06-22 23:03:26.588 [Forwarding newSession on session null to remote][3264] DEBUG io.netty.channel.DefaultChannelId - -Dio.netty.machineId: f0:18:98:ff:fe:8b:3d:ac (auto-detected)
2022-06-22 23:03:26.675 [AsyncHttpClient-1-2][3351] DEBUG io.netty.buffer.AbstractByteBuf - -Dio.netty.buffer.checkAccessible: true
2022-06-22 23:03:26.676 [AsyncHttpClient-1-2][3352] DEBUG io.netty.buffer.AbstractByteBuf - -Dio.netty.buffer.checkBounds: true
2022-06-22 23:03:26.676 [AsyncHttpClient-1-2][3352] DEBUG io.netty.util.ResourceLeakDetectorFactory - Loaded default ResourceLeakDetector: io.netty.util.ResourceLeakDetector@194b730
2022-06-22 23:03:26.704 [AsyncHttpClient-1-2][3380] DEBUG io.netty.util.Recycler - -Dio.netty.recycler.maxCapacityPerThread: 4096
2022-06-22 23:03:26.704 [AsyncHttpClient-1-2][3380] DEBUG io.netty.util.Recycler - -Dio.netty.recycler.ratio: 8
2022-06-22 23:03:26.704 [AsyncHttpClient-1-2][3380] DEBUG io.netty.util.Recycler - -Dio.netty.recycler.chunkSize: 32
2022-06-22 23:03:26.705 [AsyncHttpClient-1-2][3381] DEBUG io.netty.util.Recycler - -Dio.netty.recycler.blocking: false
2022-06-22 23:03:28.420 [AsyncHttpClient-1-2][5096] DEBUG io.netty.handler.codec.compression.Brotli - brotli4j not in the classpath; Brotli support will be unavailable.
2022-06-22 23:03:28.704 [main][5380] DEBUG io.netty.util.internal.ThreadLocalRandom - -Dio.netty.initialSeedUniquifier: 0xb4ba3330b59e1c30
