2022-06-22 22:56:59.107 [main][4313] DEBUG io.netty.util.internal.logging.InternalLoggerFactory - Using Log4J2 as the default logging framework
2022-06-22 22:56:59.119 [main][4325] DEBUG io.netty.util.ResourceLeakDetector - -Dio.netty.leakDetection.level: simple
2022-06-22 22:56:59.119 [main][4325] DEBUG io.netty.util.ResourceLeakDetector - -Dio.netty.leakDetection.targetRecords: 4
2022-06-22 22:56:59.124 [main][4330] DEBUG io.netty.util.ResourceLeakDetectorFactory - Loaded default ResourceLeakDetector: io.netty.util.ResourceLeakDetector@2b289ac9
2022-06-22 22:56:59.171 [main][4377] DEBUG io.netty.util.internal.PlatformDependent0 - -Dio.netty.noUnsafe: false
2022-06-22 22:56:59.172 [main][4378] DEBUG io.netty.util.internal.PlatformDependent0 - Java version: 11
2022-06-22 22:56:59.174 [main][4380] DEBUG io.netty.util.internal.PlatformDependent0 - sun.misc.Unsafe.theUnsafe: available
2022-06-22 22:56:59.175 [main][4381] DEBUG io.netty.util.internal.PlatformDependent0 - sun.misc.Unsafe.copyMemory: available
2022-06-22 22:56:59.176 [main][4382] DEBUG io.netty.util.internal.PlatformDependent0 - sun.misc.Unsafe.storeFence: available
2022-06-22 22:56:59.176 [main][4382] DEBUG io.netty.util.internal.PlatformDependent0 - java.nio.Buffer.address: available
2022-06-22 22:56:59.177 [main][4383] DEBUG io.netty.util.internal.PlatformDependent0 - direct buffer constructor: unavailable: Reflective setAccessible(true) disabled
2022-06-22 22:56:59.178 [main][4384] DEBUG io.netty.util.internal.PlatformDependent0 - java.nio.Bits.unaligned: available, true
2022-06-22 22:56:59.180 [main][4386] DEBUG io.netty.util.internal.PlatformDependent0 - jdk.internal.misc.Unsafe.allocateUninitializedArray(int): unavailable: class io.netty.util.internal.PlatformDependent0$7 cannot access class jdk.internal.misc.Unsafe (in module java.base) because module java.base does not export jdk.internal.misc to unnamed module @b2c9a9c
2022-06-22 22:56:59.181 [main][4387] DEBUG io.netty.util.internal.PlatformDependent0 - java.nio.DirectByteBuffer.<init>(long, int): unavailable
2022-06-22 22:56:59.181 [main][4387] DEBUG io.netty.util.internal.PlatformDependent - sun.misc.Unsafe: available
2022-06-22 22:56:59.181 [main][4387] DEBUG io.netty.util.internal.PlatformDependent - maxDirectMemory: 2147483648 bytes (maybe)
2022-06-22 22:56:59.181 [main][4387] DEBUG io.netty.util.internal.PlatformDependent - -Dio.netty.tmpdir: /var/folders/03/72hdn4qx7nj7g7kkk2s_2bcr0000gn/T (java.io.tmpdir)
2022-06-22 22:56:59.182 [main][4388] DEBUG io.netty.util.internal.PlatformDependent - -Dio.netty.bitMode: 64 (sun.arch.data.model)
2022-06-22 22:56:59.182 [main][4388] DEBUG io.netty.util.internal.PlatformDependent - Platform: MacOS
2022-06-22 22:56:59.183 [main][4389] DEBUG io.netty.util.internal.PlatformDependent - -Dio.netty.maxDirectMemory: -1 bytes
2022-06-22 22:56:59.183 [main][4389] DEBUG io.netty.util.internal.PlatformDependent - -Dio.netty.uninitializedArrayAllocationThreshold: -1
2022-06-22 22:56:59.184 [main][4390] DEBUG io.netty.util.internal.CleanerJava9 - java.nio.ByteBuffer.cleaner(): available
2022-06-22 22:56:59.185 [main][4391] DEBUG io.netty.util.internal.PlatformDependent - -Dio.netty.noPreferDirect: false
2022-06-22 22:56:59.193 [main][4399] DEBUG io.netty.util.internal.PlatformDependent - org.jctools-core.MpscChunkedArrayQueue: available
2022-06-22 22:56:59.218 [main][4424] DEBUG io.netty.util.internal.InternalThreadLocalMap - -Dio.netty.threadLocalMap.stringBuilder.initialSize: 1024
2022-06-22 22:56:59.218 [main][4424] DEBUG io.netty.util.internal.InternalThreadLocalMap - -Dio.netty.threadLocalMap.stringBuilder.maxSize: 4096
2022-06-22 22:56:59.236 [main][4442] DEBUG io.netty.handler.ssl.JdkSslContext - Default protocols (JDK): [TLSv1.3, TLSv1.2, TLSv1.1, TLSv1] 
2022-06-22 22:56:59.236 [main][4442] DEBUG io.netty.handler.ssl.JdkSslContext - Default cipher suites (JDK): [TLS_ECDHE_ECDSA_WITH_AES_256_GCM_SHA384, TLS_ECDHE_ECDSA_WITH_AES_128_GCM_SHA256, TLS_ECDHE_RSA_WITH_AES_128_GCM_SHA256, TLS_ECDHE_RSA_WITH_AES_256_GCM_SHA384, TLS_ECDHE_RSA_WITH_AES_128_CBC_SHA, TLS_ECDHE_RSA_WITH_AES_256_CBC_SHA, TLS_RSA_WITH_AES_128_GCM_SHA256, TLS_RSA_WITH_AES_128_CBC_SHA, TLS_RSA_WITH_AES_256_CBC_SHA, TLS_AES_128_GCM_SHA256, TLS_AES_256_GCM_SHA384]
2022-06-22 22:56:59.283 [main][4489] DEBUG io.netty.channel.MultithreadEventLoopGroup - -Dio.netty.eventLoopThreads: 8
2022-06-22 22:56:59.295 [main][4501] DEBUG io.netty.channel.nio.NioEventLoop - -Dio.netty.noKeySetOptimization: false
2022-06-22 22:56:59.295 [main][4501] DEBUG io.netty.channel.nio.NioEventLoop - -Dio.netty.selectorAutoRebuildThreshold: 512
2022-06-22 22:56:59.340 [main][4546] DEBUG io.netty.buffer.PooledByteBufAllocator - -Dio.netty.allocator.numHeapArenas: 8
2022-06-22 22:56:59.340 [main][4546] DEBUG io.netty.buffer.PooledByteBufAllocator - -Dio.netty.allocator.numDirectArenas: 8
2022-06-22 22:56:59.341 [main][4547] DEBUG io.netty.buffer.PooledByteBufAllocator - -Dio.netty.allocator.pageSize: 8192
2022-06-22 22:56:59.341 [main][4547] DEBUG io.netty.buffer.PooledByteBufAllocator - -Dio.netty.allocator.maxOrder: 9
2022-06-22 22:56:59.341 [main][4547] DEBUG io.netty.buffer.PooledByteBufAllocator - -Dio.netty.allocator.chunkSize: 4194304
2022-06-22 22:56:59.341 [main][4547] DEBUG io.netty.buffer.PooledByteBufAllocator - -Dio.netty.allocator.smallCacheSize: 256
2022-06-22 22:56:59.342 [main][4548] DEBUG io.netty.buffer.PooledByteBufAllocator - -Dio.netty.allocator.normalCacheSize: 64
2022-06-22 22:56:59.342 [main][4548] DEBUG io.netty.buffer.PooledByteBufAllocator - -Dio.netty.allocator.maxCachedBufferCapacity: 32768
2022-06-22 22:56:59.342 [main][4548] DEBUG io.netty.buffer.PooledByteBufAllocator - -Dio.netty.allocator.cacheTrimInterval: 8192
2022-06-22 22:56:59.342 [main][4548] DEBUG io.netty.buffer.PooledByteBufAllocator - -Dio.netty.allocator.cacheTrimIntervalMillis: 0
2022-06-22 22:56:59.342 [main][4548] DEBUG io.netty.buffer.PooledByteBufAllocator - -Dio.netty.allocator.useCacheForAllThreads: false
2022-06-22 22:56:59.342 [main][4548] DEBUG io.netty.buffer.PooledByteBufAllocator - -Dio.netty.allocator.maxCachedByteBuffersPerChunk: 1023
2022-06-22 22:56:59.357 [main][4563] DEBUG io.netty.buffer.ByteBufUtil - -Dio.netty.allocator.type: pooled
2022-06-22 22:56:59.357 [main][4563] DEBUG io.netty.buffer.ByteBufUtil - -Dio.netty.threadLocalDirectBufferSize: 0
2022-06-22 22:56:59.357 [main][4563] DEBUG io.netty.buffer.ByteBufUtil - -Dio.netty.maxThreadLocalCharBufferSize: 16384
2022-06-22 22:56:59.760 [Forwarding newSession on session null to remote][4966] DEBUG io.netty.channel.DefaultChannelId - -Dio.netty.processId: 22680 (auto-detected)
2022-06-22 22:56:59.762 [Forwarding newSession on session null to remote][4968] DEBUG io.netty.util.NetUtil - -Djava.net.preferIPv4Stack: false
2022-06-22 22:56:59.762 [Forwarding newSession on session null to remote][4968] DEBUG io.netty.util.NetUtil - -Djava.net.preferIPv6Addresses: false
2022-06-22 22:56:59.770 [Forwarding newSession on session null to remote][4976] DEBUG io.netty.util.NetUtilInitializations - Loopback interface: lo0 (lo0, 0:0:0:0:0:0:0:1%lo0)
2022-06-22 22:56:59.771 [Forwarding newSession on session null to remote][4977] DEBUG io.netty.util.NetUtil - Failed to get SOMAXCONN from sysctl and file /proc/sys/net/core/somaxconn. Default: 128
2022-06-22 22:56:59.774 [Forwarding newSession on session null to remote][4980] DEBUG io.netty.channel.DefaultChannelId - -Dio.netty.machineId: f0:18:98:ff:fe:8b:3d:ac (auto-detected)
2022-06-22 22:56:59.840 [AsyncHttpClient-1-2][5046] DEBUG io.netty.buffer.AbstractByteBuf - -Dio.netty.buffer.checkAccessible: true
2022-06-22 22:56:59.841 [AsyncHttpClient-1-2][5047] DEBUG io.netty.buffer.AbstractByteBuf - -Dio.netty.buffer.checkBounds: true
2022-06-22 22:56:59.841 [AsyncHttpClient-1-2][5047] DEBUG io.netty.util.ResourceLeakDetectorFactory - Loaded default ResourceLeakDetector: io.netty.util.ResourceLeakDetector@5e63a922
2022-06-22 22:56:59.869 [AsyncHttpClient-1-2][5075] DEBUG io.netty.util.Recycler - -Dio.netty.recycler.maxCapacityPerThread: 4096
2022-06-22 22:56:59.869 [AsyncHttpClient-1-2][5075] DEBUG io.netty.util.Recycler - -Dio.netty.recycler.ratio: 8
2022-06-22 22:56:59.869 [AsyncHttpClient-1-2][5075] DEBUG io.netty.util.Recycler - -Dio.netty.recycler.chunkSize: 32
2022-06-22 22:56:59.869 [AsyncHttpClient-1-2][5075] DEBUG io.netty.util.Recycler - -Dio.netty.recycler.blocking: false
2022-06-22 22:57:02.805 [AsyncHttpClient-1-2][8011] DEBUG io.netty.handler.codec.compression.Brotli - brotli4j not in the classpath; Brotli support will be unavailable.
2022-06-22 22:57:02.968 [main][8174] DEBUG io.netty.util.internal.ThreadLocalRandom - -Dio.netty.initialSeedUniquifier: 0xb04f34d210961746
