2022-06-24 11:56:34.247 [main][2974] DEBUG io.netty.util.internal.logging.InternalLoggerFactory - Using Log4J2 as the default logging framework
2022-06-24 11:56:34.257 [main][2984] DEBUG io.netty.util.ResourceLeakDetector - -Dio.netty.leakDetection.level: simple
2022-06-24 11:56:34.257 [main][2984] DEBUG io.netty.util.ResourceLeakDetector - -Dio.netty.leakDetection.targetRecords: 4
2022-06-24 11:56:34.261 [main][2988] DEBUG io.netty.util.ResourceLeakDetectorFactory - Loaded default ResourceLeakDetector: io.netty.util.ResourceLeakDetector@672b72ba
2022-06-24 11:56:34.282 [main][3009] DEBUG io.netty.util.internal.PlatformDependent0 - -Dio.netty.noUnsafe: false
2022-06-24 11:56:34.282 [main][3009] DEBUG io.netty.util.internal.PlatformDependent0 - Java version: 11
2022-06-24 11:56:34.284 [main][3011] DEBUG io.netty.util.internal.PlatformDependent0 - sun.misc.Unsafe.theUnsafe: available
2022-06-24 11:56:34.285 [main][3012] DEBUG io.netty.util.internal.PlatformDependent0 - sun.misc.Unsafe.copyMemory: available
2022-06-24 11:56:34.285 [main][3012] DEBUG io.netty.util.internal.PlatformDependent0 - sun.misc.Unsafe.storeFence: available
2022-06-24 11:56:34.286 [main][3013] DEBUG io.netty.util.internal.PlatformDependent0 - java.nio.Buffer.address: available
2022-06-24 11:56:34.286 [main][3013] DEBUG io.netty.util.internal.PlatformDependent0 - direct buffer constructor: unavailable: Reflective setAccessible(true) disabled
2022-06-24 11:56:34.287 [main][3014] DEBUG io.netty.util.internal.PlatformDependent0 - java.nio.Bits.unaligned: available, true
2022-06-24 11:56:34.288 [main][3015] DEBUG io.netty.util.internal.PlatformDependent0 - jdk.internal.misc.Unsafe.allocateUninitializedArray(int): unavailable: class io.netty.util.internal.PlatformDependent0$7 cannot access class jdk.internal.misc.Unsafe (in module java.base) because module java.base does not export jdk.internal.misc to unnamed module @660acfb
2022-06-24 11:56:34.289 [main][3016] DEBUG io.netty.util.internal.PlatformDependent0 - java.nio.DirectByteBuffer.<init>(long, int): unavailable
2022-06-24 11:56:34.289 [main][3016] DEBUG io.netty.util.internal.PlatformDependent - sun.misc.Unsafe: available
2022-06-24 11:56:34.289 [main][3016] DEBUG io.netty.util.internal.PlatformDependent - maxDirectMemory: 2147483648 bytes (maybe)
2022-06-24 11:56:34.290 [main][3017] DEBUG io.netty.util.internal.PlatformDependent - -Dio.netty.tmpdir: /var/folders/03/72hdn4qx7nj7g7kkk2s_2bcr0000gn/T (java.io.tmpdir)
2022-06-24 11:56:34.290 [main][3017] DEBUG io.netty.util.internal.PlatformDependent - -Dio.netty.bitMode: 64 (sun.arch.data.model)
2022-06-24 11:56:34.290 [main][3017] DEBUG io.netty.util.internal.PlatformDependent - Platform: MacOS
2022-06-24 11:56:34.291 [main][3018] DEBUG io.netty.util.internal.PlatformDependent - -Dio.netty.maxDirectMemory: -1 bytes
2022-06-24 11:56:34.291 [main][3018] DEBUG io.netty.util.internal.PlatformDependent - -Dio.netty.uninitializedArrayAllocationThreshold: -1
2022-06-24 11:56:34.292 [main][3019] DEBUG io.netty.util.internal.CleanerJava9 - java.nio.ByteBuffer.cleaner(): available
2022-06-24 11:56:34.293 [main][3020] DEBUG io.netty.util.internal.PlatformDependent - -Dio.netty.noPreferDirect: false
2022-06-24 11:56:34.299 [main][3026] DEBUG io.netty.util.internal.PlatformDependent - org.jctools-core.MpscChunkedArrayQueue: available
2022-06-24 11:56:34.325 [main][3052] DEBUG io.netty.util.internal.InternalThreadLocalMap - -Dio.netty.threadLocalMap.stringBuilder.initialSize: 1024
2022-06-24 11:56:34.325 [main][3052] DEBUG io.netty.util.internal.InternalThreadLocalMap - -Dio.netty.threadLocalMap.stringBuilder.maxSize: 4096
2022-06-24 11:56:34.355 [main][3082] DEBUG io.netty.handler.ssl.JdkSslContext - Default protocols (JDK): [TLSv1.3, TLSv1.2, TLSv1.1, TLSv1] 
2022-06-24 11:56:34.355 [main][3082] DEBUG io.netty.handler.ssl.JdkSslContext - Default cipher suites (JDK): [TLS_ECDHE_ECDSA_WITH_AES_256_GCM_SHA384, TLS_ECDHE_ECDSA_WITH_AES_128_GCM_SHA256, TLS_ECDHE_RSA_WITH_AES_128_GCM_SHA256, TLS_ECDHE_RSA_WITH_AES_256_GCM_SHA384, TLS_ECDHE_RSA_WITH_AES_128_CBC_SHA, TLS_ECDHE_RSA_WITH_AES_256_CBC_SHA, TLS_RSA_WITH_AES_128_GCM_SHA256, TLS_RSA_WITH_AES_128_CBC_SHA, TLS_RSA_WITH_AES_256_CBC_SHA, TLS_AES_128_GCM_SHA256, TLS_AES_256_GCM_SHA384]
2022-06-24 11:56:34.389 [main][3116] DEBUG io.netty.channel.MultithreadEventLoopGroup - -Dio.netty.eventLoopThreads: 8
2022-06-24 11:56:34.398 [main][3125] DEBUG io.netty.channel.nio.NioEventLoop - -Dio.netty.noKeySetOptimization: false
2022-06-24 11:56:34.398 [main][3125] DEBUG io.netty.channel.nio.NioEventLoop - -Dio.netty.selectorAutoRebuildThreshold: 512
2022-06-24 11:56:34.432 [main][3159] DEBUG io.netty.buffer.PooledByteBufAllocator - -Dio.netty.allocator.numHeapArenas: 8
2022-06-24 11:56:34.432 [main][3159] DEBUG io.netty.buffer.PooledByteBufAllocator - -Dio.netty.allocator.numDirectArenas: 8
2022-06-24 11:56:34.432 [main][3159] DEBUG io.netty.buffer.PooledByteBufAllocator - -Dio.netty.allocator.pageSize: 8192
2022-06-24 11:56:34.432 [main][3159] DEBUG io.netty.buffer.PooledByteBufAllocator - -Dio.netty.allocator.maxOrder: 9
2022-06-24 11:56:34.432 [main][3159] DEBUG io.netty.buffer.PooledByteBufAllocator - -Dio.netty.allocator.chunkSize: 4194304
2022-06-24 11:56:34.432 [main][3159] DEBUG io.netty.buffer.PooledByteBufAllocator - -Dio.netty.allocator.smallCacheSize: 256
2022-06-24 11:56:34.432 [main][3159] DEBUG io.netty.buffer.PooledByteBufAllocator - -Dio.netty.allocator.normalCacheSize: 64
2022-06-24 11:56:34.433 [main][3160] DEBUG io.netty.buffer.PooledByteBufAllocator - -Dio.netty.allocator.maxCachedBufferCapacity: 32768
2022-06-24 11:56:34.433 [main][3160] DEBUG io.netty.buffer.PooledByteBufAllocator - -Dio.netty.allocator.cacheTrimInterval: 8192
2022-06-24 11:56:34.433 [main][3160] DEBUG io.netty.buffer.PooledByteBufAllocator - -Dio.netty.allocator.cacheTrimIntervalMillis: 0
2022-06-24 11:56:34.433 [main][3160] DEBUG io.netty.buffer.PooledByteBufAllocator - -Dio.netty.allocator.useCacheForAllThreads: false
2022-06-24 11:56:34.433 [main][3160] DEBUG io.netty.buffer.PooledByteBufAllocator - -Dio.netty.allocator.maxCachedByteBuffersPerChunk: 1023
2022-06-24 11:56:34.458 [main][3185] DEBUG io.netty.buffer.ByteBufUtil - -Dio.netty.allocator.type: pooled
2022-06-24 11:56:34.458 [main][3185] DEBUG io.netty.buffer.ByteBufUtil - -Dio.netty.threadLocalDirectBufferSize: 0
2022-06-24 11:56:34.458 [main][3185] DEBUG io.netty.buffer.ByteBufUtil - -Dio.netty.maxThreadLocalCharBufferSize: 16384
2022-06-24 11:56:34.739 [Forwarding newSession on session null to remote][3466] DEBUG io.netty.channel.DefaultChannelId - -Dio.netty.processId: 7397 (auto-detected)
2022-06-24 11:56:34.742 [Forwarding newSession on session null to remote][3469] DEBUG io.netty.util.NetUtil - -Djava.net.preferIPv4Stack: false
2022-06-24 11:56:34.742 [Forwarding newSession on session null to remote][3469] DEBUG io.netty.util.NetUtil - -Djava.net.preferIPv6Addresses: false
2022-06-24 11:56:34.749 [Forwarding newSession on session null to remote][3476] DEBUG io.netty.util.NetUtilInitializations - Loopback interface: lo0 (lo0, 0:0:0:0:0:0:0:1%lo0)
2022-06-24 11:56:34.750 [Forwarding newSession on session null to remote][3477] DEBUG io.netty.util.NetUtil - Failed to get SOMAXCONN from sysctl and file /proc/sys/net/core/somaxconn. Default: 128
2022-06-24 11:56:34.753 [Forwarding newSession on session null to remote][3480] DEBUG io.netty.channel.DefaultChannelId - -Dio.netty.machineId: f0:18:98:ff:fe:8b:3d:ac (auto-detected)
2022-06-24 11:56:34.813 [AsyncHttpClient-1-2][3540] DEBUG io.netty.buffer.AbstractByteBuf - -Dio.netty.buffer.checkAccessible: true
2022-06-24 11:56:34.813 [AsyncHttpClient-1-2][3540] DEBUG io.netty.buffer.AbstractByteBuf - -Dio.netty.buffer.checkBounds: true
2022-06-24 11:56:34.813 [AsyncHttpClient-1-2][3540] DEBUG io.netty.util.ResourceLeakDetectorFactory - Loaded default ResourceLeakDetector: io.netty.util.ResourceLeakDetector@6b18fca6
2022-06-24 11:56:34.838 [AsyncHttpClient-1-2][3565] DEBUG io.netty.util.Recycler - -Dio.netty.recycler.maxCapacityPerThread: 4096
2022-06-24 11:56:34.838 [AsyncHttpClient-1-2][3565] DEBUG io.netty.util.Recycler - -Dio.netty.recycler.ratio: 8
2022-06-24 11:56:34.838 [AsyncHttpClient-1-2][3565] DEBUG io.netty.util.Recycler - -Dio.netty.recycler.chunkSize: 32
2022-06-24 11:56:34.838 [AsyncHttpClient-1-2][3565] DEBUG io.netty.util.Recycler - -Dio.netty.recycler.blocking: false
2022-06-24 11:56:36.126 [AsyncHttpClient-1-2][4853] DEBUG io.netty.handler.codec.compression.Brotli - brotli4j not in the classpath; Brotli support will be unavailable.
2022-06-24 11:56:36.374 [main][5101] DEBUG io.netty.util.internal.ThreadLocalRandom - -Dio.netty.initialSeedUniquifier: 0x990672b0abea3313
2022-06-24 11:56:51.207 [main][19934] INFO  step_definitions.LinkValidationSteps - Closing pop-up window
2022-06-24 11:56:51.369 [main][20096] INFO  step_definitions.LinkValidationSteps - User is in the Home Page
2022-06-24 11:56:52.174 [main][20901] INFO  step_definitions.LinkValidationSteps - user enters a product name into the search field
2022-06-24 11:56:54.930 [main][23657] INFO  step_definitions.LinkValidationSteps - Click on search button
2022-06-24 11:56:55.032 [main][23759] INFO  step_definitions.LinkValidationSteps - User is navigate to search results related to the product
2022-06-24 11:56:55.044 [main][23771] INFO  step_definitions.LinkValidationSteps - A user is in the search result page
