2022-06-23 12:45:43.736 [main][3310] DEBUG io.netty.util.internal.logging.InternalLoggerFactory - Using Log4J2 as the default logging framework
2022-06-23 12:45:43.748 [main][3322] DEBUG io.netty.util.ResourceLeakDetector - -Dio.netty.leakDetection.level: simple
2022-06-23 12:45:43.748 [main][3322] DEBUG io.netty.util.ResourceLeakDetector - -Dio.netty.leakDetection.targetRecords: 4
2022-06-23 12:45:43.754 [main][3328] DEBUG io.netty.util.ResourceLeakDetectorFactory - Loaded default ResourceLeakDetector: io.netty.util.ResourceLeakDetector@14ef2482
2022-06-23 12:45:43.783 [main][3357] DEBUG io.netty.util.internal.PlatformDependent0 - -Dio.netty.noUnsafe: false
2022-06-23 12:45:43.784 [main][3358] DEBUG io.netty.util.internal.PlatformDependent0 - Java version: 11
2022-06-23 12:45:43.786 [main][3360] DEBUG io.netty.util.internal.PlatformDependent0 - sun.misc.Unsafe.theUnsafe: available
2022-06-23 12:45:43.787 [main][3361] DEBUG io.netty.util.internal.PlatformDependent0 - sun.misc.Unsafe.copyMemory: available
2022-06-23 12:45:43.788 [main][3362] DEBUG io.netty.util.internal.PlatformDependent0 - sun.misc.Unsafe.storeFence: available
2022-06-23 12:45:43.788 [main][3362] DEBUG io.netty.util.internal.PlatformDependent0 - java.nio.Buffer.address: available
2022-06-23 12:45:43.789 [main][3363] DEBUG io.netty.util.internal.PlatformDependent0 - direct buffer constructor: unavailable: Reflective setAccessible(true) disabled
2022-06-23 12:45:43.789 [main][3363] DEBUG io.netty.util.internal.PlatformDependent0 - java.nio.Bits.unaligned: available, true
2022-06-23 12:45:43.791 [main][3365] DEBUG io.netty.util.internal.PlatformDependent0 - jdk.internal.misc.Unsafe.allocateUninitializedArray(int): unavailable: class io.netty.util.internal.PlatformDependent0$7 cannot access class jdk.internal.misc.Unsafe (in module java.base) because module java.base does not export jdk.internal.misc to unnamed module @660acfb
2022-06-23 12:45:43.791 [main][3365] DEBUG io.netty.util.internal.PlatformDependent0 - java.nio.DirectByteBuffer.<init>(long, int): unavailable
2022-06-23 12:45:43.791 [main][3365] DEBUG io.netty.util.internal.PlatformDependent - sun.misc.Unsafe: available
2022-06-23 12:45:43.792 [main][3366] DEBUG io.netty.util.internal.PlatformDependent - maxDirectMemory: 2147483648 bytes (maybe)
2022-06-23 12:45:43.792 [main][3366] DEBUG io.netty.util.internal.PlatformDependent - -Dio.netty.tmpdir: /var/folders/03/72hdn4qx7nj7g7kkk2s_2bcr0000gn/T (java.io.tmpdir)
2022-06-23 12:45:43.792 [main][3366] DEBUG io.netty.util.internal.PlatformDependent - -Dio.netty.bitMode: 64 (sun.arch.data.model)
2022-06-23 12:45:43.792 [main][3366] DEBUG io.netty.util.internal.PlatformDependent - Platform: MacOS
2022-06-23 12:45:43.794 [main][3368] DEBUG io.netty.util.internal.PlatformDependent - -Dio.netty.maxDirectMemory: -1 bytes
2022-06-23 12:45:43.794 [main][3368] DEBUG io.netty.util.internal.PlatformDependent - -Dio.netty.uninitializedArrayAllocationThreshold: -1
2022-06-23 12:45:43.794 [main][3368] DEBUG io.netty.util.internal.CleanerJava9 - java.nio.ByteBuffer.cleaner(): available
2022-06-23 12:45:43.795 [main][3369] DEBUG io.netty.util.internal.PlatformDependent - -Dio.netty.noPreferDirect: false
2022-06-23 12:45:43.802 [main][3376] DEBUG io.netty.util.internal.PlatformDependent - org.jctools-core.MpscChunkedArrayQueue: available
2022-06-23 12:45:43.836 [main][3410] DEBUG io.netty.util.internal.InternalThreadLocalMap - -Dio.netty.threadLocalMap.stringBuilder.initialSize: 1024
2022-06-23 12:45:43.836 [main][3410] DEBUG io.netty.util.internal.InternalThreadLocalMap - -Dio.netty.threadLocalMap.stringBuilder.maxSize: 4096
2022-06-23 12:45:43.868 [main][3442] DEBUG io.netty.handler.ssl.JdkSslContext - Default protocols (JDK): [TLSv1.3, TLSv1.2, TLSv1.1, TLSv1] 
2022-06-23 12:45:43.868 [main][3442] DEBUG io.netty.handler.ssl.JdkSslContext - Default cipher suites (JDK): [TLS_ECDHE_ECDSA_WITH_AES_256_GCM_SHA384, TLS_ECDHE_ECDSA_WITH_AES_128_GCM_SHA256, TLS_ECDHE_RSA_WITH_AES_128_GCM_SHA256, TLS_ECDHE_RSA_WITH_AES_256_GCM_SHA384, TLS_ECDHE_RSA_WITH_AES_128_CBC_SHA, TLS_ECDHE_RSA_WITH_AES_256_CBC_SHA, TLS_RSA_WITH_AES_128_GCM_SHA256, TLS_RSA_WITH_AES_128_CBC_SHA, TLS_RSA_WITH_AES_256_CBC_SHA, TLS_AES_128_GCM_SHA256, TLS_AES_256_GCM_SHA384]
2022-06-23 12:45:43.900 [main][3474] DEBUG io.netty.channel.MultithreadEventLoopGroup - -Dio.netty.eventLoopThreads: 8
2022-06-23 12:45:43.911 [main][3485] DEBUG io.netty.channel.nio.NioEventLoop - -Dio.netty.noKeySetOptimization: false
2022-06-23 12:45:43.911 [main][3485] DEBUG io.netty.channel.nio.NioEventLoop - -Dio.netty.selectorAutoRebuildThreshold: 512
2022-06-23 12:45:43.980 [main][3554] DEBUG io.netty.buffer.PooledByteBufAllocator - -Dio.netty.allocator.numHeapArenas: 8
2022-06-23 12:45:43.985 [main][3559] DEBUG io.netty.buffer.PooledByteBufAllocator - -Dio.netty.allocator.numDirectArenas: 8
2022-06-23 12:45:43.985 [main][3559] DEBUG io.netty.buffer.PooledByteBufAllocator - -Dio.netty.allocator.pageSize: 8192
2022-06-23 12:45:43.985 [main][3559] DEBUG io.netty.buffer.PooledByteBufAllocator - -Dio.netty.allocator.maxOrder: 9
2022-06-23 12:45:43.985 [main][3559] DEBUG io.netty.buffer.PooledByteBufAllocator - -Dio.netty.allocator.chunkSize: 4194304
2022-06-23 12:45:43.985 [main][3559] DEBUG io.netty.buffer.PooledByteBufAllocator - -Dio.netty.allocator.smallCacheSize: 256
2022-06-23 12:45:43.985 [main][3559] DEBUG io.netty.buffer.PooledByteBufAllocator - -Dio.netty.allocator.normalCacheSize: 64
2022-06-23 12:45:43.985 [main][3559] DEBUG io.netty.buffer.PooledByteBufAllocator - -Dio.netty.allocator.maxCachedBufferCapacity: 32768
2022-06-23 12:45:43.985 [main][3559] DEBUG io.netty.buffer.PooledByteBufAllocator - -Dio.netty.allocator.cacheTrimInterval: 8192
2022-06-23 12:45:43.986 [main][3560] DEBUG io.netty.buffer.PooledByteBufAllocator - -Dio.netty.allocator.cacheTrimIntervalMillis: 0
2022-06-23 12:45:43.986 [main][3560] DEBUG io.netty.buffer.PooledByteBufAllocator - -Dio.netty.allocator.useCacheForAllThreads: false
2022-06-23 12:45:43.986 [main][3560] DEBUG io.netty.buffer.PooledByteBufAllocator - -Dio.netty.allocator.maxCachedByteBuffersPerChunk: 1023
2022-06-23 12:45:44.006 [main][3580] DEBUG io.netty.buffer.ByteBufUtil - -Dio.netty.allocator.type: pooled
2022-06-23 12:45:44.006 [main][3580] DEBUG io.netty.buffer.ByteBufUtil - -Dio.netty.threadLocalDirectBufferSize: 0
2022-06-23 12:45:44.006 [main][3580] DEBUG io.netty.buffer.ByteBufUtil - -Dio.netty.maxThreadLocalCharBufferSize: 16384
2022-06-23 12:45:44.331 [Forwarding newSession on session null to remote][3905] DEBUG io.netty.channel.DefaultChannelId - -Dio.netty.processId: 4378 (auto-detected)
2022-06-23 12:45:44.334 [Forwarding newSession on session null to remote][3908] DEBUG io.netty.util.NetUtil - -Djava.net.preferIPv4Stack: false
2022-06-23 12:45:44.334 [Forwarding newSession on session null to remote][3908] DEBUG io.netty.util.NetUtil - -Djava.net.preferIPv6Addresses: false
2022-06-23 12:45:44.345 [Forwarding newSession on session null to remote][3919] DEBUG io.netty.util.NetUtilInitializations - Loopback interface: lo0 (lo0, 0:0:0:0:0:0:0:1%lo0)
2022-06-23 12:45:44.346 [Forwarding newSession on session null to remote][3920] DEBUG io.netty.util.NetUtil - Failed to get SOMAXCONN from sysctl and file /proc/sys/net/core/somaxconn. Default: 128
2022-06-23 12:45:44.349 [Forwarding newSession on session null to remote][3923] DEBUG io.netty.channel.DefaultChannelId - -Dio.netty.machineId: f0:18:98:ff:fe:8b:3d:ac (auto-detected)
2022-06-23 12:45:44.425 [AsyncHttpClient-1-2][3999] DEBUG io.netty.buffer.AbstractByteBuf - -Dio.netty.buffer.checkAccessible: true
2022-06-23 12:45:44.425 [AsyncHttpClient-1-2][3999] DEBUG io.netty.buffer.AbstractByteBuf - -Dio.netty.buffer.checkBounds: true
2022-06-23 12:45:44.426 [AsyncHttpClient-1-2][4000] DEBUG io.netty.util.ResourceLeakDetectorFactory - Loaded default ResourceLeakDetector: io.netty.util.ResourceLeakDetector@6b76cf33
2022-06-23 12:45:44.460 [AsyncHttpClient-1-2][4034] DEBUG io.netty.util.Recycler - -Dio.netty.recycler.maxCapacityPerThread: 4096
2022-06-23 12:45:44.461 [AsyncHttpClient-1-2][4035] DEBUG io.netty.util.Recycler - -Dio.netty.recycler.ratio: 8
2022-06-23 12:45:44.461 [AsyncHttpClient-1-2][4035] DEBUG io.netty.util.Recycler - -Dio.netty.recycler.chunkSize: 32
2022-06-23 12:45:44.461 [AsyncHttpClient-1-2][4035] DEBUG io.netty.util.Recycler - -Dio.netty.recycler.blocking: false
2022-06-23 12:45:45.729 [AsyncHttpClient-1-2][5303] DEBUG io.netty.handler.codec.compression.Brotli - brotli4j not in the classpath; Brotli support will be unavailable.
2022-06-23 12:45:45.935 [main][5509] DEBUG io.netty.util.internal.ThreadLocalRandom - -Dio.netty.initialSeedUniquifier: 0xfddbdcd4a10c131c
2022-06-23 12:46:00.345 [main][19919] INFO  step_definitions.LinkValidationSteps - User is in the Home Page
2022-06-23 12:46:01.876 [main][21450] INFO  step_definitions.LinkValidationSteps - User clicked the Furniture link
2022-06-23 12:46:02.033 [main][21607] INFO  step_definitions.LinkValidationSteps - User is navigated to Furniture page
2022-06-23 12:46:18.399 [main][37973] INFO  step_definitions.LinkValidationSteps - User is in the Home Page
2022-06-23 12:46:19.908 [main][39482] INFO  step_definitions.LinkValidationSteps - User clicks the Notifications link
