2022-06-25 12:54:58.308 [main][3040] DEBUG io.netty.util.internal.logging.InternalLoggerFactory - Using Log4J2 as the default logging framework
2022-06-25 12:54:58.317 [main][3049] DEBUG io.netty.util.ResourceLeakDetector - -Dio.netty.leakDetection.level: simple
2022-06-25 12:54:58.318 [main][3050] DEBUG io.netty.util.ResourceLeakDetector - -Dio.netty.leakDetection.targetRecords: 4
2022-06-25 12:54:58.322 [main][3054] DEBUG io.netty.util.ResourceLeakDetectorFactory - Loaded default ResourceLeakDetector: io.netty.util.ResourceLeakDetector@6944e53e
2022-06-25 12:54:58.344 [main][3076] DEBUG io.netty.util.internal.PlatformDependent0 - -Dio.netty.noUnsafe: false
2022-06-25 12:54:58.345 [main][3077] DEBUG io.netty.util.internal.PlatformDependent0 - Java version: 11
2022-06-25 12:54:58.347 [main][3079] DEBUG io.netty.util.internal.PlatformDependent0 - sun.misc.Unsafe.theUnsafe: available
2022-06-25 12:54:58.347 [main][3079] DEBUG io.netty.util.internal.PlatformDependent0 - sun.misc.Unsafe.copyMemory: available
2022-06-25 12:54:58.348 [main][3080] DEBUG io.netty.util.internal.PlatformDependent0 - sun.misc.Unsafe.storeFence: available
2022-06-25 12:54:58.349 [main][3081] DEBUG io.netty.util.internal.PlatformDependent0 - java.nio.Buffer.address: available
2022-06-25 12:54:58.350 [main][3082] DEBUG io.netty.util.internal.PlatformDependent0 - direct buffer constructor: unavailable: Reflective setAccessible(true) disabled
2022-06-25 12:54:58.351 [main][3083] DEBUG io.netty.util.internal.PlatformDependent0 - java.nio.Bits.unaligned: available, true
2022-06-25 12:54:58.352 [main][3084] DEBUG io.netty.util.internal.PlatformDependent0 - jdk.internal.misc.Unsafe.allocateUninitializedArray(int): unavailable: class io.netty.util.internal.PlatformDependent0$7 cannot access class jdk.internal.misc.Unsafe (in module java.base) because module java.base does not export jdk.internal.misc to unnamed module @41330d4f
2022-06-25 12:54:58.353 [main][3085] DEBUG io.netty.util.internal.PlatformDependent0 - java.nio.DirectByteBuffer.<init>(long, int): unavailable
2022-06-25 12:54:58.353 [main][3085] DEBUG io.netty.util.internal.PlatformDependent - sun.misc.Unsafe: available
2022-06-25 12:54:58.353 [main][3085] DEBUG io.netty.util.internal.PlatformDependent - maxDirectMemory: 2147483648 bytes (maybe)
2022-06-25 12:54:58.354 [main][3086] DEBUG io.netty.util.internal.PlatformDependent - -Dio.netty.tmpdir: /var/folders/03/72hdn4qx7nj7g7kkk2s_2bcr0000gn/T (java.io.tmpdir)
2022-06-25 12:54:58.354 [main][3086] DEBUG io.netty.util.internal.PlatformDependent - -Dio.netty.bitMode: 64 (sun.arch.data.model)
2022-06-25 12:54:58.354 [main][3086] DEBUG io.netty.util.internal.PlatformDependent - Platform: MacOS
2022-06-25 12:54:58.355 [main][3087] DEBUG io.netty.util.internal.PlatformDependent - -Dio.netty.maxDirectMemory: -1 bytes
2022-06-25 12:54:58.355 [main][3087] DEBUG io.netty.util.internal.PlatformDependent - -Dio.netty.uninitializedArrayAllocationThreshold: -1
2022-06-25 12:54:58.356 [main][3088] DEBUG io.netty.util.internal.CleanerJava9 - java.nio.ByteBuffer.cleaner(): available
2022-06-25 12:54:58.356 [main][3088] DEBUG io.netty.util.internal.PlatformDependent - -Dio.netty.noPreferDirect: false
2022-06-25 12:54:58.362 [main][3094] DEBUG io.netty.util.internal.PlatformDependent - org.jctools-core.MpscChunkedArrayQueue: available
2022-06-25 12:54:58.392 [main][3124] DEBUG io.netty.util.internal.InternalThreadLocalMap - -Dio.netty.threadLocalMap.stringBuilder.initialSize: 1024
2022-06-25 12:54:58.392 [main][3124] DEBUG io.netty.util.internal.InternalThreadLocalMap - -Dio.netty.threadLocalMap.stringBuilder.maxSize: 4096
2022-06-25 12:54:58.417 [main][3149] DEBUG io.netty.handler.ssl.JdkSslContext - Default protocols (JDK): [TLSv1.3, TLSv1.2, TLSv1.1, TLSv1] 
2022-06-25 12:54:58.417 [main][3149] DEBUG io.netty.handler.ssl.JdkSslContext - Default cipher suites (JDK): [TLS_ECDHE_ECDSA_WITH_AES_256_GCM_SHA384, TLS_ECDHE_ECDSA_WITH_AES_128_GCM_SHA256, TLS_ECDHE_RSA_WITH_AES_128_GCM_SHA256, TLS_ECDHE_RSA_WITH_AES_256_GCM_SHA384, TLS_ECDHE_RSA_WITH_AES_128_CBC_SHA, TLS_ECDHE_RSA_WITH_AES_256_CBC_SHA, TLS_RSA_WITH_AES_128_GCM_SHA256, TLS_RSA_WITH_AES_128_CBC_SHA, TLS_RSA_WITH_AES_256_CBC_SHA, TLS_AES_128_GCM_SHA256, TLS_AES_256_GCM_SHA384]
2022-06-25 12:54:58.449 [main][3181] DEBUG io.netty.channel.MultithreadEventLoopGroup - -Dio.netty.eventLoopThreads: 8
2022-06-25 12:54:58.458 [main][3190] DEBUG io.netty.channel.nio.NioEventLoop - -Dio.netty.noKeySetOptimization: false
2022-06-25 12:54:58.458 [main][3190] DEBUG io.netty.channel.nio.NioEventLoop - -Dio.netty.selectorAutoRebuildThreshold: 512
2022-06-25 12:54:58.510 [main][3242] DEBUG io.netty.buffer.PooledByteBufAllocator - -Dio.netty.allocator.numHeapArenas: 8
2022-06-25 12:54:58.510 [main][3242] DEBUG io.netty.buffer.PooledByteBufAllocator - -Dio.netty.allocator.numDirectArenas: 8
2022-06-25 12:54:58.510 [main][3242] DEBUG io.netty.buffer.PooledByteBufAllocator - -Dio.netty.allocator.pageSize: 8192
2022-06-25 12:54:58.510 [main][3242] DEBUG io.netty.buffer.PooledByteBufAllocator - -Dio.netty.allocator.maxOrder: 9
2022-06-25 12:54:58.510 [main][3242] DEBUG io.netty.buffer.PooledByteBufAllocator - -Dio.netty.allocator.chunkSize: 4194304
2022-06-25 12:54:58.510 [main][3242] DEBUG io.netty.buffer.PooledByteBufAllocator - -Dio.netty.allocator.smallCacheSize: 256
2022-06-25 12:54:58.510 [main][3242] DEBUG io.netty.buffer.PooledByteBufAllocator - -Dio.netty.allocator.normalCacheSize: 64
2022-06-25 12:54:58.511 [main][3243] DEBUG io.netty.buffer.PooledByteBufAllocator - -Dio.netty.allocator.maxCachedBufferCapacity: 32768
2022-06-25 12:54:58.511 [main][3243] DEBUG io.netty.buffer.PooledByteBufAllocator - -Dio.netty.allocator.cacheTrimInterval: 8192
2022-06-25 12:54:58.511 [main][3243] DEBUG io.netty.buffer.PooledByteBufAllocator - -Dio.netty.allocator.cacheTrimIntervalMillis: 0
2022-06-25 12:54:58.511 [main][3243] DEBUG io.netty.buffer.PooledByteBufAllocator - -Dio.netty.allocator.useCacheForAllThreads: false
2022-06-25 12:54:58.511 [main][3243] DEBUG io.netty.buffer.PooledByteBufAllocator - -Dio.netty.allocator.maxCachedByteBuffersPerChunk: 1023
2022-06-25 12:54:58.527 [main][3259] DEBUG io.netty.buffer.ByteBufUtil - -Dio.netty.allocator.type: pooled
2022-06-25 12:54:58.527 [main][3259] DEBUG io.netty.buffer.ByteBufUtil - -Dio.netty.threadLocalDirectBufferSize: 0
2022-06-25 12:54:58.527 [main][3259] DEBUG io.netty.buffer.ByteBufUtil - -Dio.netty.maxThreadLocalCharBufferSize: 16384
2022-06-25 12:54:58.833 [Forwarding newSession on session null to remote][3565] DEBUG io.netty.channel.DefaultChannelId - -Dio.netty.processId: 13293 (auto-detected)
2022-06-25 12:54:58.835 [Forwarding newSession on session null to remote][3567] DEBUG io.netty.util.NetUtil - -Djava.net.preferIPv4Stack: false
2022-06-25 12:54:58.836 [Forwarding newSession on session null to remote][3568] DEBUG io.netty.util.NetUtil - -Djava.net.preferIPv6Addresses: false
2022-06-25 12:54:58.842 [Forwarding newSession on session null to remote][3574] DEBUG io.netty.util.NetUtilInitializations - Loopback interface: lo0 (lo0, 0:0:0:0:0:0:0:1%lo0)
2022-06-25 12:54:58.843 [Forwarding newSession on session null to remote][3575] DEBUG io.netty.util.NetUtil - Failed to get SOMAXCONN from sysctl and file /proc/sys/net/core/somaxconn. Default: 128
2022-06-25 12:54:58.846 [Forwarding newSession on session null to remote][3578] DEBUG io.netty.channel.DefaultChannelId - -Dio.netty.machineId: f0:18:98:ff:fe:8b:3d:ac (auto-detected)
2022-06-25 12:54:58.923 [AsyncHttpClient-1-2][3655] DEBUG io.netty.buffer.AbstractByteBuf - -Dio.netty.buffer.checkAccessible: true
2022-06-25 12:54:58.923 [AsyncHttpClient-1-2][3655] DEBUG io.netty.buffer.AbstractByteBuf - -Dio.netty.buffer.checkBounds: true
2022-06-25 12:54:58.923 [AsyncHttpClient-1-2][3655] DEBUG io.netty.util.ResourceLeakDetectorFactory - Loaded default ResourceLeakDetector: io.netty.util.ResourceLeakDetector@77a8f3d3
2022-06-25 12:54:58.950 [AsyncHttpClient-1-2][3682] DEBUG io.netty.util.Recycler - -Dio.netty.recycler.maxCapacityPerThread: 4096
2022-06-25 12:54:58.951 [AsyncHttpClient-1-2][3683] DEBUG io.netty.util.Recycler - -Dio.netty.recycler.ratio: 8
2022-06-25 12:54:58.951 [AsyncHttpClient-1-2][3683] DEBUG io.netty.util.Recycler - -Dio.netty.recycler.chunkSize: 32
2022-06-25 12:54:58.951 [AsyncHttpClient-1-2][3683] DEBUG io.netty.util.Recycler - -Dio.netty.recycler.blocking: false
2022-06-25 12:55:00.559 [AsyncHttpClient-1-2][5291] DEBUG io.netty.handler.codec.compression.Brotli - brotli4j not in the classpath; Brotli support will be unavailable.
2022-06-25 12:55:00.860 [main][5592] DEBUG io.netty.util.internal.ThreadLocalRandom - -Dio.netty.initialSeedUniquifier: 0xe96d4ec67f1d02b2
2022-06-25 12:55:08.571 [main][13303] INFO  step_definitions.LoginSteps - User is in the Login Page
2022-06-25 12:55:24.096 [main][28828] INFO  step_definitions.LoginSteps - User has entered valid credentials
2022-06-25 12:55:24.202 [main][28934] INFO  step_definitions.LoginSteps - User clicked on Login Button
