2022-06-22 23:08:26.639 [main][2972] DEBUG io.netty.util.internal.logging.InternalLoggerFactory - Using Log4J2 as the default logging framework
2022-06-22 23:08:26.651 [main][2984] DEBUG io.netty.util.ResourceLeakDetector - -Dio.netty.leakDetection.level: simple
2022-06-22 23:08:26.651 [main][2984] DEBUG io.netty.util.ResourceLeakDetector - -Dio.netty.leakDetection.targetRecords: 4
2022-06-22 23:08:26.657 [main][2990] DEBUG io.netty.util.ResourceLeakDetectorFactory - Loaded default ResourceLeakDetector: io.netty.util.ResourceLeakDetector@442f92e6
2022-06-22 23:08:26.679 [main][3012] DEBUG io.netty.util.internal.PlatformDependent0 - -Dio.netty.noUnsafe: false
2022-06-22 23:08:26.679 [main][3012] DEBUG io.netty.util.internal.PlatformDependent0 - Java version: 11
2022-06-22 23:08:26.681 [main][3014] DEBUG io.netty.util.internal.PlatformDependent0 - sun.misc.Unsafe.theUnsafe: available
2022-06-22 23:08:26.682 [main][3015] DEBUG io.netty.util.internal.PlatformDependent0 - sun.misc.Unsafe.copyMemory: available
2022-06-22 23:08:26.682 [main][3015] DEBUG io.netty.util.internal.PlatformDependent0 - sun.misc.Unsafe.storeFence: available
2022-06-22 23:08:26.683 [main][3016] DEBUG io.netty.util.internal.PlatformDependent0 - java.nio.Buffer.address: available
2022-06-22 23:08:26.683 [main][3016] DEBUG io.netty.util.internal.PlatformDependent0 - direct buffer constructor: unavailable: Reflective setAccessible(true) disabled
2022-06-22 23:08:26.684 [main][3017] DEBUG io.netty.util.internal.PlatformDependent0 - java.nio.Bits.unaligned: available, true
2022-06-22 23:08:26.686 [main][3019] DEBUG io.netty.util.internal.PlatformDependent0 - jdk.internal.misc.Unsafe.allocateUninitializedArray(int): unavailable: class io.netty.util.internal.PlatformDependent0$7 cannot access class jdk.internal.misc.Unsafe (in module java.base) because module java.base does not export jdk.internal.misc to unnamed module @3bd82cf5
2022-06-22 23:08:26.688 [main][3021] DEBUG io.netty.util.internal.PlatformDependent0 - java.nio.DirectByteBuffer.<init>(long, int): unavailable
2022-06-22 23:08:26.688 [main][3021] DEBUG io.netty.util.internal.PlatformDependent - sun.misc.Unsafe: available
2022-06-22 23:08:26.688 [main][3021] DEBUG io.netty.util.internal.PlatformDependent - maxDirectMemory: 2147483648 bytes (maybe)
2022-06-22 23:08:26.688 [main][3021] DEBUG io.netty.util.internal.PlatformDependent - -Dio.netty.tmpdir: /var/folders/03/72hdn4qx7nj7g7kkk2s_2bcr0000gn/T (java.io.tmpdir)
2022-06-22 23:08:26.688 [main][3021] DEBUG io.netty.util.internal.PlatformDependent - -Dio.netty.bitMode: 64 (sun.arch.data.model)
2022-06-22 23:08:26.689 [main][3022] DEBUG io.netty.util.internal.PlatformDependent - Platform: MacOS
2022-06-22 23:08:26.689 [main][3022] DEBUG io.netty.util.internal.PlatformDependent - -Dio.netty.maxDirectMemory: -1 bytes
2022-06-22 23:08:26.690 [main][3023] DEBUG io.netty.util.internal.PlatformDependent - -Dio.netty.uninitializedArrayAllocationThreshold: -1
2022-06-22 23:08:26.691 [main][3024] DEBUG io.netty.util.internal.CleanerJava9 - java.nio.ByteBuffer.cleaner(): available
2022-06-22 23:08:26.691 [main][3024] DEBUG io.netty.util.internal.PlatformDependent - -Dio.netty.noPreferDirect: false
2022-06-22 23:08:26.698 [main][3031] DEBUG io.netty.util.internal.PlatformDependent - org.jctools-core.MpscChunkedArrayQueue: available
2022-06-22 23:08:26.734 [main][3067] DEBUG io.netty.util.internal.InternalThreadLocalMap - -Dio.netty.threadLocalMap.stringBuilder.initialSize: 1024
2022-06-22 23:08:26.734 [main][3067] DEBUG io.netty.util.internal.InternalThreadLocalMap - -Dio.netty.threadLocalMap.stringBuilder.maxSize: 4096
2022-06-22 23:08:26.794 [main][3127] DEBUG io.netty.handler.ssl.JdkSslContext - Default protocols (JDK): [TLSv1.3, TLSv1.2, TLSv1.1, TLSv1] 
2022-06-22 23:08:26.794 [main][3127] DEBUG io.netty.handler.ssl.JdkSslContext - Default cipher suites (JDK): [TLS_ECDHE_ECDSA_WITH_AES_256_GCM_SHA384, TLS_ECDHE_ECDSA_WITH_AES_128_GCM_SHA256, TLS_ECDHE_RSA_WITH_AES_128_GCM_SHA256, TLS_ECDHE_RSA_WITH_AES_256_GCM_SHA384, TLS_ECDHE_RSA_WITH_AES_128_CBC_SHA, TLS_ECDHE_RSA_WITH_AES_256_CBC_SHA, TLS_RSA_WITH_AES_128_GCM_SHA256, TLS_RSA_WITH_AES_128_CBC_SHA, TLS_RSA_WITH_AES_256_CBC_SHA, TLS_AES_128_GCM_SHA256, TLS_AES_256_GCM_SHA384]
2022-06-22 23:08:26.838 [main][3171] DEBUG io.netty.channel.MultithreadEventLoopGroup - -Dio.netty.eventLoopThreads: 8
2022-06-22 23:08:26.849 [main][3182] DEBUG io.netty.channel.nio.NioEventLoop - -Dio.netty.noKeySetOptimization: false
2022-06-22 23:08:26.849 [main][3182] DEBUG io.netty.channel.nio.NioEventLoop - -Dio.netty.selectorAutoRebuildThreshold: 512
2022-06-22 23:08:26.897 [main][3230] DEBUG io.netty.buffer.PooledByteBufAllocator - -Dio.netty.allocator.numHeapArenas: 8
2022-06-22 23:08:26.897 [main][3230] DEBUG io.netty.buffer.PooledByteBufAllocator - -Dio.netty.allocator.numDirectArenas: 8
2022-06-22 23:08:26.898 [main][3231] DEBUG io.netty.buffer.PooledByteBufAllocator - -Dio.netty.allocator.pageSize: 8192
2022-06-22 23:08:26.898 [main][3231] DEBUG io.netty.buffer.PooledByteBufAllocator - -Dio.netty.allocator.maxOrder: 9
2022-06-22 23:08:26.898 [main][3231] DEBUG io.netty.buffer.PooledByteBufAllocator - -Dio.netty.allocator.chunkSize: 4194304
2022-06-22 23:08:26.898 [main][3231] DEBUG io.netty.buffer.PooledByteBufAllocator - -Dio.netty.allocator.smallCacheSize: 256
2022-06-22 23:08:26.898 [main][3231] DEBUG io.netty.buffer.PooledByteBufAllocator - -Dio.netty.allocator.normalCacheSize: 64
2022-06-22 23:08:26.898 [main][3231] DEBUG io.netty.buffer.PooledByteBufAllocator - -Dio.netty.allocator.maxCachedBufferCapacity: 32768
2022-06-22 23:08:26.898 [main][3231] DEBUG io.netty.buffer.PooledByteBufAllocator - -Dio.netty.allocator.cacheTrimInterval: 8192
2022-06-22 23:08:26.898 [main][3231] DEBUG io.netty.buffer.PooledByteBufAllocator - -Dio.netty.allocator.cacheTrimIntervalMillis: 0
2022-06-22 23:08:26.898 [main][3231] DEBUG io.netty.buffer.PooledByteBufAllocator - -Dio.netty.allocator.useCacheForAllThreads: false
2022-06-22 23:08:26.898 [main][3231] DEBUG io.netty.buffer.PooledByteBufAllocator - -Dio.netty.allocator.maxCachedByteBuffersPerChunk: 1023
2022-06-22 23:08:26.912 [main][3245] DEBUG io.netty.buffer.ByteBufUtil - -Dio.netty.allocator.type: pooled
2022-06-22 23:08:26.913 [main][3246] DEBUG io.netty.buffer.ByteBufUtil - -Dio.netty.threadLocalDirectBufferSize: 0
2022-06-22 23:08:26.913 [main][3246] DEBUG io.netty.buffer.ByteBufUtil - -Dio.netty.maxThreadLocalCharBufferSize: 16384
2022-06-22 23:08:27.249 [Forwarding newSession on session null to remote][3582] DEBUG io.netty.channel.DefaultChannelId - -Dio.netty.processId: 23220 (auto-detected)
2022-06-22 23:08:27.253 [Forwarding newSession on session null to remote][3586] DEBUG io.netty.util.NetUtil - -Djava.net.preferIPv4Stack: false
2022-06-22 23:08:27.253 [Forwarding newSession on session null to remote][3586] DEBUG io.netty.util.NetUtil - -Djava.net.preferIPv6Addresses: false
2022-06-22 23:08:27.263 [Forwarding newSession on session null to remote][3596] DEBUG io.netty.util.NetUtilInitializations - Loopback interface: lo0 (lo0, 0:0:0:0:0:0:0:1%lo0)
2022-06-22 23:08:27.264 [Forwarding newSession on session null to remote][3597] DEBUG io.netty.util.NetUtil - Failed to get SOMAXCONN from sysctl and file /proc/sys/net/core/somaxconn. Default: 128
2022-06-22 23:08:27.268 [Forwarding newSession on session null to remote][3601] DEBUG io.netty.channel.DefaultChannelId - -Dio.netty.machineId: f0:18:98:ff:fe:8b:3d:ac (auto-detected)
2022-06-22 23:08:27.372 [AsyncHttpClient-1-2][3705] DEBUG io.netty.buffer.AbstractByteBuf - -Dio.netty.buffer.checkAccessible: true
2022-06-22 23:08:27.373 [AsyncHttpClient-1-2][3706] DEBUG io.netty.buffer.AbstractByteBuf - -Dio.netty.buffer.checkBounds: true
2022-06-22 23:08:27.373 [AsyncHttpClient-1-2][3706] DEBUG io.netty.util.ResourceLeakDetectorFactory - Loaded default ResourceLeakDetector: io.netty.util.ResourceLeakDetector@344592fb
2022-06-22 23:08:27.408 [AsyncHttpClient-1-2][3741] DEBUG io.netty.util.Recycler - -Dio.netty.recycler.maxCapacityPerThread: 4096
2022-06-22 23:08:27.408 [AsyncHttpClient-1-2][3741] DEBUG io.netty.util.Recycler - -Dio.netty.recycler.ratio: 8
2022-06-22 23:08:27.408 [AsyncHttpClient-1-2][3741] DEBUG io.netty.util.Recycler - -Dio.netty.recycler.chunkSize: 32
2022-06-22 23:08:27.409 [AsyncHttpClient-1-2][3742] DEBUG io.netty.util.Recycler - -Dio.netty.recycler.blocking: false
2022-06-22 23:08:29.212 [AsyncHttpClient-1-2][5545] DEBUG io.netty.handler.codec.compression.Brotli - brotli4j not in the classpath; Brotli support will be unavailable.
2022-06-22 23:08:29.508 [main][5841] DEBUG io.netty.util.internal.ThreadLocalRandom - -Dio.netty.initialSeedUniquifier: 0x4acfc12e3a665b51
